TN:
SF:app/layout.tsx
FN:11,RootLayout
FNF:1
FNH:0
FNDA:0,RootLayout
DA:6,0
DA:16,0
DA:18,0
LF:3
LH:0
BRF:0
BRH:0
end_of_record
TN:
SF:app/page.tsx
FN:3,RootPage
FNF:1
FNH:0
FNDA:0,RootPage
DA:4,0
LF:1
LH:0
BRF:0
BRH:0
end_of_record
TN:
SF:app/(dashboard)/layout.tsx
FN:6,DashboardLayout
FN:13,(anonymous_1)
FNF:2
FNH:0
FNDA:0,DashboardLayout
FNDA:0,(anonymous_1)
DA:11,0
DA:14,0
DA:15,0
DA:19,0
LF:4
LH:0
BRDA:32,0,0,0
BRDA:32,0,1,0
BRF:2
BRH:0
end_of_record
TN:
SF:app/(dashboard)/cart/loading.tsx
FNF:0
FNH:0
LF:0
LH:0
BRF:0
BRH:0
end_of_record
TN:
SF:app/(dashboard)/cart/page.tsx
FN:26,CartPage
FN:33,(anonymous_1)
FN:38,(anonymous_2)
FN:45,(anonymous_3)
FN:53,(anonymous_4)
FN:56,(anonymous_5)
FN:56,(anonymous_6)
FN:63,(anonymous_7)
FN:75,(anonymous_8)
FN:76,(anonymous_9)
FN:107,(anonymous_10)
FN:125,(anonymous_11)
FN:140,(anonymous_12)
FN:162,(anonymous_13)
FN:177,(anonymous_14)
FNF:15
FNH:0
FNDA:0,CartPage
FNDA:0,(anonymous_1)
FNDA:0,(anonymous_2)
FNDA:0,(anonymous_3)
FNDA:0,(anonymous_4)
FNDA:0,(anonymous_5)
FNDA:0,(anonymous_6)
FNDA:0,(anonymous_7)
FNDA:0,(anonymous_8)
FNDA:0,(anonymous_9)
FNDA:0,(anonymous_10)
FNDA:0,(anonymous_11)
FNDA:0,(anonymous_12)
FNDA:0,(anonymous_13)
FNDA:0,(anonymous_14)
DA:1,0
DA:27,0
DA:28,0
DA:29,0
DA:30,0
DA:31,0
DA:33,0
DA:34,0
DA:35,0
DA:38,0
DA:39,0
DA:40,0
DA:41,0
DA:45,0
DA:46,0
DA:47,0
DA:48,0
DA:50,0
DA:53,0
DA:54,0
DA:55,0
DA:56,0
DA:57,0
DA:59,0
DA:63,0
DA:64,0
DA:65,0
DA:66,0
DA:67,0
DA:68,0
DA:69,0
DA:71,0
DA:75,0
DA:76,0
DA:78,0
DA:80,0
DA:107,0
DA:126,0
DA:140,0
DA:163,0
DA:177,0
LF:41
LH:0
BRDA:40,0,0,0
BRDA:40,0,1,0
BRDA:40,1,0,0
BRDA:40,1,1,0
BRDA:47,2,0,0
BRDA:47,2,1,0
BRDA:47,3,0,0
BRDA:47,3,1,0
BRDA:55,4,0,0
BRDA:55,4,1,0
BRDA:67,5,0,0
BRDA:67,5,1,0
BRDA:71,6,0,0
BRDA:71,6,1,0
BRDA:78,7,0,0
BRDA:78,7,1,0
BRDA:88,8,0,0
BRDA:88,8,1,0
BRDA:100,9,0,0
BRDA:100,9,1,0
BRDA:113,10,0,0
BRDA:113,10,1,0
BRDA:129,11,0,0
BRDA:129,11,1,0
BRDA:150,12,0,0
BRDA:150,12,1,0
BRDA:166,13,0,0
BRDA:166,13,1,0
BRDA:170,14,0,0
BRDA:170,14,1,0
BRDA:194,15,0,0
BRDA:194,15,1,0
BRF:32
BRH:0
end_of_record
TN:
SF:app/(dashboard)/dashboard/loading.tsx
FNF:0
FNH:0
LF:0
LH:0
BRF:0
BRH:0
end_of_record
TN:
SF:app/(dashboard)/dashboard/page.tsx
FN:8,DashboardPage
FN:70,(anonymous_1)
FN:104,(anonymous_2)
FN:157,(anonymous_3)
FNF:4
FNH:0
FNDA:0,DashboardPage
FNDA:0,(anonymous_1)
FNDA:0,(anonymous_2)
FNDA:0,(anonymous_3)
DA:9,0
DA:15,0
DA:16,0
DA:19,0
DA:21,0
DA:56,0
DA:71,0
DA:105,0
DA:158,0
LF:9
LH:0
BRDA:15,0,0,0
BRDA:15,0,1,0
BRDA:19,1,0,0
BRDA:19,1,1,0
BRDA:62,2,0,0
BRDA:62,2,1,0
BRDA:103,3,0,0
BRDA:103,3,1,0
BRDA:103,4,0,0
BRDA:103,4,1,0
BRDA:108,5,0,0
BRDA:108,5,1,0
BRDA:138,6,0,0
BRDA:138,6,1,0
BRDA:138,6,2,0
BRDA:156,7,0,0
BRDA:156,7,1,0
BRDA:160,8,0,0
BRDA:160,8,1,0
BRDA:161,9,0,0
BRDA:161,9,1,0
BRF:21
BRH:0
end_of_record
TN:
SF:app/(dashboard)/history/loading.tsx
FNF:0
FNH:0
LF:0
LH:0
BRF:0
BRH:0
end_of_record
TN:
SF:app/(dashboard)/history/page.tsx
FN:21,HistoryPage
FN:32,(anonymous_1)
FN:41,(anonymous_2)
FN:45,(anonymous_3)
FN:49,(anonymous_4)
FN:85,(anonymous_5)
FN:87,(anonymous_6)
FN:97,(anonymous_7)
FN:118,(anonymous_8)
FN:125,(anonymous_9)
FN:164,(anonymous_10)
FNF:11
FNH:0
FNDA:0,HistoryPage
FNDA:0,(anonymous_1)
FNDA:0,(anonymous_2)
FNDA:0,(anonymous_3)
FNDA:0,(anonymous_4)
FNDA:0,(anonymous_5)
FNDA:0,(anonymous_6)
FNDA:0,(anonymous_7)
FNDA:0,(anonymous_8)
FNDA:0,(anonymous_9)
FNDA:0,(anonymous_10)
DA:1,0
DA:22,0
DA:23,0
DA:24,0
DA:25,0
DA:32,0
DA:33,0
DA:34,0
DA:35,0
DA:36,0
DA:38,0
DA:41,0
DA:42,0
DA:45,0
DA:46,0
DA:49,0
DA:50,0
DA:51,0
DA:52,0
DA:55,0
DA:65,0
DA:67,0
DA:85,0
DA:87,0
DA:97,0
DA:118,0
DA:125,0
DA:165,0
LF:28
LH:0
BRDA:32,0,0,0
BRDA:35,1,0,0
BRDA:35,1,1,0
BRDA:36,2,0,0
BRDA:36,2,1,0
BRDA:65,3,0,0
BRDA:65,3,1,0
BRDA:87,4,0,0
BRDA:87,4,1,0
BRDA:145,5,0,0
BRDA:145,5,1,0
BRDA:171,6,0,0
BRDA:171,6,1,0
BRDA:172,7,0,0
BRDA:172,7,1,0
BRDA:176,8,0,0
BRDA:176,8,1,0
BRDA:195,9,0,0
BRDA:195,9,1,0
BRF:19
BRH:0
end_of_record
TN:
SF:app/(dashboard)/inventory/ImportDialog.tsx
FN:20,ImportItemsDialog
FN:27,(anonymous_1)
FN:33,(anonymous_2)
FN:43,(anonymous_3)
FN:47,(anonymous_4)
FN:59,(anonymous_5)
FN:67,(anonymous_6)
FN:95,(anonymous_7)
FN:124,(anonymous_8)
FN:140,(anonymous_9)
FNF:10
FNH:0
FNDA:0,ImportItemsDialog
FNDA:0,(anonymous_1)
FNDA:0,(anonymous_2)
FNDA:0,(anonymous_3)
FNDA:0,(anonymous_4)
FNDA:0,(anonymous_5)
FNDA:0,(anonymous_6)
FNDA:0,(anonymous_7)
FNDA:0,(anonymous_8)
FNDA:0,(anonymous_9)
DA:1,0
DA:21,0
DA:22,0
DA:23,0
DA:24,0
DA:25,0
DA:27,0
DA:28,0
DA:31,0
DA:33,0
DA:34,0
DA:35,0
DA:36,0
DA:39,0
DA:40,0
DA:42,0
DA:43,0
DA:46,0
DA:47,0
DA:48,0
DA:49,0
DA:50,0
DA:51,0
DA:54,0
DA:55,0
DA:56,0
DA:57,0
DA:59,0
DA:60,0
DA:63,0
DA:66,0
DA:67,0
DA:68,0
DA:70,0
DA:73,0
DA:74,0
DA:75,0
DA:76,0
DA:79,0
DA:81,0
DA:82,0
DA:83,0
DA:84,0
DA:86,0
DA:89,0
DA:91,0
DA:95,0
DA:96,0
DA:99,0
DA:124,0
DA:140,0
LF:51
LH:0
BRDA:31,0,0,0
BRDA:31,0,1,0
BRDA:34,1,0,0
BRDA:34,1,1,0
BRDA:48,2,0,0
BRDA:48,2,1,0
BRDA:57,3,0,0
BRDA:57,3,1,0
BRDA:60,4,0,0
BRDA:60,4,1,0
BRDA:73,5,0,0
BRDA:73,5,1,0
BRDA:81,6,0,0
BRDA:81,6,1,0
BRDA:86,7,0,0
BRDA:86,7,1,0
BRDA:141,8,0,0
BRDA:141,8,1,0
BRDA:142,9,0,0
BRDA:142,9,1,0
BRF:20
BRH:0
end_of_record
TN:
SF:app/(dashboard)/inventory/InventoryItemActions.tsx
FN:15,InventoryItemActions
FN:18,(anonymous_1)
FN:24,(anonymous_2)
FN:31,(anonymous_3)
FN:44,(anonymous_4)
FN:54,(anonymous_5)
FNF:6
FNH:0
FNDA:0,InventoryItemActions
FNDA:0,(anonymous_1)
FNDA:0,(anonymous_2)
FNDA:0,(anonymous_3)
FNDA:0,(anonymous_4)
FNDA:0,(anonymous_5)
DA:1,0
DA:16,0
DA:18,0
DA:19,0
DA:20,0
DA:21,0
DA:24,0
DA:25,0
DA:26,0
DA:28,0
DA:31,0
DA:32,0
DA:33,0
DA:34,0
DA:37,0
DA:46,0
DA:47,0
DA:54,0
LF:18
LH:0
BRF:0
BRH:0
end_of_record
TN:
SF:app/(dashboard)/inventory/InventoryTableRow.tsx
FN:18,InventoryTableRow
FN:21,(anonymous_1)
FNF:2
FNH:0
FNDA:0,InventoryTableRow
FNDA:0,(anonymous_1)
DA:1,0
DA:19,0
DA:21,0
DA:22,0
DA:25,0
LF:5
LH:0
BRDA:34,0,0,0
BRDA:34,0,1,0
BRDA:46,1,0,0
BRDA:46,1,1,0
BRDA:48,2,0,0
BRDA:48,2,1,0
BRF:6
BRH:0
end_of_record
TN:
SF:app/(dashboard)/inventory/loading.tsx
FNF:0
FNH:0
LF:0
LH:0
BRF:0
BRH:0
end_of_record
TN:
SF:app/(dashboard)/inventory/page.tsx
FN:22,InventoryPage
FN:85,(anonymous_1)
FN:145,(anonymous_2)
FN:166,(anonymous_3)
FNF:4
FNH:0
FNDA:0,InventoryPage
FNDA:0,(anonymous_1)
FNDA:0,(anonymous_2)
FNDA:0,(anonymous_3)
DA:33,0
DA:34,0
DA:35,0
DA:36,0
DA:37,0
DA:38,0
DA:40,0
DA:41,0
DA:42,0
DA:43,0
DA:45,0
DA:46,0
DA:47,0
DA:49,0
DA:50,0
DA:53,0
DA:55,0
DA:86,0
DA:147,0
DA:168,0
LF:20
LH:0
BRDA:34,0,0,0
BRDA:34,0,1,0
BRDA:35,1,0,0
BRDA:35,1,1,0
BRDA:36,2,0,0
BRDA:36,2,1,0
BRDA:37,3,0,0
BRDA:37,3,1,0
BRDA:38,4,0,0
BRDA:38,4,1,0
BRDA:50,5,0,0
BRDA:50,5,1,0
BRDA:60,6,0,0
BRDA:60,6,1,0
BRDA:88,7,0,0
BRDA:88,7,1,0
BRDA:93,8,0,0
BRDA:93,8,1,0
BRDA:108,9,0,0
BRDA:108,9,1,0
BRDA:111,10,0,0
BRDA:111,10,1,0
BRDA:116,11,0,0
BRDA:116,11,1,0
BRDA:119,12,0,0
BRDA:119,12,1,0
BRDA:130,13,0,0
BRDA:130,13,1,0
BRDA:133,14,0,0
BRDA:133,14,1,0
BRDA:136,15,0,0
BRDA:136,15,1,0
BRDA:142,16,0,0
BRDA:142,16,1,0
BRF:34
BRH:0
end_of_record
TN:
SF:app/(dashboard)/inventory/[id]/AdjustStockDialog.tsx
FN:14,AdjustStockDialog
FN:31,(anonymous_1)
FN:90,(anonymous_2)
FN:98,(anonymous_3)
FN:104,(anonymous_4)
FN:120,(anonymous_5)
FN:127,(anonymous_6)
FNF:7
FNH:0
FNDA:0,AdjustStockDialog
FNDA:0,(anonymous_1)
FNDA:0,(anonymous_2)
FNDA:0,(anonymous_3)
FNDA:0,(anonymous_4)
FNDA:0,(anonymous_5)
FNDA:0,(anonymous_6)
DA:1,0
DA:25,0
DA:26,0
DA:27,0
DA:28,0
DA:29,0
DA:31,0
DA:32,0
DA:34,0
DA:35,0
DA:36,0
DA:44,0
DA:45,0
DA:49,0
DA:50,0
DA:51,0
DA:52,0
DA:54,0
DA:61,0
DA:67,0
DA:71,0
DA:73,0
DA:90,0
DA:98,0
DA:104,0
DA:120,0
DA:127,0
LF:27
LH:0
BRDA:32,0,0,0
BRDA:32,0,1,0
BRDA:32,1,0,0
BRDA:32,1,1,0
BRDA:44,2,0,0
BRDA:44,2,1,0
BRDA:71,3,0,0
BRDA:71,3,1,0
BRDA:79,4,0,0
BRDA:79,4,1,0
BRDA:90,5,0,0
BRDA:90,5,1,0
BRDA:98,6,0,0
BRDA:98,6,1,0
BRDA:130,7,0,0
BRDA:130,7,1,0
BRDA:131,8,0,0
BRDA:131,8,1,0
BRF:18
BRH:0
end_of_record
TN:
SF:app/(dashboard)/inventory/[id]/EditItemDialog.tsx
FN:33,EditItemDialog
FN:50,(anonymous_1)
FN:64,(anonymous_2)
FN:66,(anonymous_3)
FN:74,(anonymous_4)
FN:123,(anonymous_5)
FN:132,(anonymous_6)
FN:138,(anonymous_7)
FN:157,(anonymous_8)
FN:173,(anonymous_9)
FN:192,(anonymous_10)
FN:202,(anonymous_11)
FN:212,(anonymous_12)
FN:220,(anonymous_13)
FNF:14
FNH:0
FNDA:0,EditItemDialog
FNDA:0,(anonymous_1)
FNDA:0,(anonymous_2)
FNDA:0,(anonymous_3)
FNDA:0,(anonymous_4)
FNDA:0,(anonymous_5)
FNDA:0,(anonymous_6)
FNDA:0,(anonymous_7)
FNDA:0,(anonymous_8)
FNDA:0,(anonymous_9)
FNDA:0,(anonymous_10)
FNDA:0,(anonymous_11)
FNDA:0,(anonymous_12)
FNDA:0,(anonymous_13)
DA:1,0
DA:34,0
DA:35,0
DA:36,0
DA:37,0
DA:39,0
DA:50,0
DA:51,0
DA:64,0
DA:65,0
DA:66,0
DA:67,0
DA:68,0
DA:74,0
DA:75,0
DA:76,0
DA:78,0
DA:79,0
DA:91,0
DA:92,0
DA:93,0
DA:94,0
DA:96,0
DA:99,0
DA:101,0
DA:105,0
DA:123,0
DA:132,0
DA:139,0
DA:157,0
DA:173,0
DA:192,0
DA:202,0
DA:212,0
DA:220,0
LF:35
LH:0
BRDA:44,0,0,0
BRDA:44,0,1,0
BRDA:45,1,0,0
BRDA:45,1,1,0
BRDA:46,2,0,0
BRDA:46,2,1,0
BRDA:47,3,0,0
BRDA:47,3,1,0
BRDA:56,4,0,0
BRDA:56,4,1,0
BRDA:57,5,0,0
BRDA:57,5,1,0
BRDA:58,6,0,0
BRDA:58,6,1,0
BRDA:59,7,0,0
BRDA:59,7,1,0
BRDA:65,8,0,0
BRDA:65,8,1,0
BRDA:67,9,0,0
BRDA:67,9,1,0
BRDA:67,10,0,0
BRDA:67,10,1,0
BRDA:91,11,0,0
BRDA:91,11,1,0
BRDA:96,12,0,0
BRDA:96,12,1,0
BRDA:144,13,0,0
BRDA:144,13,1,0
BRDA:144,13,2,0
BRDA:224,14,0,0
BRDA:224,14,1,0
BRF:31
BRH:0
end_of_record
TN:
SF:app/(dashboard)/inventory/[id]/ItemHeaderActions.tsx
FN:22,ItemHeaderActions
FN:38,(anonymous_1)
FNF:2
FNH:0
FNDA:0,ItemHeaderActions
FNDA:0,(anonymous_1)
DA:1,0
DA:23,0
DA:24,0
DA:25,0
DA:27,0
DA:29,0
DA:30,0
DA:33,0
DA:38,0
LF:9
LH:0
BRDA:24,0,0,0
BRDA:24,0,1,0
BRDA:29,1,0,0
BRDA:29,1,1,0
BRF:4
BRH:0
end_of_record
TN:
SF:app/(dashboard)/inventory/[id]/SetLimitsDialog.tsx
FN:13,SetLimitsDialog
FN:30,(anonymous_1)
FN:37,(anonymous_2)
FN:92,(anonymous_3)
FN:106,(anonymous_4)
FN:115,(anonymous_5)
FNF:6
FNH:0
FNDA:0,SetLimitsDialog
FNDA:0,(anonymous_1)
FNDA:0,(anonymous_2)
FNDA:0,(anonymous_3)
FNDA:0,(anonymous_4)
FNDA:0,(anonymous_5)
DA:1,0
DA:24,0
DA:25,0
DA:26,0
DA:27,0
DA:28,0
DA:30,0
DA:31,0
DA:32,0
DA:33,0
DA:37,0
DA:38,0
DA:40,0
DA:41,0
DA:42,0
DA:49,0
DA:50,0
DA:54,0
DA:55,0
DA:57,0
DA:64,0
DA:70,0
DA:74,0
DA:92,0
DA:106,0
DA:115,0
LF:26
LH:0
BRDA:31,0,0,0
BRDA:31,0,1,0
BRDA:32,1,0,0
BRDA:32,1,1,0
BRDA:33,2,0,0
BRDA:33,2,1,0
BRDA:38,3,0,0
BRDA:38,3,1,0
BRDA:49,4,0,0
BRDA:49,4,1,0
BRDA:80,5,0,0
BRDA:80,5,1,0
BRDA:91,6,0,0
BRDA:91,6,1,0
BRDA:92,7,0,0
BRDA:92,7,1,0
BRDA:105,8,0,0
BRDA:105,8,1,0
BRDA:106,9,0,0
BRDA:106,9,1,0
BRDA:119,10,0,0
BRDA:119,10,1,0
BRF:22
BRH:0
end_of_record
TN:
SF:app/(dashboard)/inventory/[id]/StockHistoryTab.tsx
FN:33,StockHistoryTab
FN:73,(anonymous_1)
FN:143,(anonymous_2)
FNF:3
FNH:0
FNDA:0,StockHistoryTab
FNDA:0,(anonymous_1)
FNDA:0,(anonymous_2)
DA:9,0
DA:17,0
DA:25,0
DA:40,0
DA:42,0
DA:74,0
DA:145,0
DA:146,0
DA:147,0
DA:148,0
DA:149,0
DA:150,0
DA:152,0
DA:155,0
LF:14
LH:0
BRDA:35,0,0,0
BRDA:54,1,0,0
BRDA:54,1,1,0
BRDA:90,2,0,0
BRDA:90,2,1,0
BRDA:91,3,0,0
BRDA:91,3,1,0
BRDA:101,4,0,0
BRDA:101,4,1,0
BRDA:105,5,0,0
BRDA:105,5,1,0
BRDA:110,6,0,0
BRDA:110,6,1,0
BRDA:113,7,0,0
BRDA:113,7,1,0
BRDA:113,7,2,0
BRDA:122,8,0,0
BRDA:122,8,1,0
BRDA:145,9,0,0
BRDA:145,9,1,0
BRDA:147,10,0,0
BRDA:147,10,1,0
BRDA:149,11,0,0
BRDA:149,11,1,0
BRDA:162,12,0,0
BRDA:162,12,1,0
BRF:26
BRH:0
end_of_record
TN:
SF:app/(dashboard)/inventory/[id]/StockLevelsTab.tsx
FN:13,StockLevelsTab
FN:66,(anonymous_1)
FN:102,(anonymous_2)
FN:110,(anonymous_3)
FN:131,(anonymous_4)
FN:138,(anonymous_5)
FNF:6
FNH:0
FNDA:0,StockLevelsTab
FNDA:0,(anonymous_1)
FNDA:0,(anonymous_2)
FNDA:0,(anonymous_3)
FNDA:0,(anonymous_4)
FNDA:0,(anonymous_5)
DA:1,0
DA:20,0
DA:21,0
DA:24,0
DA:26,0
DA:30,0
DA:35,0
DA:67,0
DA:68,0
DA:70,0
DA:102,0
DA:110,0
DA:131,0
DA:138,0
LF:14
LH:0
BRDA:21,0,0,0
BRDA:21,0,1,0
BRDA:48,1,0,0
BRDA:48,1,1,0
BRDA:67,2,0,0
BRDA:67,2,1,0
BRDA:68,3,0,0
BRDA:68,3,1,0
BRDA:82,4,0,0
BRDA:82,4,1,0
BRDA:85,5,0,0
BRDA:85,5,1,0
BRDA:88,6,0,0
BRDA:88,6,1,0
BRDA:90,7,0,0
BRDA:90,7,1,0
BRDA:97,8,0,0
BRDA:97,8,1,0
BRF:18
BRH:0
end_of_record
TN:
SF:app/(dashboard)/inventory/[id]/page.tsx
FN:21,ItemDetailData
FN:35,(anonymous_1)
FN:140,HistorySkeleton
FN:148,(anonymous_3)
FN:157,InventoryDetailPage
FN:179,DetailSkeleton
FNF:6
FNH:0
FNDA:0,ItemDetailData
FNDA:0,(anonymous_1)
FNDA:0,HistorySkeleton
FNDA:0,(anonymous_3)
FNDA:0,InventoryDetailPage
FNDA:0,DetailSkeleton
DA:17,0
DA:22,0
DA:31,0
DA:32,0
DA:35,0
DA:36,0
DA:38,0
DA:141,0
DA:149,0
DA:158,0
DA:159,0
DA:161,0
DA:180,0
LF:13
LH:0
BRDA:31,0,0,0
BRDA:31,0,1,0
BRDA:45,1,0,0
BRDA:45,1,1,0
BRDA:67,2,0,0
BRDA:67,2,1,0
BRDA:67,3,0,0
BRDA:67,3,1,0
BRDA:107,4,0,0
BRDA:107,4,1,0
BRF:10
BRH:0
end_of_record
TN:
SF:app/(dashboard)/inventory/receive/GoodsReceiptForm.tsx
FN:30,GoodsReceiptForm
FN:52,(anonymous_1)
FN:59,(anonymous_2)
FN:110,(anonymous_3)
FN:117,(anonymous_4)
FN:138,(anonymous_5)
FN:143,(anonymous_6)
FN:150,(anonymous_7)
FN:170,(anonymous_8)
FN:184,(anonymous_9)
FNF:10
FNH:0
FNDA:0,GoodsReceiptForm
FNDA:0,(anonymous_1)
FNDA:0,(anonymous_2)
FNDA:0,(anonymous_3)
FNDA:0,(anonymous_4)
FNDA:0,(anonymous_5)
FNDA:0,(anonymous_6)
FNDA:0,(anonymous_7)
FNDA:0,(anonymous_8)
FNDA:0,(anonymous_9)
DA:1,0
DA:18,0
DA:37,0
DA:38,0
DA:40,0
DA:47,0
DA:52,0
DA:53,0
DA:54,0
DA:55,0
DA:59,0
DA:66,0
DA:68,0
DA:69,0
DA:73,0
DA:75,0
DA:82,0
DA:88,0
DA:92,0
DA:110,0
DA:118,0
DA:139,0
DA:143,0
DA:151,0
DA:170,0
DA:184,0
LF:26
LH:0
BRDA:68,0,0,0
BRDA:68,0,1,0
BRDA:124,1,0,0
BRDA:124,1,1,0
BRDA:188,2,0,0
BRDA:188,2,1,0
BRDA:200,3,0,0
BRDA:200,3,1,0
BRF:8
BRH:0
end_of_record
TN:
SF:app/(dashboard)/inventory/receive/page.tsx
FN:12,GoodsReceiptData
FN:27,ReceiveGoodsPage
FN:44,GoodsReceiptSkeleton
FNF:3
FNH:0
FNDA:0,GoodsReceiptData
FNDA:0,ReceiveGoodsPage
FNDA:0,GoodsReceiptSkeleton
DA:7,0
DA:13,0
DA:24,0
DA:28,0
DA:45,0
LF:5
LH:0
BRF:0
BRH:0
end_of_record
TN:
SF:app/(dashboard)/logs/loading.tsx
FNF:0
FNH:0
LF:0
LH:0
BRF:0
BRH:0
end_of_record
TN:
SF:app/(dashboard)/logs/page.tsx
FN:18,AuditLogsPage
FN:80,(anonymous_1)
FNF:2
FNH:0
FNDA:0,AuditLogsPage
FNDA:0,(anonymous_1)
DA:19,0
DA:25,0
DA:26,0
DA:27,0
DA:30,0
DA:31,0
DA:36,0
DA:38,0
DA:48,0
DA:81,0
LF:10
LH:0
BRDA:25,0,0,0
BRDA:25,0,1,0
BRDA:26,1,0,0
BRDA:26,1,1,0
BRDA:30,2,0,0
BRDA:30,2,1,0
BRDA:36,3,0,0
BRDA:36,3,1,0
BRDA:54,4,0,0
BRDA:54,4,1,0
BRDA:57,5,0,0
BRDA:57,5,1,0
BRDA:63,6,0,0
BRDA:63,6,1,0
BRDA:72,7,0,0
BRDA:72,7,1,0
BRDA:85,8,0,0
BRDA:85,8,1,0
BRDA:94,9,0,0
BRDA:94,9,1,0
BRDA:98,10,0,0
BRDA:98,10,1,0
BRDA:101,11,0,0
BRDA:101,11,1,0
BRDA:105,12,0,0
BRDA:105,12,1,0
BRF:26
BRH:0
end_of_record
TN:
SF:app/(dashboard)/maintenance/loading.tsx
FNF:0
FNH:0
LF:0
LH:0
BRF:0
BRH:0
end_of_record
TN:
SF:app/(dashboard)/maintenance/page.tsx
FN:21,MaintenancePage
FN:29,(anonymous_1)
FN:33,(anonymous_2)
FN:42,(anonymous_3)
FN:87,(anonymous_4)
FN:120,(anonymous_5)
FN:132,(anonymous_6)
FN:149,(anonymous_7)
FN:157,(anonymous_8)
FNF:9
FNH:0
FNDA:0,MaintenancePage
FNDA:0,(anonymous_1)
FNDA:0,(anonymous_2)
FNDA:0,(anonymous_3)
FNDA:0,(anonymous_4)
FNDA:0,(anonymous_5)
FNDA:0,(anonymous_6)
FNDA:0,(anonymous_7)
FNDA:0,(anonymous_8)
DA:1,0
DA:22,0
DA:23,0
DA:24,0
DA:25,0
DA:26,0
DA:27,0
DA:29,0
DA:30,0
DA:33,0
DA:34,0
DA:35,0
DA:36,0
DA:37,0
DA:39,0
DA:42,0
DA:43,0
DA:45,0
DA:46,0
DA:51,0
DA:53,0
DA:54,0
DA:55,0
DA:56,0
DA:57,0
DA:59,0
DA:63,0
DA:65,0
DA:88,0
DA:120,0
DA:132,0
DA:149,0
DA:157,0
LF:33
LH:0
BRDA:36,0,0,0
BRDA:36,0,1,0
BRDA:37,1,0,0
BRDA:37,1,1,0
BRDA:43,2,0,0
BRDA:43,2,1,0
BRDA:49,3,0,0
BRDA:49,3,1,0
BRDA:53,4,0,0
BRDA:53,4,1,0
BRDA:59,5,0,0
BRDA:59,5,1,0
BRDA:63,6,0,0
BRDA:63,6,1,0
BRDA:73,7,0,0
BRDA:73,7,1,0
BRDA:77,8,0,0
BRDA:77,8,1,0
BRDA:94,9,0,0
BRDA:94,9,1,0
BRDA:98,10,0,0
BRDA:98,10,1,0
BRDA:101,11,0,0
BRDA:101,11,1,0
BRDA:104,12,0,0
BRDA:104,12,1,0
BRDA:111,13,0,0
BRDA:111,13,1,0
BRDA:165,14,0,0
BRDA:165,14,1,0
BRF:30
BRH:0
end_of_record
TN:
SF:app/(dashboard)/my-assets/loading.tsx
FNF:0
FNH:0
LF:0
LH:0
BRF:0
BRH:0
end_of_record
TN:
SF:app/(dashboard)/my-assets/page.tsx
FN:13,MyAssetsPage
FN:18,(anonymous_1)
FN:22,(anonymous_2)
FN:30,(anonymous_3)
FN:40,(anonymous_4)
FN:50,(anonymous_5)
FN:85,(anonymous_6)
FN:135,(anonymous_7)
FN:150,(anonymous_8)
FN:159,(anonymous_9)
FNF:10
FNH:0
FNDA:0,MyAssetsPage
FNDA:0,(anonymous_1)
FNDA:0,(anonymous_2)
FNDA:0,(anonymous_3)
FNDA:0,(anonymous_4)
FNDA:0,(anonymous_5)
FNDA:0,(anonymous_6)
FNDA:0,(anonymous_7)
FNDA:0,(anonymous_8)
FNDA:0,(anonymous_9)
DA:1,0
DA:14,0
DA:15,0
DA:16,0
DA:18,0
DA:19,0
DA:22,0
DA:23,0
DA:24,0
DA:25,0
DA:27,0
DA:30,0
DA:31,0
DA:32,0
DA:33,0
DA:34,0
DA:36,0
DA:40,0
DA:41,0
DA:42,0
DA:43,0
DA:44,0
DA:46,0
DA:50,0
DA:52,0
DA:53,0
DA:54,0
DA:55,0
DA:56,0
DA:57,0
DA:59,0
DA:64,0
DA:66,0
DA:87,0
DA:88,0
DA:89,0
DA:91,0
DA:135,0
DA:150,0
DA:159,0
LF:40
LH:0
BRDA:24,0,0,0
BRDA:24,0,1,0
BRDA:25,1,0,0
BRDA:25,1,1,0
BRDA:32,2,0,0
BRDA:32,2,1,0
BRDA:42,3,0,0
BRDA:42,3,1,0
BRDA:53,4,0,0
BRDA:53,4,1,0
BRDA:55,5,0,0
BRDA:55,5,1,0
BRDA:64,6,0,0
BRDA:64,6,1,0
BRDA:75,7,0,0
BRDA:75,7,1,0
BRDA:87,8,0,0
BRDA:87,8,1,0
BRDA:92,9,0,0
BRDA:92,9,1,0
BRDA:94,10,0,0
BRDA:94,10,1,0
BRDA:95,11,0,0
BRDA:95,11,1,0
BRDA:100,12,0,0
BRDA:100,12,1,0
BRDA:106,13,0,0
BRDA:106,13,1,0
BRDA:107,14,0,0
BRDA:107,14,1,0
BRDA:107,15,0,0
BRDA:107,15,1,0
BRDA:109,16,0,0
BRDA:109,16,1,0
BRDA:109,16,2,0
BRDA:114,17,0,0
BRDA:114,17,1,0
BRDA:115,18,0,0
BRDA:115,18,1,0
BRDA:123,19,0,0
BRDA:123,19,1,0
BRDA:127,20,0,0
BRDA:127,20,1,0
BRDA:133,21,0,0
BRDA:133,21,1,0
BRF:45
BRH:0
end_of_record
TN:
SF:app/(dashboard)/reports/loading.tsx
FNF:0
FNH:0
LF:0
LH:0
BRF:0
BRH:0
end_of_record
TN:
SF:app/(dashboard)/reports/page.tsx
FN:15,ReportsPage
FN:20,(anonymous_1)
FN:24,(anonymous_2)
FN:34,(anonymous_3)
FN:39,(anonymous_4)
FN:53,(anonymous_5)
FN:53,(anonymous_6)
FN:71,(anonymous_7)
FN:76,(anonymous_8)
FN:83,(anonymous_9)
FN:99,(anonymous_10)
FN:126,(anonymous_11)
FN:131,(anonymous_12)
FN:189,(anonymous_13)
FN:195,(anonymous_14)
FN:201,(anonymous_15)
FNF:16
FNH:0
FNDA:0,ReportsPage
FNDA:0,(anonymous_1)
FNDA:0,(anonymous_2)
FNDA:0,(anonymous_3)
FNDA:0,(anonymous_4)
FNDA:0,(anonymous_5)
FNDA:0,(anonymous_6)
FNDA:0,(anonymous_7)
FNDA:0,(anonymous_8)
FNDA:0,(anonymous_9)
FNDA:0,(anonymous_10)
FNDA:0,(anonymous_11)
FNDA:0,(anonymous_12)
FNDA:0,(anonymous_13)
FNDA:0,(anonymous_14)
FNDA:0,(anonymous_15)
DA:1,0
DA:13,0
DA:16,0
DA:17,0
DA:18,0
DA:20,0
DA:21,0
DA:24,0
DA:25,0
DA:26,0
DA:27,0
DA:28,0
DA:29,0
DA:31,0
DA:34,0
DA:35,0
DA:39,0
DA:45,0
DA:46,0
DA:47,0
DA:50,0
DA:51,0
DA:53,0
DA:55,0
DA:56,0
DA:57,0
DA:58,0
DA:59,0
DA:60,0
DA:61,0
DA:62,0
DA:63,0
DA:64,0
DA:67,0
DA:68,0
DA:71,0
DA:76,0
DA:81,0
DA:83,0
DA:85,0
DA:99,0
DA:126,0
DA:132,0
DA:189,0
DA:195,0
DA:201,0
LF:46
LH:0
BRDA:27,0,0,0
BRDA:27,0,1,0
BRDA:35,1,0,0
BRDA:35,1,1,0
BRDA:45,2,0,0
BRDA:45,2,1,0
BRDA:67,3,0,0
BRDA:67,3,1,0
BRDA:68,4,0,0
BRDA:68,4,1,0
BRDA:77,5,0,0
BRDA:77,5,1,0
BRDA:195,6,0,0
BRDA:195,6,1,0
BRF:14
BRH:0
end_of_record
TN:
SF:app/(dashboard)/requests/loading.tsx
FNF:0
FNH:0
LF:0
LH:0
BRF:0
BRH:0
end_of_record
TN:
SF:app/(dashboard)/requests/page.tsx
FN:14,RequestsPage
FN:31,(anonymous_1)
FNF:2
FNH:0
FNDA:0,RequestsPage
FNDA:0,(anonymous_1)
DA:9,0
DA:15,0
DA:16,0
DA:17,0
DA:19,0
DA:31,0
LF:6
LH:0
BRDA:16,0,0,0
BRDA:16,0,1,0
BRDA:34,1,0,0
BRDA:34,1,1,0
BRF:4
BRH:0
end_of_record
TN:
SF:app/(dashboard)/scanner/loading.tsx
FNF:0
FNH:0
LF:0
LH:0
BRF:0
BRH:0
end_of_record
TN:
SF:app/(dashboard)/scanner/page.tsx
FN:18,ScannerPage
FN:33,(anonymous_1)
FN:48,(anonymous_2)
FN:52,(anonymous_3)
FN:69,(anonymous_4)
FN:76,(anonymous_5)
FN:80,(anonymous_6)
FN:88,(anonymous_7)
FN:110,(anonymous_8)
FN:118,(anonymous_9)
FN:127,(anonymous_10)
FN:155,(anonymous_11)
FN:159,(anonymous_12)
FN:176,(anonymous_13)
FN:188,(anonymous_14)
FN:192,(anonymous_15)
FN:209,(anonymous_16)
FN:211,(anonymous_17)
FN:218,(anonymous_18)
FN:225,(anonymous_19)
FN:229,(anonymous_20)
FN:232,(anonymous_21)
FN:237,(anonymous_22)
FN:244,(anonymous_23)
FN:259,(anonymous_24)
FN:273,(anonymous_25)
FN:279,(anonymous_26)
FN:330,(anonymous_27)
FN:368,(anonymous_28)
FN:379,(anonymous_29)
FN:392,(anonymous_30)
FN:408,(anonymous_31)
FN:485,(anonymous_32)
FN:488,(anonymous_33)
FN:514,(anonymous_34)
FN:518,(anonymous_35)
FNF:36
FNH:0
FNDA:0,ScannerPage
FNDA:0,(anonymous_1)
FNDA:0,(anonymous_2)
FNDA:0,(anonymous_3)
FNDA:0,(anonymous_4)
FNDA:0,(anonymous_5)
FNDA:0,(anonymous_6)
FNDA:0,(anonymous_7)
FNDA:0,(anonymous_8)
FNDA:0,(anonymous_9)
FNDA:0,(anonymous_10)
FNDA:0,(anonymous_11)
FNDA:0,(anonymous_12)
FNDA:0,(anonymous_13)
FNDA:0,(anonymous_14)
FNDA:0,(anonymous_15)
FNDA:0,(anonymous_16)
FNDA:0,(anonymous_17)
FNDA:0,(anonymous_18)
FNDA:0,(anonymous_19)
FNDA:0,(anonymous_20)
FNDA:0,(anonymous_21)
FNDA:0,(anonymous_22)
FNDA:0,(anonymous_23)
FNDA:0,(anonymous_24)
FNDA:0,(anonymous_25)
FNDA:0,(anonymous_26)
FNDA:0,(anonymous_27)
FNDA:0,(anonymous_28)
FNDA:0,(anonymous_29)
FNDA:0,(anonymous_30)
FNDA:0,(anonymous_31)
FNDA:0,(anonymous_32)
FNDA:0,(anonymous_33)
FNDA:0,(anonymous_34)
FNDA:0,(anonymous_35)
DA:1,0
DA:19,0
DA:20,0
DA:21,0
DA:22,0
DA:23,0
DA:24,0
DA:25,0
DA:26,0
DA:27,0
DA:28,0
DA:29,0
DA:30,0
DA:33,0
DA:35,0
DA:36,0
DA:40,0
DA:41,0
DA:44,0
DA:48,0
DA:49,0
DA:50,0
DA:52,0
DA:53,0
DA:55,0
DA:56,0
DA:57,0
DA:58,0
DA:59,0
DA:60,0
DA:62,0
DA:63,0
DA:65,0
DA:69,0
DA:70,0
DA:71,0
DA:72,0
DA:76,0
DA:77,0
DA:78,0
DA:79,0
DA:80,0
DA:88,0
DA:89,0
DA:91,0
DA:92,0
DA:94,0
DA:96,0
DA:98,0
DA:99,0
DA:100,0
DA:101,0
DA:102,0
DA:104,0
DA:105,0
DA:106,0
DA:110,0
DA:111,0
DA:113,0
DA:114,0
DA:115,0
DA:118,0
DA:121,0
DA:127,0
DA:128,0
DA:129,0
DA:130,0
DA:131,0
DA:134,0
DA:135,0
DA:145,0
DA:146,0
DA:147,0
DA:149,0
DA:150,0
DA:155,0
DA:156,0
DA:158,0
DA:159,0
DA:160,0
DA:162,0
DA:163,0
DA:164,0
DA:168,0
DA:169,0
DA:170,0
DA:171,0
DA:172,0
DA:176,0
DA:177,0
DA:180,0
DA:181,0
DA:182,0
DA:183,0
DA:184,0
DA:188,0
DA:189,0
DA:192,0
DA:193,0
DA:195,0
DA:196,0
DA:197,0
DA:198,0
DA:199,0
DA:201,0
DA:206,0
DA:209,0
DA:210,0
DA:211,0
DA:212,0
DA:218,0
DA:219,0
DA:220,0
DA:225,0
DA:226,0
DA:227,0
DA:229,0
DA:230,0
DA:231,0
DA:232,0
DA:237,0
DA:238,0
DA:239,0
DA:240,0
DA:241,0
DA:244,0
DA:245,0
DA:246,0
DA:247,0
DA:248,0
DA:250,0
DA:251,0
DA:252,0
DA:253,0
DA:255,0
DA:259,0
DA:260,0
DA:261,0
DA:262,0
DA:263,0
DA:264,0
DA:265,0
DA:266,0
DA:267,0
DA:269,0
DA:273,0
DA:274,0
DA:275,0
DA:279,0
DA:280,0
DA:308,0
DA:309,0
DA:311,0
DA:331,0
DA:332,0
DA:343,0
DA:368,0
DA:379,0
DA:392,0
DA:408,0
DA:486,0
DA:488,0
DA:515,0
DA:518,0
LF:164
LH:0
BRDA:35,0,0,0
BRDA:35,0,1,0
BRDA:35,1,0,0
BRDA:35,1,1,0
BRDA:35,1,2,0
BRDA:40,2,0,0
BRDA:40,2,1,0
BRDA:40,3,0,0
BRDA:40,3,1,0
BRDA:55,4,0,0
BRDA:55,4,1,0
BRDA:55,5,0,0
BRDA:55,5,1,0
BRDA:58,6,0,0
BRDA:58,6,1,0
BRDA:71,7,0,0
BRDA:71,7,1,0
BRDA:71,8,0,0
BRDA:71,8,1,0
BRDA:72,9,0,0
BRDA:72,9,1,0
BRDA:78,10,0,0
BRDA:78,10,1,0
BRDA:89,11,0,0
BRDA:89,11,1,0
BRDA:94,12,0,0
BRDA:94,12,1,0
BRDA:98,13,0,0
BRDA:98,13,1,0
BRDA:98,14,0,0
BRDA:98,14,1,0
BRDA:105,15,0,0
BRDA:105,15,1,0
BRDA:111,16,0,0
BRDA:111,16,1,0
BRDA:121,17,0,0
BRDA:121,17,1,0
BRDA:129,18,0,0
BRDA:129,18,1,0
BRDA:156,19,0,0
BRDA:156,19,1,0
BRDA:158,20,0,0
BRDA:158,20,1,0
BRDA:169,21,0,0
BRDA:169,21,1,0
BRDA:181,22,0,0
BRDA:181,22,1,0
BRDA:189,23,0,0
BRDA:189,23,1,0
BRDA:193,24,0,0
BRDA:193,24,1,0
BRDA:196,25,0,0
BRDA:196,25,1,0
BRDA:210,26,0,0
BRDA:210,26,1,0
BRDA:219,27,0,0
BRDA:219,27,1,0
BRDA:219,28,0,0
BRDA:219,28,1,0
BRDA:219,28,2,0
BRDA:231,29,0,0
BRDA:231,29,1,0
BRDA:241,30,0,0
BRDA:241,30,1,0
BRDA:245,31,0,0
BRDA:245,31,1,0
BRDA:246,32,0,0
BRDA:246,32,1,0
BRDA:255,33,0,0
BRDA:255,33,1,0
BRDA:260,34,0,0
BRDA:260,34,1,0
BRDA:262,35,0,0
BRDA:262,35,1,0
BRDA:262,36,0,0
BRDA:262,36,1,0
BRDA:269,37,0,0
BRDA:269,37,1,0
BRDA:317,38,0,0
BRDA:317,38,1,0
BRDA:349,39,0,0
BRDA:349,39,1,0
BRDA:351,40,0,0
BRDA:351,40,1,0
BRDA:353,41,0,0
BRDA:353,41,1,0
BRDA:355,42,0,0
BRDA:355,42,1,0
BRDA:406,43,0,0
BRDA:406,43,1,0
BRDA:409,44,0,0
BRDA:409,44,1,0
BRDA:416,45,0,0
BRDA:416,45,1,0
BRDA:419,46,0,0
BRDA:419,46,1,0
BRDA:424,47,0,0
BRDA:424,47,1,0
BRDA:424,48,0,0
BRDA:424,48,1,0
BRDA:425,49,0,0
BRDA:425,49,1,0
BRDA:430,50,0,0
BRDA:430,50,1,0
BRDA:434,51,0,0
BRDA:434,51,1,0
BRDA:440,52,0,0
BRDA:440,52,1,0
BRDA:448,53,0,0
BRDA:448,53,1,0
BRDA:478,54,0,0
BRDA:478,54,1,0
BRDA:507,55,0,0
BRDA:507,55,1,0
BRF:114
BRH:0
end_of_record
TN:
SF:app/(dashboard)/settings/loading.tsx
FNF:0
FNH:0
LF:0
LH:0
BRF:0
BRH:0
end_of_record
TN:
SF:app/(dashboard)/settings/page.tsx
FN:15,SettingsPage
FN:30,(anonymous_1)
FN:34,(anonymous_2)
FN:47,(anonymous_3)
FN:64,(anonymous_4)
FN:82,(anonymous_5)
FN:109,(anonymous_6)
FN:132,(anonymous_7)
FN:151,(anonymous_8)
FN:167,(anonymous_9)
FN:182,(anonymous_10)
FN:194,(anonymous_11)
FN:208,(anonymous_12)
FNF:13
FNH:0
FNDA:0,SettingsPage
FNDA:0,(anonymous_1)
FNDA:0,(anonymous_2)
FNDA:0,(anonymous_3)
FNDA:0,(anonymous_4)
FNDA:0,(anonymous_5)
FNDA:0,(anonymous_6)
FNDA:0,(anonymous_7)
FNDA:0,(anonymous_8)
FNDA:0,(anonymous_9)
FNDA:0,(anonymous_10)
FNDA:0,(anonymous_11)
FNDA:0,(anonymous_12)
DA:1,0
DA:16,0
DA:17,0
DA:18,0
DA:26,0
DA:27,0
DA:28,0
DA:30,0
DA:31,0
DA:34,0
DA:35,0
DA:37,0
DA:43,0
DA:47,0
DA:48,0
DA:49,0
DA:50,0
DA:51,0
DA:52,0
DA:61,0
DA:64,0
DA:65,0
DA:67,0
DA:69,0
DA:70,0
DA:71,0
DA:73,0
DA:74,0
DA:75,0
DA:76,0
DA:78,0
DA:82,0
DA:83,0
DA:84,0
DA:92,0
DA:96,0
DA:98,0
DA:109,0
DA:132,0
DA:151,0
DA:167,0
DA:182,0
DA:194,0
DA:208,0
LF:44
LH:0
BRDA:35,0,0,0
BRDA:35,0,1,0
BRDA:37,1,0,0
BRDA:37,1,1,0
BRDA:37,1,2,0
BRDA:37,1,3,0
BRDA:37,1,4,0
BRDA:37,1,5,0
BRDA:50,2,0,0
BRDA:50,2,1,0
BRDA:50,3,0,0
BRDA:50,3,1,0
BRDA:57,4,0,0
BRDA:57,4,1,0
BRDA:58,5,0,0
BRDA:58,5,1,0
BRDA:67,6,0,0
BRDA:67,6,1,0
BRDA:73,7,0,0
BRDA:73,7,1,0
BRDA:78,8,0,0
BRDA:78,8,1,0
BRDA:83,9,0,0
BRDA:83,9,1,0
BRDA:89,10,0,0
BRDA:89,10,1,0
BRDA:90,11,0,0
BRDA:90,11,1,0
BRDA:96,12,0,0
BRDA:96,12,1,0
BRDA:114,13,0,0
BRDA:114,13,1,0
BRDA:151,14,0,0
BRDA:151,14,1,0
BRDA:167,15,0,0
BRDA:167,15,1,0
BRDA:221,16,0,0
BRDA:221,16,1,0
BRDA:225,17,0,0
BRDA:225,17,1,0
BRDA:227,18,0,0
BRDA:227,18,1,0
BRF:42
BRH:0
end_of_record
TN:
SF:app/(dashboard)/settings/backup/BackupSettingsForm.tsx
FN:27,BackupSettingsForm
FN:57,(anonymous_1)
FN:67,(anonymous_2)
FN:83,(anonymous_3)
FN:84,initialize
FN:98,(anonymous_5)
FN:106,(anonymous_6)
FN:121,(anonymous_7)
FN:127,(anonymous_8)
FN:143,(anonymous_9)
FN:149,(anonymous_10)
FN:173,(anonymous_11)
FN:185,(anonymous_12)
FN:202,(anonymous_13)
FN:230,(anonymous_14)
FN:279,(anonymous_15)
FN:331,(anonymous_16)
FN:346,(anonymous_17)
FN:358,(anonymous_18)
FNF:19
FNH:0
FNDA:0,BackupSettingsForm
FNDA:0,(anonymous_1)
FNDA:0,(anonymous_2)
FNDA:0,(anonymous_3)
FNDA:0,initialize
FNDA:0,(anonymous_5)
FNDA:0,(anonymous_6)
FNDA:0,(anonymous_7)
FNDA:0,(anonymous_8)
FNDA:0,(anonymous_9)
FNDA:0,(anonymous_10)
FNDA:0,(anonymous_11)
FNDA:0,(anonymous_12)
FNDA:0,(anonymous_13)
FNDA:0,(anonymous_14)
FNDA:0,(anonymous_15)
FNDA:0,(anonymous_16)
FNDA:0,(anonymous_17)
FNDA:0,(anonymous_18)
DA:1,0
DA:17,0
DA:28,0
DA:29,0
DA:30,0
DA:31,0
DA:32,0
DA:33,0
DA:34,0
DA:45,0
DA:57,0
DA:58,0
DA:59,0
DA:60,0
DA:63,0
DA:64,0
DA:67,0
DA:68,0
DA:70,0
DA:71,0
DA:72,0
DA:73,0
DA:74,0
DA:75,0
DA:76,0
DA:79,0
DA:83,0
DA:85,0
DA:86,0
DA:88,0
DA:89,0
DA:91,0
DA:95,0
DA:98,0
DA:99,0
DA:100,0
DA:101,0
DA:106,0
DA:108,0
DA:109,0
DA:111,0
DA:114,0
DA:115,0
DA:117,0
DA:121,0
DA:122,0
DA:123,0
DA:124,0
DA:127,0
DA:129,0
DA:130,0
DA:131,0
DA:133,0
DA:136,0
DA:137,0
DA:139,0
DA:143,0
DA:144,0
DA:145,0
DA:146,0
DA:148,0
DA:149,0
DA:150,0
DA:151,0
DA:154,0
DA:155,0
DA:156,0
DA:157,0
DA:158,0
DA:159,0
DA:160,0
DA:161,0
DA:162,0
DA:164,0
DA:166,0
DA:167,0
DA:169,0
DA:173,0
DA:174,0
DA:175,0
DA:178,0
DA:179,0
DA:180,0
DA:185,0
DA:187,0
DA:188,0
DA:189,0
DA:190,0
DA:193,0
DA:195,0
DA:196,0
DA:198,0
DA:202,0
DA:203,0
DA:204,0
DA:205,0
DA:206,0
DA:207,0
DA:210,0
DA:211,0
DA:214,0
DA:230,0
DA:279,0
DA:332,0
DA:346,0
DA:358,0
LF:106
LH:0
BRDA:59,0,0,0
BRDA:59,0,1,0
BRDA:64,1,0,0
BRDA:64,1,1,0
BRDA:70,2,0,0
BRDA:70,2,1,0
BRDA:108,3,0,0
BRDA:108,3,1,0
BRDA:109,4,0,0
BRDA:109,4,1,0
BRDA:111,5,0,0
BRDA:111,5,1,0
BRDA:111,5,2,0
BRDA:129,6,0,0
BRDA:129,6,1,0
BRDA:130,7,0,0
BRDA:130,7,1,0
BRDA:133,8,0,0
BRDA:133,8,1,0
BRDA:133,8,2,0
BRDA:148,9,0,0
BRDA:148,9,1,0
BRDA:150,10,0,0
BRDA:150,10,1,0
BRDA:150,10,2,0
BRDA:174,11,0,0
BRDA:174,11,1,0
BRDA:187,12,0,0
BRDA:187,12,1,0
BRDA:188,13,0,0
BRDA:188,13,1,0
BRDA:193,14,0,0
BRDA:193,14,1,0
BRDA:193,14,2,0
BRDA:203,15,0,0
BRDA:203,15,1,0
BRDA:210,16,0,0
BRDA:210,16,1,0
BRDA:244,17,0,0
BRDA:244,17,1,0
BRDA:256,18,0,0
BRDA:256,18,1,0
BRDA:267,19,0,0
BRDA:267,19,1,0
BRDA:292,20,0,0
BRDA:292,20,1,0
BRDA:306,21,0,0
BRDA:306,21,1,0
BRDA:327,22,0,0
BRDA:327,22,1,0
BRDA:347,23,0,0
BRDA:347,23,1,0
BRDA:349,24,0,0
BRDA:349,24,1,0
BRDA:359,25,0,0
BRDA:359,25,1,0
BRDA:361,26,0,0
BRDA:361,26,1,0
BRF:58
BRH:0
end_of_record
TN:
SF:app/(dashboard)/settings/backup/loading.tsx
FNF:0
FNH:0
LF:0
LH:0
BRF:0
BRH:0
end_of_record
TN:
SF:app/(dashboard)/settings/backup/page.tsx
FN:6,BackupSettingsPage
FNF:1
FNH:0
FNDA:0,BackupSettingsPage
DA:7,0
DA:9,0
DA:10,0
DA:13,0
DA:15,0
LF:5
LH:0
BRDA:9,0,0,0
BRDA:9,0,1,0
BRF:2
BRH:0
end_of_record
TN:
SF:app/(dashboard)/settings/categories/loading.tsx
FNF:0
FNH:0
LF:0
LH:0
BRF:0
BRH:0
end_of_record
TN:
SF:app/(dashboard)/settings/categories/page.tsx
FN:34,CategoriesPage
FN:45,(anonymous_1)
FN:49,(anonymous_2)
FN:60,(anonymous_3)
FN:72,(anonymous_4)
FN:85,(anonymous_5)
FN:88,(anonymous_6)
FN:96,(anonymous_7)
FN:102,(anonymous_8)
FN:120,(anonymous_9)
FN:139,(anonymous_10)
FN:169,(anonymous_11)
FN:183,(anonymous_12)
FN:190,(anonymous_13)
FN:213,(anonymous_14)
FN:213,(anonymous_15)
FN:222,(anonymous_16)
FN:222,(anonymous_17)
FN:241,(anonymous_18)
FNF:19
FNH:0
FNDA:0,CategoriesPage
FNDA:0,(anonymous_1)
FNDA:0,(anonymous_2)
FNDA:0,(anonymous_3)
FNDA:0,(anonymous_4)
FNDA:0,(anonymous_5)
FNDA:0,(anonymous_6)
FNDA:0,(anonymous_7)
FNDA:0,(anonymous_8)
FNDA:0,(anonymous_9)
FNDA:0,(anonymous_10)
FNDA:0,(anonymous_11)
FNDA:0,(anonymous_12)
FNDA:0,(anonymous_13)
FNDA:0,(anonymous_14)
FNDA:0,(anonymous_15)
FNDA:0,(anonymous_16)
FNDA:0,(anonymous_17)
FNDA:0,(anonymous_18)
DA:1,0
DA:32,0
DA:35,0
DA:36,0
DA:37,0
DA:38,0
DA:39,0
DA:40,0
DA:41,0
DA:42,0
DA:43,0
DA:45,0
DA:46,0
DA:49,0
DA:50,0
DA:51,0
DA:52,0
DA:53,0
DA:55,0
DA:57,0
DA:60,0
DA:61,0
DA:62,0
DA:63,0
DA:64,0
DA:65,0
DA:67,0
DA:69,0
DA:72,0
DA:73,0
DA:74,0
DA:75,0
DA:76,0
DA:77,0
DA:78,0
DA:80,0
DA:82,0
DA:85,0
DA:86,0
DA:87,0
DA:88,0
DA:89,0
DA:95,0
DA:96,0
DA:97,0
DA:98,0
DA:102,0
DA:103,0
DA:106,0
DA:120,0
DA:139,0
DA:170,0
DA:183,0
DA:190,0
DA:213,0
DA:222,0
DA:241,0
LF:57
LH:0
BRDA:52,0,0,0
BRDA:52,0,1,0
BRDA:53,1,0,0
BRDA:53,1,1,0
BRDA:55,2,0,0
BRDA:55,2,1,0
BRDA:61,3,0,0
BRDA:61,3,1,0
BRDA:63,4,0,0
BRDA:63,4,1,0
BRDA:67,5,0,0
BRDA:67,5,1,0
BRDA:76,6,0,0
BRDA:76,6,1,0
BRDA:80,7,0,0
BRDA:80,7,1,0
BRDA:87,8,0,0
BRDA:87,8,1,0
BRDA:89,9,0,0
BRDA:89,9,1,0
BRDA:117,10,0,0
BRDA:117,10,1,0
BRDA:156,11,0,0
BRDA:156,11,1,0
BRDA:162,12,0,0
BRDA:162,12,1,0
BRDA:172,13,0,0
BRDA:172,13,1,0
BRDA:175,14,0,0
BRDA:175,14,1,0
BRDA:204,15,0,0
BRDA:204,15,1,0
BRDA:204,15,2,0
BRDA:241,16,0,0
BRDA:241,16,1,0
BRF:35
BRH:0
end_of_record
TN:
SF:app/(dashboard)/settings/departments/AddMappingDialog.tsx
FN:19,AddMappingDialog
FN:28,(anonymous_1)
FN:64,(anonymous_2)
FN:86,(anonymous_3)
FN:101,(anonymous_4)
FN:111,(anonymous_5)
FNF:6
FNH:0
FNDA:0,AddMappingDialog
FNDA:0,(anonymous_1)
FNDA:0,(anonymous_2)
FNDA:0,(anonymous_3)
FNDA:0,(anonymous_4)
FNDA:0,(anonymous_5)
DA:1,0
DA:20,0
DA:21,0
DA:22,0
DA:23,0
DA:24,0
DA:25,0
DA:26,0
DA:28,0
DA:29,0
DA:30,0
DA:32,0
DA:33,0
DA:34,0
DA:35,0
DA:36,0
DA:40,0
DA:41,0
DA:42,0
DA:43,0
DA:45,0
DA:52,0
DA:58,0
DA:62,0
DA:64,0
DA:87,0
DA:102,0
DA:111,0
LF:28
LH:0
BRDA:30,0,0,0
BRDA:30,0,1,0
BRDA:30,1,0,0
BRDA:30,1,1,0
BRDA:35,2,0,0
BRDA:35,2,1,0
BRDA:114,3,0,0
BRDA:114,3,1,0
BRDA:114,3,2,0
BRDA:115,4,0,0
BRDA:115,4,1,0
BRF:11
BRH:0
end_of_record
TN:
SF:app/(dashboard)/settings/departments/DeleteMappingButton.tsx
FN:21,DeleteMappingButton
FN:26,(anonymous_1)
FNF:2
FNH:0
FNDA:0,DeleteMappingButton
FNDA:0,(anonymous_1)
DA:1,0
DA:22,0
DA:23,0
DA:24,0
DA:26,0
DA:27,0
DA:28,0
DA:29,0
DA:30,0
DA:31,0
DA:35,0
DA:37,0
DA:44,0
DA:50,0
DA:54,0
LF:15
LH:0
BRDA:30,0,0,0
BRDA:30,0,1,0
BRDA:71,1,0,0
BRDA:71,1,1,0
BRF:4
BRH:0
end_of_record
TN:
SF:app/(dashboard)/settings/departments/EditMappingDialog.tsx
FN:20,EditMappingDialog
FN:28,(anonymous_1)
FN:90,(anonymous_2)
FN:100,(anonymous_3)
FNF:4
FNH:0
FNDA:0,EditMappingDialog
FNDA:0,(anonymous_1)
FNDA:0,(anonymous_2)
FNDA:0,(anonymous_3)
DA:1,0
DA:21,0
DA:22,0
DA:23,0
DA:24,0
DA:25,0
DA:26,0
DA:28,0
DA:29,0
DA:30,0
DA:32,0
DA:33,0
DA:34,0
DA:35,0
DA:36,0
DA:40,0
DA:41,0
DA:43,0
DA:50,0
DA:56,0
DA:60,0
DA:91,0
DA:100,0
LF:23
LH:0
BRDA:30,0,0,0
BRDA:30,0,1,0
BRDA:35,1,0,0
BRDA:35,1,1,0
BRDA:103,2,0,0
BRDA:103,2,1,0
BRDA:103,2,2,0
BRDA:104,3,0,0
BRDA:104,3,1,0
BRF:9
BRH:0
end_of_record
TN:
SF:app/(dashboard)/settings/departments/loading.tsx
FNF:0
FNH:0
LF:0
LH:0
BRF:0
BRH:0
end_of_record
TN:
SF:app/(dashboard)/settings/departments/mapping-client.tsx
FN:20,MappingClient
FN:26,(anonymous_1)
FN:29,(anonymous_2)
FN:37,(anonymous_3)
FN:43,(anonymous_4)
FN:66,(anonymous_5)
FN:78,(anonymous_6)
FN:97,(anonymous_7)
FN:135,(anonymous_8)
FN:135,(anonymous_9)
FN:144,(anonymous_10)
FN:144,(anonymous_11)
FNF:12
FNH:0
FNDA:0,MappingClient
FNDA:0,(anonymous_1)
FNDA:0,(anonymous_2)
FNDA:0,(anonymous_3)
FNDA:0,(anonymous_4)
FNDA:0,(anonymous_5)
FNDA:0,(anonymous_6)
FNDA:0,(anonymous_7)
FNDA:0,(anonymous_8)
FNDA:0,(anonymous_9)
FNDA:0,(anonymous_10)
FNDA:0,(anonymous_11)
DA:1,0
DA:18,0
DA:21,0
DA:22,0
DA:26,0
DA:27,0
DA:28,0
DA:29,0
DA:30,0
DA:36,0
DA:37,0
DA:38,0
DA:39,0
DA:43,0
DA:44,0
DA:47,0
DA:66,0
DA:78,0
DA:98,0
DA:135,0
DA:144,0
LF:21
LH:0
BRDA:28,0,0,0
BRDA:28,0,1,0
BRDA:30,1,0,0
BRDA:30,1,1,0
BRDA:72,2,0,0
BRDA:72,2,1,0
BRDA:74,3,0,0
BRDA:74,3,1,0
BRDA:126,4,0,0
BRDA:126,4,1,0
BRF:10
BRH:0
end_of_record
TN:
SF:app/(dashboard)/settings/departments/page.tsx
FN:7,getWarehouses
FN:17,DepartmentMappingsPage
FN:24,(anonymous_2)
FN:25,(anonymous_3)
FNF:4
FNH:0
FNDA:0,getWarehouses
FNDA:0,DepartmentMappingsPage
FNDA:0,(anonymous_2)
FNDA:0,(anonymous_3)
DA:8,0
DA:9,0
DA:10,0
DA:11,0
DA:13,0
DA:18,0
DA:19,0
DA:20,0
DA:21,0
DA:24,0
DA:25,0
DA:27,0
LF:12
LH:0
BRDA:10,0,0,0
BRDA:10,0,1,0
BRF:2
BRH:0
end_of_record
TN:
SF:app/(dashboard)/settings/email/loading.tsx
FNF:0
FNH:0
LF:0
LH:0
BRF:0
BRH:0
end_of_record
TN:
SF:app/(dashboard)/settings/email/page.tsx
FN:32,EmailSettingsPage
FN:52,(anonymous_1)
FN:53,(anonymous_2)
FN:74,(anonymous_3)
FN:91,(anonymous_4)
FN:103,(anonymous_5)
FN:125,(anonymous_6)
FN:146,(anonymous_7)
FN:174,(anonymous_8)
FN:278,(anonymous_9)
FN:288,(anonymous_10)
FN:299,(anonymous_11)
FN:309,(anonymous_12)
FN:320,(anonymous_13)
FN:358,(anonymous_14)
FN:394,(anonymous_15)
FNF:16
FNH:0
FNDA:0,EmailSettingsPage
FNDA:0,(anonymous_1)
FNDA:0,(anonymous_2)
FNDA:0,(anonymous_3)
FNDA:0,(anonymous_4)
FNDA:0,(anonymous_5)
FNDA:0,(anonymous_6)
FNDA:0,(anonymous_7)
FNDA:0,(anonymous_8)
FNDA:0,(anonymous_9)
FNDA:0,(anonymous_10)
FNDA:0,(anonymous_11)
FNDA:0,(anonymous_12)
FNDA:0,(anonymous_13)
FNDA:0,(anonymous_14)
FNDA:0,(anonymous_15)
DA:1,0
DA:33,0
DA:34,0
DA:35,0
DA:44,0
DA:45,0
DA:46,0
DA:47,0
DA:48,0
DA:49,0
DA:50,0
DA:52,0
DA:53,0
DA:54,0
DA:55,0
DA:56,0
DA:58,0
DA:59,0
DA:60,0
DA:63,0
DA:64,0
DA:66,0
DA:67,0
DA:71,0
DA:74,0
DA:75,0
DA:76,0
DA:77,0
DA:78,0
DA:87,0
DA:91,0
DA:92,0
DA:93,0
DA:94,0
DA:95,0
DA:96,0
DA:99,0
DA:103,0
DA:104,0
DA:105,0
DA:106,0
DA:107,0
DA:113,0
DA:114,0
DA:116,0
DA:119,0
DA:121,0
DA:125,0
DA:126,0
DA:127,0
DA:128,0
DA:129,0
DA:130,0
DA:131,0
DA:132,0
DA:134,0
DA:135,0
DA:137,0
DA:140,0
DA:142,0
DA:146,0
DA:147,0
DA:148,0
DA:149,0
DA:150,0
DA:153,0
DA:154,0
DA:155,0
DA:161,0
DA:162,0
DA:163,0
DA:165,0
DA:168,0
DA:170,0
DA:174,0
DA:175,0
DA:176,0
DA:177,0
DA:178,0
DA:182,0
DA:183,0
DA:184,0
DA:186,0
DA:187,0
DA:190,0
DA:191,0
DA:193,0
DA:197,0
DA:198,0
DA:201,0
DA:278,0
DA:288,0
DA:299,0
DA:309,0
DA:320,0
DA:358,0
DA:395,0
LF:97
LH:0
BRDA:58,0,0,0
BRDA:58,0,1,0
BRDA:79,1,0,0
BRDA:79,1,1,0
BRDA:80,2,0,0
BRDA:80,2,1,0
BRDA:81,3,0,0
BRDA:81,3,1,0
BRDA:82,4,0,0
BRDA:82,4,1,0
BRDA:83,5,0,0
BRDA:83,5,1,0
BRDA:84,6,0,0
BRDA:84,6,1,0
BRDA:94,7,0,0
BRDA:94,7,1,0
BRDA:104,8,0,0
BRDA:104,8,1,0
BRDA:113,9,0,0
BRDA:113,9,1,0
BRDA:126,10,0,0
BRDA:126,10,1,0
BRDA:134,11,0,0
BRDA:134,11,1,0
BRDA:147,12,0,0
BRDA:147,12,1,0
BRDA:148,13,0,0
BRDA:148,13,1,0
BRDA:161,14,0,0
BRDA:161,14,1,0
BRDA:175,15,0,0
BRDA:175,15,1,0
BRDA:182,16,0,0
BRDA:182,16,1,0
BRDA:187,17,0,0
BRDA:187,17,1,0
BRDA:190,18,0,0
BRDA:190,18,1,0
BRDA:197,19,0,0
BRDA:197,19,1,0
BRDA:211,20,0,0
BRDA:211,20,1,0
BRDA:221,21,0,0
BRDA:221,21,1,0
BRDA:231,22,0,0
BRDA:231,22,1,0
BRDA:250,23,0,0
BRDA:250,23,1,0
BRDA:252,24,0,0
BRDA:252,24,1,0
BRDA:288,25,0,0
BRDA:288,25,1,0
BRDA:335,26,0,0
BRDA:335,26,1,0
BRDA:343,27,0,0
BRDA:343,27,1,0
BRDA:344,28,0,0
BRDA:344,28,1,0
BRDA:345,29,0,0
BRDA:345,29,1,0
BRDA:365,30,0,0
BRDA:365,30,1,0
BRDA:367,31,0,0
BRDA:367,31,1,0
BRDA:405,32,0,0
BRDA:405,32,1,0
BRF:66
BRH:0
end_of_record
TN:
SF:app/(dashboard)/settings/health/loading.tsx
FNF:0
FNH:0
LF:0
LH:0
BRF:0
BRH:0
end_of_record
TN:
SF:app/(dashboard)/settings/health/page.tsx
FN:71,HealthPage
FN:79,(anonymous_1)
FN:134,(anonymous_2)
FN:140,(anonymous_3)
FN:142,(anonymous_4)
FN:143,(anonymous_5)
FN:146,(anonymous_6)
FN:180,(anonymous_7)
FN:192,(anonymous_8)
FN:385,(anonymous_9)
FN:417,(anonymous_10)
FNF:11
FNH:0
FNDA:0,HealthPage
FNDA:0,(anonymous_1)
FNDA:0,(anonymous_2)
FNDA:0,(anonymous_3)
FNDA:0,(anonymous_4)
FNDA:0,(anonymous_5)
FNDA:0,(anonymous_6)
FNDA:0,(anonymous_7)
FNDA:0,(anonymous_8)
FNDA:0,(anonymous_9)
FNDA:0,(anonymous_10)
DA:1,0
DA:72,0
DA:73,0
DA:74,0
DA:75,0
DA:77,0
DA:79,0
DA:80,0
DA:81,0
DA:82,0
DA:83,0
DA:85,0
DA:86,0
DA:87,0
DA:88,0
DA:89,0
DA:90,0
DA:92,0
DA:93,0
DA:94,0
DA:95,0
DA:96,0
DA:97,0
DA:100,0
DA:103,0
DA:104,0
DA:106,0
DA:107,0
DA:108,0
DA:109,0
DA:110,0
DA:130,0
DA:134,0
DA:135,0
DA:140,0
DA:141,0
DA:142,0
DA:143,0
DA:146,0
DA:147,0
DA:148,0
DA:149,0
DA:151,0
DA:152,0
DA:153,0
DA:156,0
DA:157,0
DA:158,0
DA:164,0
DA:167,0
DA:180,0
DA:192,0
DA:386,0
DA:418,0
LF:54
LH:0
BRDA:79,0,0,0
BRDA:79,1,0,0
BRDA:82,2,0,0
BRDA:82,2,1,0
BRDA:85,3,0,0
BRDA:85,3,1,0
BRDA:90,4,0,0
BRDA:90,4,1,0
BRDA:93,5,0,0
BRDA:93,5,1,0
BRDA:104,6,0,0
BRDA:104,6,1,0
BRDA:108,7,0,0
BRDA:108,7,1,0
BRDA:141,8,0,0
BRDA:141,8,1,0
BRDA:151,9,0,0
BRDA:151,9,1,0
BRDA:152,10,0,0
BRDA:152,10,1,0
BRDA:156,11,0,0
BRDA:156,11,1,0
BRDA:157,12,0,0
BRDA:157,12,1,0
BRDA:183,13,0,0
BRDA:183,13,1,0
BRDA:190,14,0,0
BRDA:190,14,1,0
BRDA:205,15,0,0
BRDA:205,15,1,0
BRDA:207,16,0,0
BRDA:207,16,1,0
BRDA:284,17,0,0
BRDA:284,17,1,0
BRDA:300,18,0,0
BRDA:300,18,1,0
BRDA:308,19,0,0
BRDA:308,19,1,0
BRDA:308,19,2,0
BRDA:363,20,0,0
BRDA:363,20,1,0
BRDA:383,21,0,0
BRDA:383,21,1,0
BRDA:383,21,2,0
BRDA:396,22,0,0
BRDA:396,22,1,0
BRDA:415,23,0,0
BRDA:415,23,1,0
BRDA:440,24,0,0
BRDA:440,24,1,0
BRF:50
BRH:0
end_of_record
TN:
SF:app/(dashboard)/settings/logging/LoggingSettingsForm.tsx
FN:26,LoggingSettingsForm
FN:48,(anonymous_1)
FN:49,loadSettings
FN:69,(anonymous_3)
FN:92,(anonymous_4)
FN:121,(anonymous_5)
FN:158,(anonymous_6)
FNF:7
FNH:0
FNDA:0,LoggingSettingsForm
FNDA:0,(anonymous_1)
FNDA:0,loadSettings
FNDA:0,(anonymous_3)
FNDA:0,(anonymous_4)
FNDA:0,(anonymous_5)
FNDA:0,(anonymous_6)
DA:1,0
DA:17,0
DA:27,0
DA:28,0
DA:29,0
DA:36,0
DA:48,0
DA:50,0
DA:51,0
DA:52,0
DA:53,0
DA:54,0
DA:55,0
DA:56,0
DA:57,0
DA:60,0
DA:61,0
DA:63,0
DA:66,0
DA:69,0
DA:70,0
DA:71,0
DA:72,0
DA:78,0
DA:79,0
DA:81,0
DA:82,0
DA:85,0
DA:86,0
DA:88,0
DA:92,0
DA:93,0
DA:95,0
DA:97,0
DA:101,0
DA:102,0
DA:105,0
DA:121,0
DA:158,0
LF:39
LH:0
BRDA:52,0,0,0
BRDA:52,0,1,0
BRDA:78,1,0,0
BRDA:78,1,1,0
BRDA:82,2,0,0
BRDA:82,2,1,0
BRDA:101,3,0,0
BRDA:101,3,1,0
BRDA:146,4,0,0
BRDA:146,4,1,0
BRDA:166,5,0,0
BRDA:166,5,1,0
BRF:12
BRH:0
end_of_record
TN:
SF:app/(dashboard)/settings/logging/loading.tsx
FNF:0
FNH:0
LF:0
LH:0
BRF:0
BRH:0
end_of_record
TN:
SF:app/(dashboard)/settings/logging/page.tsx
FN:6,LoggingSettingsPage
FNF:1
FNH:0
FNDA:0,LoggingSettingsPage
DA:7,0
DA:9,0
DA:10,0
DA:13,0
DA:15,0
LF:5
LH:0
BRDA:9,0,0,0
BRDA:9,0,1,0
BRF:2
BRH:0
end_of_record
TN:
SF:app/(dashboard)/settings/permissions/loading.tsx
FNF:0
FNH:0
LF:0
LH:0
BRF:0
BRH:0
end_of_record
TN:
SF:app/(dashboard)/settings/permissions/page.tsx
FN:9,PermissionsPage
FNF:1
FNH:0
FNDA:0,PermissionsPage
DA:4,0
DA:10,0
LF:2
LH:0
BRF:0
BRH:0
end_of_record
TN:
SF:app/(dashboard)/settings/sessions/loading.tsx
FNF:0
FNH:0
LF:0
LH:0
BRF:0
BRH:0
end_of_record
TN:
SF:app/(dashboard)/settings/sessions/page.tsx
FN:10,SessionsPage
FN:15,(anonymous_1)
FN:19,(anonymous_2)
FN:30,(anonymous_3)
FN:42,(anonymous_4)
FN:85,(anonymous_5)
FN:110,(anonymous_6)
FNF:7
FNH:0
FNDA:0,SessionsPage
FNDA:0,(anonymous_1)
FNDA:0,(anonymous_2)
FNDA:0,(anonymous_3)
FNDA:0,(anonymous_4)
FNDA:0,(anonymous_5)
FNDA:0,(anonymous_6)
DA:1,0
DA:11,0
DA:12,0
DA:13,0
DA:15,0
DA:16,0
DA:19,0
DA:20,0
DA:21,0
DA:22,0
DA:23,0
DA:25,0
DA:27,0
DA:30,0
DA:31,0
DA:33,0
DA:34,0
DA:35,0
DA:36,0
DA:38,0
DA:42,0
DA:43,0
DA:45,0
DA:46,0
DA:47,0
DA:48,0
DA:50,0
DA:54,0
DA:86,0
DA:110,0
LF:30
LH:0
BRDA:22,0,0,0
BRDA:22,0,1,0
BRDA:23,1,0,0
BRDA:23,1,1,0
BRDA:25,2,0,0
BRDA:25,2,1,0
BRDA:31,3,0,0
BRDA:31,3,1,0
BRDA:34,4,0,0
BRDA:34,4,1,0
BRDA:38,5,0,0
BRDA:38,5,1,0
BRDA:43,6,0,0
BRDA:43,6,1,0
BRDA:46,7,0,0
BRDA:46,7,1,0
BRDA:50,8,0,0
BRDA:50,8,1,0
BRDA:66,9,0,0
BRDA:66,9,1,0
BRDA:77,10,0,0
BRDA:77,10,1,0
BRDA:89,11,0,0
BRDA:89,11,1,0
BRDA:93,12,0,0
BRDA:93,12,1,0
BRDA:97,13,0,0
BRDA:97,13,1,0
BRDA:102,14,0,0
BRDA:102,14,1,0
BRF:30
BRH:0
end_of_record
TN:
SF:app/(dashboard)/settings/system/SystemSettingsForm.tsx
FN:28,SystemSettingsForm
FN:52,(anonymous_1)
FN:53,loadSettings
FN:75,(anonymous_3)
FN:178,(anonymous_4)
FN:189,(anonymous_5)
FNF:6
FNH:0
FNDA:0,SystemSettingsForm
FNDA:0,(anonymous_1)
FNDA:0,loadSettings
FNDA:0,(anonymous_3)
FNDA:0,(anonymous_4)
FNDA:0,(anonymous_5)
DA:1,0
DA:17,0
DA:29,0
DA:30,0
DA:31,0
DA:38,0
DA:52,0
DA:54,0
DA:55,0
DA:56,0
DA:57,0
DA:58,0
DA:59,0
DA:60,0
DA:61,0
DA:62,0
DA:63,0
DA:66,0
DA:67,0
DA:69,0
DA:72,0
DA:75,0
DA:76,0
DA:77,0
DA:78,0
DA:84,0
DA:85,0
DA:87,0
DA:88,0
DA:91,0
DA:92,0
DA:94,0
DA:98,0
DA:99,0
DA:102,0
DA:178,0
DA:189,0
LF:37
LH:0
BRDA:56,0,0,0
BRDA:56,0,1,0
BRDA:59,1,0,0
BRDA:59,1,1,0
BRDA:84,2,0,0
BRDA:84,2,1,0
BRDA:88,3,0,0
BRDA:88,3,1,0
BRDA:98,4,0,0
BRDA:98,4,1,0
BRDA:117,5,0,0
BRDA:117,5,1,0
BRDA:146,6,0,0
BRDA:146,6,1,0
BRDA:158,7,0,0
BRDA:158,7,1,0
BRDA:197,8,0,0
BRDA:197,8,1,0
BRF:18
BRH:0
end_of_record
TN:
SF:app/(dashboard)/settings/system/loading.tsx
FNF:0
FNH:0
LF:0
LH:0
BRF:0
BRH:0
end_of_record
TN:
SF:app/(dashboard)/settings/system/page.tsx
FN:6,SystemSettingsPage
FNF:1
FNH:0
FNDA:0,SystemSettingsPage
DA:7,0
DA:9,0
DA:10,0
DA:13,0
DA:15,0
LF:5
LH:0
BRDA:9,0,0,0
BRDA:9,0,1,0
BRF:2
BRH:0
end_of_record
TN:
SF:app/(dashboard)/settings/warehouses/loading.tsx
FNF:0
FNH:0
LF:0
LH:0
BRF:0
BRH:0
end_of_record
TN:
SF:app/(dashboard)/settings/warehouses/page.tsx
FN:11,WarehousesPage
FN:22,WarehouseSkeleton
FN:37,(anonymous_2)
FNF:3
FNH:0
FNDA:0,WarehousesPage
FNDA:0,WarehouseSkeleton
FNDA:0,(anonymous_2)
DA:6,0
DA:12,0
DA:13,0
DA:15,0
DA:23,0
DA:38,0
LF:6
LH:0
BRDA:13,0,0,0
BRDA:13,0,1,0
BRF:2
BRH:0
end_of_record
TN:
SF:app/(dashboard)/tags/loading.tsx
FNF:0
FNH:0
LF:0
LH:0
BRF:0
BRH:0
end_of_record
TN:
SF:app/(dashboard)/tags/page.tsx
FN:29,getTagCodeValue
FN:35,getTagDisplayName
FN:47,(anonymous_2)
FN:50,(anonymous_3)
FN:70,TagGeneratorPage
FN:82,(anonymous_5)
FN:86,(anonymous_6)
FN:88,(anonymous_7)
FN:98,(anonymous_8)
FN:112,(anonymous_9)
FN:113,(anonymous_10)
FN:114,(anonymous_11)
FN:116,(anonymous_12)
FN:123,(anonymous_13)
FN:132,(anonymous_14)
FN:161,(anonymous_15)
FN:187,(anonymous_16)
FN:281,(anonymous_17)
FN:317,(anonymous_18)
FN:373,(anonymous_19)
FN:378,(anonymous_20)
FN:403,(anonymous_21)
FN:427,(anonymous_22)
FN:434,(anonymous_23)
FN:435,(anonymous_24)
FN:442,(anonymous_25)
FN:519,(anonymous_26)
FNF:27
FNH:0
FNDA:0,getTagCodeValue
FNDA:0,getTagDisplayName
FNDA:0,(anonymous_2)
FNDA:0,(anonymous_3)
FNDA:0,TagGeneratorPage
FNDA:0,(anonymous_5)
FNDA:0,(anonymous_6)
FNDA:0,(anonymous_7)
FNDA:0,(anonymous_8)
FNDA:0,(anonymous_9)
FNDA:0,(anonymous_10)
FNDA:0,(anonymous_11)
FNDA:0,(anonymous_12)
FNDA:0,(anonymous_13)
FNDA:0,(anonymous_14)
FNDA:0,(anonymous_15)
FNDA:0,(anonymous_16)
FNDA:0,(anonymous_17)
FNDA:0,(anonymous_18)
FNDA:0,(anonymous_19)
FNDA:0,(anonymous_20)
FNDA:0,(anonymous_21)
FNDA:0,(anonymous_22)
FNDA:0,(anonymous_23)
FNDA:0,(anonymous_24)
FNDA:0,(anonymous_25)
FNDA:0,(anonymous_26)
DA:1,0
DA:27,0
DA:30,0
DA:31,0
DA:32,0
DA:36,0
DA:37,0
DA:39,0
DA:40,0
DA:43,0
DA:47,0
DA:48,0
DA:50,0
DA:51,0
DA:52,0
DA:53,0
DA:62,0
DA:67,0
DA:71,0
DA:72,0
DA:73,0
DA:74,0
DA:75,0
DA:76,0
DA:77,0
DA:78,0
DA:79,0
DA:80,0
DA:82,0
DA:83,0
DA:86,0
DA:87,0
DA:88,0
DA:89,0
DA:92,0
DA:94,0
DA:98,0
DA:99,0
DA:100,0
DA:101,0
DA:102,0
DA:103,0
DA:105,0
DA:106,0
DA:108,0
DA:112,0
DA:113,0
DA:114,0
DA:115,0
DA:116,0
DA:118,0
DA:123,0
DA:124,0
DA:125,0
DA:126,0
DA:128,0
DA:129,0
DA:132,0
DA:133,0
DA:134,0
DA:135,0
DA:138,0
DA:139,0
DA:141,0
DA:143,0
DA:144,0
DA:145,0
DA:146,0
DA:147,0
DA:148,0
DA:149,0
DA:150,0
DA:151,0
DA:152,0
DA:155,0
DA:156,0
DA:157,0
DA:161,0
DA:164,0
DA:170,0
DA:173,0
DA:174,0
DA:175,0
DA:176,0
DA:178,0
DA:180,0
DA:181,0
DA:183,0
DA:187,0
DA:188,0
DA:189,0
DA:190,0
DA:199,0
DA:200,0
DA:203,0
DA:204,0
DA:206,0
DA:207,0
DA:208,0
DA:209,0
DA:210,0
DA:213,0
DA:214,0
DA:215,0
DA:216,0
DA:217,0
DA:219,0
DA:220,0
DA:221,0
DA:222,0
DA:223,0
DA:224,0
DA:225,0
DA:226,0
DA:227,0
DA:229,0
DA:230,0
DA:234,0
DA:235,0
DA:236,0
DA:237,0
DA:248,0
DA:249,0
DA:253,0
DA:254,0
DA:255,0
DA:256,0
DA:258,0
DA:259,0
DA:260,0
DA:261,0
DA:264,0
DA:265,0
DA:266,0
DA:267,0
DA:269,0
DA:272,0
DA:278,0
DA:281,0
DA:282,0
DA:283,0
DA:285,0
DA:317,0
DA:318,0
DA:319,0
DA:321,0
DA:356,0
DA:358,0
DA:373,0
DA:378,0
DA:403,0
DA:427,0
DA:435,0
DA:436,0
DA:437,0
DA:438,0
DA:439,0
DA:442,0
DA:519,0
LF:159
LH:0
BRDA:31,0,0,0
BRDA:31,0,1,0
BRDA:36,1,0,0
BRDA:36,1,1,0
BRDA:37,2,0,0
BRDA:37,2,1,0
BRDA:37,3,0,0
BRDA:37,3,1,0
BRDA:39,4,0,0
BRDA:39,4,1,0
BRDA:39,5,0,0
BRDA:39,5,1,0
BRDA:40,6,0,0
BRDA:40,6,1,0
BRDA:47,7,0,0
BRDA:51,8,0,0
BRDA:51,8,1,0
BRDA:51,9,0,0
BRDA:51,9,1,0
BRDA:87,10,0,0
BRDA:87,10,1,0
BRDA:89,11,0,0
BRDA:89,11,1,0
BRDA:115,12,0,0
BRDA:115,12,1,0
BRDA:124,13,0,0
BRDA:124,13,1,0
BRDA:133,14,0,0
BRDA:133,14,1,0
BRDA:203,15,0,0
BRDA:203,15,1,0
BRDA:203,16,0,0
BRDA:203,16,1,0
BRDA:234,17,0,0
BRDA:234,17,1,0
BRDA:234,18,0,0
BRDA:234,18,1,0
BRDA:287,19,0,0
BRDA:287,19,1,0
BRDA:287,19,2,0
BRDA:290,20,0,0
BRDA:290,20,1,0
BRDA:294,21,0,0
BRDA:294,21,1,0
BRDA:294,21,2,0
BRDA:298,22,0,0
BRDA:298,22,1,0
BRDA:327,23,0,0
BRDA:327,23,1,0
BRDA:327,23,2,0
BRDA:330,24,0,0
BRDA:330,24,1,0
BRDA:334,25,0,0
BRDA:334,25,1,0
BRDA:334,25,2,0
BRDA:338,26,0,0
BRDA:338,26,1,0
BRDA:356,27,0,0
BRDA:356,27,1,0
BRDA:423,28,0,0
BRDA:423,28,1,0
BRDA:444,29,0,0
BRDA:444,29,1,0
BRDA:449,30,0,0
BRDA:449,30,1,0
BRDA:460,31,0,0
BRDA:460,31,1,0
BRDA:463,32,0,0
BRDA:463,32,1,0
BRDA:468,33,0,0
BRDA:468,33,1,0
BRDA:481,34,0,0
BRDA:481,34,1,0
BRDA:481,35,0,0
BRDA:481,35,1,0
BRDA:486,36,0,0
BRDA:486,36,1,0
BRDA:501,37,0,0
BRDA:501,37,1,0
BRDA:504,38,0,0
BRDA:504,38,1,0
BRDA:510,39,0,0
BRDA:510,39,1,0
BRF:83
BRH:0
end_of_record
TN:
SF:app/(dashboard)/users/loading.tsx
FNF:0
FNH:0
LF:0
LH:0
BRF:0
BRH:0
end_of_record
TN:
SF:app/(dashboard)/users/page.tsx
FN:34,UserManagementPage
FN:48,(anonymous_1)
FN:52,(anonymous_2)
FN:55,(anonymous_3)
FN:66,(anonymous_4)
FN:78,(anonymous_5)
FN:84,(anonymous_6)
FN:90,(anonymous_7)
FN:95,(anonymous_8)
FN:109,(anonymous_9)
FN:150,(anonymous_10)
FN:177,(anonymous_11)
FN:207,(anonymous_12)
FN:215,(anonymous_13)
FNF:14
FNH:0
FNDA:0,UserManagementPage
FNDA:0,(anonymous_1)
FNDA:0,(anonymous_2)
FNDA:0,(anonymous_3)
FNDA:0,(anonymous_4)
FNDA:0,(anonymous_5)
FNDA:0,(anonymous_6)
FNDA:0,(anonymous_7)
FNDA:0,(anonymous_8)
FNDA:0,(anonymous_9)
FNDA:0,(anonymous_10)
FNDA:0,(anonymous_11)
FNDA:0,(anonymous_12)
FNDA:0,(anonymous_13)
DA:1,0
DA:35,0
DA:36,0
DA:37,0
DA:38,0
DA:39,0
DA:40,0
DA:41,0
DA:42,0
DA:43,0
DA:44,0
DA:45,0
DA:46,0
DA:48,0
DA:49,0
DA:52,0
DA:54,0
DA:55,0
DA:56,0
DA:60,0
DA:62,0
DA:66,0
DA:67,0
DA:68,0
DA:69,0
DA:70,0
DA:71,0
DA:73,0
DA:75,0
DA:78,0
DA:79,0
DA:80,0
DA:81,0
DA:84,0
DA:85,0
DA:86,0
DA:87,0
DA:90,0
DA:91,0
DA:92,0
DA:95,0
DA:96,0
DA:98,0
DA:99,0
DA:100,0
DA:101,0
DA:103,0
DA:105,0
DA:106,0
DA:109,0
DA:111,0
DA:112,0
DA:114,0
DA:117,0
DA:118,0
DA:119,0
DA:120,0
DA:122,0
DA:126,0
DA:128,0
DA:150,0
DA:178,0
DA:207,0
DA:215,0
LF:64
LH:0
BRDA:54,0,0,0
BRDA:54,0,1,0
BRDA:56,1,0,0
BRDA:56,1,1,0
BRDA:56,1,2,0
BRDA:69,2,0,0
BRDA:69,2,1,0
BRDA:70,3,0,0
BRDA:70,3,1,0
BRDA:71,4,0,0
BRDA:71,4,1,0
BRDA:73,5,0,0
BRDA:73,5,1,0
BRDA:96,6,0,0
BRDA:96,6,1,0
BRDA:99,7,0,0
BRDA:99,7,1,0
BRDA:103,8,0,0
BRDA:103,8,1,0
BRDA:111,9,0,0
BRDA:111,9,1,0
BRDA:117,10,0,0
BRDA:117,10,1,0
BRDA:118,11,0,0
BRDA:118,11,1,0
BRDA:122,12,0,0
BRDA:122,12,1,0
BRDA:126,13,0,0
BRDA:126,13,1,0
BRDA:158,14,0,0
BRDA:158,14,1,0
BRDA:162,15,0,0
BRDA:162,15,1,0
BRDA:182,16,0,0
BRDA:182,16,1,0
BRDA:185,17,0,0
BRDA:185,17,1,0
BRDA:191,18,0,0
BRDA:191,18,1,0
BRDA:195,19,0,0
BRDA:195,19,1,0
BRDA:198,20,0,0
BRDA:198,20,1,0
BRDA:231,21,0,0
BRDA:231,21,1,0
BRF:45
BRH:0
end_of_record
TN:
SF:app/(dashboard)/warehouse/loading.tsx
FNF:0
FNH:0
LF:0
LH:0
BRF:0
BRH:0
end_of_record
TN:
SF:app/(dashboard)/warehouse/page.tsx
FN:12,WarehouseManagementPage
FN:19,(anonymous_1)
FNF:2
FNH:0
FNDA:0,WarehouseManagementPage
FNDA:0,(anonymous_1)
DA:1,0
DA:13,0
DA:14,0
DA:16,0
DA:17,0
DA:19,0
DA:20,0
DA:22,0
DA:23,0
DA:27,0
DA:28,0
DA:37,0
LF:12
LH:0
BRDA:16,0,0,0
BRDA:16,0,1,0
BRDA:17,1,0,0
BRDA:17,1,1,0
BRDA:22,2,0,0
BRDA:22,2,1,0
BRDA:27,3,0,0
BRDA:27,3,1,0
BRF:8
BRH:0
end_of_record
TN:
SF:app/api/auth/[...nextauth]/route.ts
FNF:0
FNH:0
DA:3,0
LF:1
LH:0
BRF:0
BRH:0
end_of_record
TN:
SF:app/api/cron/overdue/route.ts
FN:6,GET
FNF:1
FNH:0
FNDA:0,GET
DA:4,0
DA:7,0
DA:9,0
DA:10,0
DA:11,0
DA:14,0
DA:16,0
DA:17,0
DA:20,0
DA:27,0
DA:28,0
LF:11
LH:0
BRDA:10,0,0,0
BRDA:10,0,1,0
BRDA:10,1,0,0
BRDA:10,1,1,0
BRDA:16,2,0,0
BRDA:16,2,1,0
BRF:6
BRH:0
end_of_record
TN:
SF:app/api/debug/create-test-warehouse/route.ts
FN:5,GET
FNF:1
FNH:0
FNDA:0,GET
DA:6,0
DA:7,0
DA:10,0
DA:11,0
DA:12,0
DA:13,0
DA:16,0
DA:19,0
DA:20,0
DA:21,0
DA:23,0
DA:26,0
DA:37,0
DA:39,0
DA:46,0
LF:15
LH:0
BRDA:6,0,0,0
BRDA:6,0,1,0
BRDA:12,1,0,0
BRDA:12,1,1,0
BRDA:20,2,0,0
BRDA:20,2,1,0
BRDA:20,3,0,0
BRDA:20,3,1,0
BRDA:20,3,2,0
BRF:9
BRH:0
end_of_record
TN:
SF:app/api/debug/trigger-notification/route.ts
FN:4,GET
FNF:1
FNH:0
FNDA:0,GET
DA:5,0
DA:6,0
DA:9,0
DA:10,0
DA:11,0
DA:13,0
LF:6
LH:0
BRDA:5,0,0,0
BRDA:5,0,1,0
BRF:2
BRH:0
end_of_record
TN:
SF:app/api/uploadthing/core.ts
FN:11,(anonymous_0)
FNF:1
FNH:0
FNDA:0,(anonymous_0)
DA:3,0
DA:6,0
DA:13,0
DA:16,0
LF:4
LH:0
BRF:0
BRH:0
end_of_record
TN:
SF:app/api/uploadthing/route.ts
FNF:0
FNH:0
DA:5,0
LF:1
LH:0
BRF:0
BRH:0
end_of_record
TN:
SF:app/debug/page.tsx
FN:1,DebugPage
FNF:1
FNH:0
FNDA:0,DebugPage
DA:2,0
LF:1
LH:0
BRF:0
BRH:0
end_of_record
TN:
SF:app/forgot-password/page.tsx
FN:10,ForgotPasswordPage
FN:17,(anonymous_1)
FN:61,(anonymous_2)
FNF:3
FNH:0
FNDA:0,ForgotPasswordPage
FNDA:0,(anonymous_1)
FNDA:0,(anonymous_2)
DA:1,0
DA:11,0
DA:12,0
DA:13,0
DA:14,0
DA:15,0
DA:17,0
DA:18,0
DA:19,0
DA:21,0
DA:23,0
DA:24,0
DA:25,0
DA:28,0
DA:61,0
LF:15
LH:0
BRDA:46,0,0,0
BRDA:46,0,1,0
BRDA:49,1,0,0
BRDA:49,1,1,0
BRDA:74,2,0,0
BRDA:74,2,1,0
BRF:6
BRH:0
end_of_record
TN:
SF:app/login/page.tsx
FN:10,LoginPage
FNF:1
FNH:0
FNDA:0,LoginPage
DA:6,0
DA:11,0
DA:13,0
DA:14,0
DA:17,0
LF:5
LH:0
BRDA:13,0,0,0
BRDA:13,0,1,0
BRF:2
BRH:0
end_of_record
TN:
SF:app/register/page.tsx
FN:13,RegisterPage
FN:20,(anonymous_1)
FN:22,(anonymous_2)
FN:109,(anonymous_3)
FN:134,(anonymous_4)
FN:184,RegisterButton
FNF:6
FNH:0
FNDA:0,RegisterPage
FNDA:0,(anonymous_1)
FNDA:0,(anonymous_2)
FNDA:0,(anonymous_3)
FNDA:0,(anonymous_4)
FNDA:0,RegisterButton
DA:1,0
DA:14,0
DA:15,0
DA:16,0
DA:17,0
DA:18,0
DA:20,0
DA:21,0
DA:22,0
DA:23,0
DA:28,0
DA:109,0
DA:134,0
DA:185,0
DA:186,0
DA:188,0
LF:16
LH:0
BRDA:21,0,0,0
BRDA:21,0,1,0
BRDA:46,1,0,0
BRDA:46,1,1,0
BRDA:49,2,0,0
BRDA:49,2,1,0
BRDA:100,3,0,0
BRDA:100,3,1,0
BRDA:112,4,0,0
BRDA:112,4,1,0
BRDA:125,5,0,0
BRDA:125,5,1,0
BRDA:137,6,0,0
BRDA:137,6,1,0
BRDA:142,7,0,0
BRDA:142,7,1,0
BRDA:194,8,0,0
BRDA:194,8,1,0
BRF:18
BRH:0
end_of_record
TN:
SF:app/reset-password/page.tsx
FN:11,ResetPasswordContent
FN:25,(anonymous_1)
FN:82,(anonymous_2)
FN:90,(anonymous_3)
FN:108,(anonymous_4)
FN:116,(anonymous_5)
FN:161,ResetPasswordFallback
FN:169,ResetPasswordPage
FNF:8
FNH:0
FNDA:0,ResetPasswordContent
FNDA:0,(anonymous_1)
FNDA:0,(anonymous_2)
FNDA:0,(anonymous_3)
FNDA:0,(anonymous_4)
FNDA:0,(anonymous_5)
FNDA:0,ResetPasswordFallback
FNDA:0,ResetPasswordPage
DA:1,0
DA:12,0
DA:13,0
DA:14,0
DA:16,0
DA:17,0
DA:18,0
DA:19,0
DA:20,0
DA:21,0
DA:22,0
DA:23,0
DA:25,0
DA:26,0
DA:27,0
DA:29,0
DA:30,0
DA:31,0
DA:34,0
DA:35,0
DA:36,0
DA:39,0
DA:40,0
DA:41,0
DA:43,0
DA:44,0
DA:45,0
DA:49,0
DA:82,0
DA:90,0
DA:108,0
DA:116,0
DA:162,0
DA:170,0
LF:34
LH:0
BRDA:14,0,0,0
BRDA:14,0,1,0
BRDA:29,1,0,0
BRDA:29,1,1,0
BRDA:34,2,0,0
BRDA:34,2,1,0
BRDA:43,3,0,0
BRDA:43,3,1,0
BRDA:67,4,0,0
BRDA:67,4,1,0
BRDA:70,5,0,0
BRDA:70,5,1,0
BRDA:80,6,0,0
BRDA:80,6,1,0
BRDA:93,7,0,0
BRDA:93,7,1,0
BRDA:106,8,0,0
BRDA:106,8,1,0
BRDA:119,9,0,0
BRDA:119,9,1,0
BRDA:124,10,0,0
BRDA:124,10,1,0
BRDA:135,11,0,0
BRDA:135,11,1,0
BRF:24
BRH:0
end_of_record
TN:
SF:components/providers.tsx
FN:8,Providers
FNF:1
FNH:0
FNDA:0,Providers
DA:1,0
DA:15,0
LF:2
LH:0
BRF:0
BRH:0
end_of_record
TN:
SF:components/auth/login-form.tsx
FN:22,LoginForm
FN:30,(anonymous_1)
FN:35,(anonymous_2)
FN:39,(anonymous_3)
FN:75,(anonymous_4)
FN:92,(anonymous_5)
FN:100,(anonymous_6)
FN:166,(anonymous_7)
FN:170,(anonymous_8)
FN:188,LoginButton
FNF:10
FNH:0
FNDA:0,LoginForm
FNDA:0,(anonymous_1)
FNDA:0,(anonymous_2)
FNDA:0,(anonymous_3)
FNDA:0,(anonymous_4)
FNDA:0,(anonymous_5)
FNDA:0,(anonymous_6)
FNDA:0,(anonymous_7)
FNDA:0,(anonymous_8)
FNDA:0,LoginButton
DA:1,0
DA:13,0
DA:23,0
DA:24,0
DA:25,0
DA:26,0
DA:27,0
DA:28,0
DA:30,0
DA:31,0
DA:32,0
DA:35,0
DA:36,0
DA:39,0
DA:40,0
DA:41,0
DA:45,0
DA:75,0
DA:92,0
DA:100,0
DA:167,0
DA:170,0
DA:189,0
DA:190,0
DA:192,0
LF:25
LH:0
BRDA:89,0,0,0
BRDA:89,0,1,0
BRDA:103,1,0,0
BRDA:103,1,1,0
BRDA:133,2,0,0
BRDA:133,2,1,0
BRDA:196,3,0,0
BRDA:196,3,1,0
BRDA:197,4,0,0
BRDA:197,4,1,0
BRDA:201,5,0,0
BRDA:201,5,1,0
BRF:12
BRH:0
end_of_record
TN:
SF:components/dashboard/check-overdue-button.tsx
FN:10,CheckOverdueButton
FN:13,(anonymous_1)
FNF:2
FNH:0
FNDA:0,CheckOverdueButton
FNDA:0,(anonymous_1)
DA:1,0
DA:11,0
DA:13,0
DA:14,0
DA:15,0
DA:16,0
DA:17,0
DA:18,0
DA:20,0
DA:21,0
DA:23,0
DA:27,0
DA:29,0
DA:33,0
LF:14
LH:0
BRDA:17,0,0,0
BRDA:17,0,1,0
BRDA:20,1,0,0
BRDA:20,1,1,0
BRDA:41,2,0,0
BRDA:41,2,1,0
BRDA:42,3,0,0
BRDA:42,3,1,0
BRF:8
BRH:0
end_of_record
TN:
SF:components/dashboard/low-stock-widget.tsx
FN:13,LowStockWidget
FN:17,(anonymous_1)
FN:18,load
FN:61,(anonymous_3)
FNF:4
FNH:0
FNDA:0,LowStockWidget
FNDA:0,(anonymous_1)
FNDA:0,load
FNDA:0,(anonymous_3)
DA:1,0
DA:14,0
DA:15,0
DA:17,0
DA:19,0
DA:23,0
DA:24,0
DA:26,0
DA:28,0
DA:31,0
DA:34,0
DA:36,0
DA:62,0
LF:13
LH:0
BRDA:24,0,0,0
BRDA:24,0,1,0
BRDA:34,1,0,0
BRDA:34,1,1,0
BRDA:47,2,0,0
BRDA:47,2,1,0
BRDA:54,3,0,0
BRDA:54,3,1,0
BRDA:64,4,0,0
BRDA:64,4,1,0
BRDA:87,5,0,0
BRDA:87,5,1,0
BRF:12
BRH:0
end_of_record
TN:
SF:components/dashboard/requests-table.tsx
FN:24,RequestsTable
FN:34,(anonymous_1)
FN:47,(anonymous_2)
FN:55,(anonymous_3)
FN:63,(anonymous_4)
FN:71,(anonymous_5)
FN:79,(anonymous_6)
FN:119,(anonymous_7)
FN:125,(anonymous_8)
FN:134,(anonymous_9)
FN:171,(anonymous_10)
FN:197,(anonymous_11)
FN:212,(anonymous_12)
FN:252,(anonymous_13)
FN:282,(anonymous_14)
FN:305,(anonymous_15)
FN:314,(anonymous_16)
FNF:17
FNH:0
FNDA:0,RequestsTable
FNDA:0,(anonymous_1)
FNDA:0,(anonymous_2)
FNDA:0,(anonymous_3)
FNDA:0,(anonymous_4)
FNDA:0,(anonymous_5)
FNDA:0,(anonymous_6)
FNDA:0,(anonymous_7)
FNDA:0,(anonymous_8)
FNDA:0,(anonymous_9)
FNDA:0,(anonymous_10)
FNDA:0,(anonymous_11)
FNDA:0,(anonymous_12)
FNDA:0,(anonymous_13)
FNDA:0,(anonymous_14)
FNDA:0,(anonymous_15)
FNDA:0,(anonymous_16)
DA:1,0
DA:25,0
DA:26,0
DA:27,0
DA:30,0
DA:31,0
DA:32,0
DA:34,0
DA:35,0
DA:36,0
DA:38,0
DA:39,0
DA:40,0
DA:41,0
DA:43,0
DA:47,0
DA:48,0
DA:49,0
DA:50,0
DA:51,0
DA:55,0
DA:56,0
DA:57,0
DA:58,0
DA:60,0
DA:61,0
DA:63,0
DA:64,0
DA:67,0
DA:71,0
DA:72,0
DA:73,0
DA:74,0
DA:75,0
DA:79,0
DA:80,0
DA:81,0
DA:82,0
DA:83,0
DA:87,0
DA:88,0
DA:99,0
DA:119,0
DA:125,0
DA:135,0
DA:172,0
DA:197,0
DA:212,0
DA:253,0
DA:283,0
DA:305,0
DA:314,0
LF:52
LH:0
BRDA:35,0,0,0
BRDA:35,0,1,0
BRDA:48,1,0,0
BRDA:48,1,1,0
BRDA:60,2,0,0
BRDA:60,2,1,0
BRDA:64,3,0,0
BRDA:64,3,1,0
BRDA:67,4,0,0
BRDA:67,4,1,0
BRDA:72,5,0,0
BRDA:72,5,1,0
BRDA:72,5,2,0
BRDA:80,6,0,0
BRDA:80,6,1,0
BRDA:80,6,2,0
BRDA:87,7,0,0
BRDA:87,7,1,0
BRDA:146,8,0,0
BRDA:146,8,1,0
BRDA:149,9,0,0
BRDA:149,9,1,0
BRDA:150,10,0,0
BRDA:150,10,1,0
BRDA:154,11,0,0
BRDA:154,11,1,0
BRDA:180,12,0,0
BRDA:180,12,1,0
BRDA:180,12,2,0
BRDA:193,13,0,0
BRDA:193,13,1,0
BRDA:200,14,0,0
BRDA:200,14,1,0
BRDA:215,15,0,0
BRDA:215,15,1,0
BRDA:228,16,0,0
BRDA:228,16,1,0
BRDA:267,17,0,0
BRDA:267,17,1,0
BRDA:270,18,0,0
BRDA:270,18,1,0
BRDA:271,19,0,0
BRDA:271,19,1,0
BRDA:288,20,0,0
BRDA:288,20,1,0
BRDA:288,20,2,0
BRDA:295,21,0,0
BRDA:295,21,1,0
BRDA:300,22,0,0
BRDA:300,22,1,0
BRDA:308,23,0,0
BRDA:308,23,1,0
BRDA:317,24,0,0
BRDA:317,24,1,0
BRDA:322,25,0,0
BRDA:322,25,1,0
BRF:56
BRH:0
end_of_record
TN:
SF:components/dashboard/user-form-dialog.tsx
FN:35,UserFormDialog
FN:48,(anonymous_1)
FN:71,(anonymous_2)
FN:115,(anonymous_3)
FN:155,(anonymous_4)
FN:171,(anonymous_5)
FN:189,(anonymous_6)
FN:201,(anonymous_7)
FN:211,(anonymous_8)
FN:231,(anonymous_9)
FN:248,(anonymous_10)
FN:259,(anonymous_11)
FNF:12
FNH:0
FNDA:0,UserFormDialog
FNDA:0,(anonymous_1)
FNDA:0,(anonymous_2)
FNDA:0,(anonymous_3)
FNDA:0,(anonymous_4)
FNDA:0,(anonymous_5)
FNDA:0,(anonymous_6)
FNDA:0,(anonymous_7)
FNDA:0,(anonymous_8)
FNDA:0,(anonymous_9)
FNDA:0,(anonymous_10)
FNDA:0,(anonymous_11)
DA:1,0
DA:36,0
DA:37,0
DA:45,0
DA:46,0
DA:48,0
DA:49,0
DA:50,0
DA:59,0
DA:68,0
DA:71,0
DA:72,0
DA:75,0
DA:76,0
DA:77,0
DA:78,0
DA:79,0
DA:83,0
DA:84,0
DA:85,0
DA:86,0
DA:87,0
DA:88,0
DA:89,0
DA:90,0
DA:91,0
DA:92,0
DA:93,0
DA:98,0
DA:99,0
DA:100,0
DA:101,0
DA:105,0
DA:106,0
DA:107,0
DA:108,0
DA:111,0
DA:112,0
DA:115,0
DA:116,0
DA:118,0
DA:119,0
DA:122,0
DA:125,0
DA:126,0
DA:130,0
DA:131,0
DA:134,0
DA:155,0
DA:171,0
DA:189,0
DA:201,0
DA:211,0
DA:231,0
DA:249,0
DA:250,0
DA:251,0
DA:252,0
DA:259,0
LF:59
LH:0
BRDA:35,0,0,0
BRDA:49,1,0,0
BRDA:49,1,1,0
BRDA:49,2,0,0
BRDA:49,2,1,0
BRDA:51,3,0,0
BRDA:51,3,1,0
BRDA:53,4,0,0
BRDA:53,4,1,0
BRDA:54,5,0,0
BRDA:54,5,1,0
BRDA:55,6,0,0
BRDA:55,6,1,0
BRDA:56,7,0,0
BRDA:56,7,1,0
BRDA:76,8,0,0
BRDA:76,8,1,0
BRDA:78,9,0,0
BRDA:78,9,1,0
BRDA:83,10,0,0
BRDA:83,10,1,0
BRDA:83,11,0,0
BRDA:83,11,1,0
BRDA:84,12,0,0
BRDA:84,12,1,0
BRDA:86,13,0,0
BRDA:86,13,1,0
BRDA:88,14,0,0
BRDA:88,14,1,0
BRDA:90,15,0,0
BRDA:90,15,1,0
BRDA:92,16,0,0
BRDA:92,16,1,0
BRDA:98,17,0,0
BRDA:98,17,1,0
BRDA:100,18,0,0
BRDA:100,18,1,0
BRDA:105,19,0,0
BRDA:105,19,1,0
BRDA:107,20,0,0
BRDA:107,20,1,0
BRDA:118,21,0,0
BRDA:118,21,1,0
BRDA:126,22,0,0
BRDA:126,22,1,0
BRDA:126,23,0,0
BRDA:126,23,1,0
BRDA:139,24,0,0
BRDA:139,24,1,0
BRDA:141,25,0,0
BRDA:141,25,1,0
BRDA:157,26,0,0
BRDA:157,26,1,0
BRDA:159,27,0,0
BRDA:159,27,1,0
BRDA:165,28,0,0
BRDA:165,28,1,0
BRDA:172,29,0,0
BRDA:172,29,1,0
BRDA:173,30,0,0
BRDA:173,30,1,0
BRDA:175,31,0,0
BRDA:175,31,1,0
BRDA:176,32,0,0
BRDA:176,32,1,0
BRDA:190,33,0,0
BRDA:190,33,1,0
BRDA:192,34,0,0
BRDA:192,34,1,0
BRDA:203,35,0,0
BRDA:203,35,1,0
BRDA:205,36,0,0
BRDA:205,36,1,0
BRDA:216,37,0,0
BRDA:216,37,1,0
BRDA:244,38,0,0
BRDA:244,38,1,0
BRDA:249,39,0,0
BRDA:249,39,1,0
BRDA:251,40,0,0
BRDA:251,40,1,0
BRDA:252,41,0,0
BRDA:252,41,1,0
BRDA:263,42,0,0
BRDA:263,42,1,0
BRDA:263,43,0,0
BRDA:263,43,1,0
BRF:87
BRH:0
end_of_record
TN:
SF:components/inventory/InventoryRemoteControls.tsx
FN:9,InventoryRemoteControls
FN:14,(anonymous_1)
FN:25,(anonymous_2)
FN:40,(anonymous_3)
FNF:4
FNH:0
FNDA:0,InventoryRemoteControls
FNDA:0,(anonymous_1)
FNDA:0,(anonymous_2)
FNDA:0,(anonymous_3)
DA:1,0
DA:10,0
DA:11,0
DA:12,0
DA:14,0
DA:15,0
DA:16,0
DA:17,0
DA:18,0
DA:20,0
DA:22,0
DA:25,0
DA:26,0
DA:27,0
DA:28,0
DA:29,0
DA:32,0
DA:40,0
LF:18
LH:0
BRDA:17,0,0,0
BRDA:17,0,1,0
BRDA:48,1,0,0
BRDA:48,1,1,0
BRF:4
BRH:0
end_of_record
TN:
SF:components/layout/Notifications.tsx
FN:9,Notifications
FN:14,(anonymous_1)
FN:19,handleClickOutside
FN:25,(anonymous_3)
FN:31,(anonymous_4)
FN:42,(anonymous_5)
FN:48,(anonymous_6)
FN:57,(anonymous_7)
FN:90,(anonymous_8)
FN:100,(anonymous_9)
FNF:10
FNH:0
FNDA:0,Notifications
FNDA:0,(anonymous_1)
FNDA:0,handleClickOutside
FNDA:0,(anonymous_3)
FNDA:0,(anonymous_4)
FNDA:0,(anonymous_5)
FNDA:0,(anonymous_6)
FNDA:0,(anonymous_7)
FNDA:0,(anonymous_8)
FNDA:0,(anonymous_9)
DA:1,0
DA:10,0
DA:11,0
DA:12,0
DA:14,0
DA:15,0
DA:16,0
DA:20,0
DA:21,0
DA:24,0
DA:25,0
DA:26,0
DA:27,0
DA:31,0
DA:32,0
DA:33,0
DA:34,0
DA:35,0
DA:36,0
DA:38,0
DA:42,0
DA:43,0
DA:44,0
DA:45,0
DA:48,0
DA:49,0
DA:50,0
DA:51,0
DA:54,0
DA:57,0
DA:91,0
DA:100,0
LF:32
LH:0
BRDA:20,0,0,0
BRDA:20,0,1,0
BRDA:20,1,0,0
BRDA:20,1,1,0
BRDA:33,2,0,0
BRDA:33,2,1,0
BRDA:35,3,0,0
BRDA:35,3,1,0
BRDA:35,4,0,0
BRDA:35,4,1,0
BRDA:61,5,0,0
BRDA:61,5,1,0
BRDA:66,6,0,0
BRDA:66,6,1,0
BRDA:70,7,0,0
BRDA:70,7,1,0
BRDA:83,8,0,0
BRDA:83,8,1,0
BRF:18
BRH:0
end_of_record
TN:
SF:components/layout/header-search.tsx
FN:11,SearchInput
FNF:1
FNH:0
FNDA:0,SearchInput
DA:1,0
DA:12,0
DA:13,0
LF:3
LH:0
BRF:0
BRH:0
end_of_record
TN:
SF:components/layout/header-title.tsx
FN:13,HeaderTitle
FNF:1
FNH:0
FNDA:0,HeaderTitle
DA:1,0
DA:14,0
DA:15,0
DA:17,0
DA:18,0
DA:21,0
DA:29,0
LF:7
LH:0
BRDA:21,0,0,0
BRDA:21,0,1,0
BRF:2
BRH:0
end_of_record
TN:
SF:components/layout/header.tsx
FN:9,Header
FNF:1
FNH:0
FNDA:0,Header
DA:10,0
DA:11,0
DA:13,0
LF:3
LH:0
BRDA:31,0,0,0
BRDA:31,0,1,0
BRF:2
BRH:0
end_of_record
TN:
SF:components/layout/locale-toggle.tsx
FN:21,LocaleToggle
FN:24,(anonymous_1)
FN:39,(anonymous_2)
FN:48,(anonymous_3)
FNF:4
FNH:0
FNDA:0,LocaleToggle
FNDA:0,(anonymous_1)
FNDA:0,(anonymous_2)
FNDA:0,(anonymous_3)
DA:1,0
DA:16,0
DA:22,0
DA:24,0
DA:25,0
DA:26,0
DA:27,0
DA:29,0
DA:33,0
DA:40,0
DA:41,0
DA:48,0
LF:12
LH:0
BRDA:25,0,0,0
BRDA:25,0,1,0
BRDA:27,1,0,0
BRDA:27,1,1,0
BRDA:49,2,0,0
BRDA:49,2,1,0
BRDA:52,3,0,0
BRDA:52,3,1,0
BRF:8
BRH:0
end_of_record
TN:
SF:components/layout/notification-bell.tsx
FN:14,NotificationBell
FN:22,(anonymous_1)
FN:34,(anonymous_2)
FN:37,(anonymous_3)
FN:44,(anonymous_4)
FN:51,(anonymous_5)
FN:56,(anonymous_6)
FN:64,(anonymous_7)
FN:75,handleClickOutside
FN:84,(anonymous_9)
FN:91,(anonymous_10)
FN:97,(anonymous_11)
FN:112,(anonymous_12)
FN:161,(anonymous_13)
FN:178,(anonymous_14)
FNF:15
FNH:0
FNDA:0,NotificationBell
FNDA:0,(anonymous_1)
FNDA:0,(anonymous_2)
FNDA:0,(anonymous_3)
FNDA:0,(anonymous_4)
FNDA:0,(anonymous_5)
FNDA:0,(anonymous_6)
FNDA:0,(anonymous_7)
FNDA:0,handleClickOutside
FNDA:0,(anonymous_9)
FNDA:0,(anonymous_10)
FNDA:0,(anonymous_11)
FNDA:0,(anonymous_12)
FNDA:0,(anonymous_13)
FNDA:0,(anonymous_14)
DA:1,0
DA:15,0
DA:16,0
DA:17,0
DA:18,0
DA:19,0
DA:20,0
DA:22,0
DA:23,0
DA:24,0
DA:25,0
DA:26,0
DA:27,0
DA:30,0
DA:34,0
DA:35,0
DA:37,0
DA:38,0
DA:39,0
DA:40,0
DA:44,0
DA:45,0
DA:46,0
DA:47,0
DA:51,0
DA:52,0
DA:53,0
DA:56,0
DA:57,0
DA:61,0
DA:62,0
DA:64,0
DA:65,0
DA:66,0
DA:67,0
DA:70,0
DA:71,0
DA:76,0
DA:77,0
DA:81,0
DA:82,0
DA:84,0
DA:85,0
DA:86,0
DA:87,0
DA:91,0
DA:92,0
DA:93,0
DA:94,0
DA:97,0
DA:98,0
DA:99,0
DA:100,0
DA:101,0
DA:102,0
DA:103,0
DA:105,0
DA:106,0
DA:109,0
DA:112,0
DA:162,0
DA:178,0
LF:62
LH:0
BRDA:14,0,0,0
BRDA:25,1,0,0
BRDA:25,1,1,0
BRDA:27,2,0,0
BRDA:27,2,1,0
BRDA:39,3,0,0
BRDA:39,3,1,0
BRDA:45,4,0,0
BRDA:45,4,1,0
BRDA:52,5,0,0
BRDA:52,5,1,0
BRDA:52,6,0,0
BRDA:52,6,1,0
BRDA:65,7,0,0
BRDA:65,7,1,0
BRDA:76,8,0,0
BRDA:76,8,1,0
BRDA:76,9,0,0
BRDA:76,9,1,0
BRDA:100,10,0,0
BRDA:100,10,1,0
BRDA:115,11,0,0
BRDA:115,11,1,0
BRDA:119,12,0,0
BRDA:119,12,1,0
BRDA:124,13,0,0
BRDA:124,13,1,0
BRDA:129,14,0,0
BRDA:129,14,1,0
BRDA:135,15,0,0
BRDA:135,15,1,0
BRDA:151,16,0,0
BRDA:151,16,1,0
BRDA:190,17,0,0
BRDA:190,17,1,0
BRF:35
BRH:0
end_of_record
TN:
SF:components/layout/profile-dropdown.tsx
FN:28,ProfileDropdown
FN:33,(anonymous_1)
FN:108,(anonymous_2)
FN:127,(anonymous_3)
FN:151,(anonymous_4)
FNF:5
FNH:0
FNDA:0,ProfileDropdown
FNDA:0,(anonymous_1)
FNDA:0,(anonymous_2)
FNDA:0,(anonymous_3)
FNDA:0,(anonymous_4)
DA:1,0
DA:29,0
DA:30,0
DA:31,0
DA:33,0
DA:34,0
DA:35,0
DA:36,0
DA:37,0
DA:41,0
DA:109,0
DA:110,0
DA:128,0
DA:129,0
DA:151,0
LF:15
LH:0
BRDA:30,0,0,0
BRDA:30,0,1,0
BRDA:31,1,0,0
BRDA:31,1,1,0
BRDA:34,2,0,0
BRDA:34,2,1,0
BRDA:36,3,0,0
BRDA:36,3,1,0
BRDA:50,4,0,0
BRDA:50,4,1,0
BRDA:70,5,0,0
BRDA:70,5,1,0
BRDA:116,6,0,0
BRDA:116,6,1,0
BRDA:124,7,0,0
BRDA:124,7,1,0
BRDA:135,8,0,0
BRDA:135,8,1,0
BRDA:143,9,0,0
BRDA:143,9,1,0
BRF:20
BRH:0
end_of_record
TN:
SF:components/layout/sidebar.tsx
FN:148,sidebarLabelKey
FN:152,isHrefActive
FN:158,(anonymous_2)
FN:163,(anonymous_3)
FN:170,Sidebar
FN:179,(anonymous_5)
FN:188,(anonymous_6)
FN:201,(anonymous_7)
FN:234,(anonymous_8)
FN:259,(anonymous_9)
FN:263,(anonymous_10)
FN:269,(anonymous_11)
FN:269,(anonymous_12)
FN:294,(anonymous_13)
FNF:14
FNH:0
FNDA:0,sidebarLabelKey
FNDA:0,isHrefActive
FNDA:0,(anonymous_2)
FNDA:0,(anonymous_3)
FNDA:0,Sidebar
FNDA:0,(anonymous_5)
FNDA:0,(anonymous_6)
FNDA:0,(anonymous_7)
FNDA:0,(anonymous_8)
FNDA:0,(anonymous_9)
FNDA:0,(anonymous_10)
FNDA:0,(anonymous_11)
FNDA:0,(anonymous_12)
FNDA:0,(anonymous_13)
DA:1,0
DA:54,0
DA:111,0
DA:119,0
DA:149,0
DA:153,0
DA:154,0
DA:156,0
DA:158,0
DA:161,0
DA:162,0
DA:163,0
DA:164,0
DA:167,0
DA:171,0
DA:172,0
DA:173,0
DA:174,0
DA:175,0
DA:176,0
DA:179,0
DA:180,0
DA:184,0
DA:188,0
DA:201,0
DA:236,0
DA:240,0
DA:246,0
DA:247,0
DA:251,0
DA:252,0
DA:255,0
DA:256,0
DA:259,0
DA:260,0
DA:261,0
DA:263,0
DA:264,0
DA:266,0
DA:269,0
DA:295,0
DA:297,0
DA:324,0
DA:325,0
LF:44
LH:0
BRDA:149,0,0,0
BRDA:149,0,1,0
BRDA:154,1,0,0
BRDA:154,1,1,0
BRDA:156,2,0,0
BRDA:156,2,1,0
BRDA:164,3,0,0
BRDA:164,3,1,0
BRDA:191,4,0,0
BRDA:191,4,1,0
BRDA:196,5,0,0
BRDA:196,5,1,0
BRDA:211,6,0,0
BRDA:211,6,1,0
BRDA:236,7,0,0
BRDA:236,7,1,0
BRDA:236,8,0,0
BRDA:236,8,1,0
BRDA:240,9,0,0
BRDA:240,9,1,0
BRDA:240,10,0,0
BRDA:240,10,1,0
BRDA:244,11,0,0
BRDA:244,11,1,0
BRDA:244,11,2,0
BRDA:247,12,0,0
BRDA:247,12,1,0
BRDA:251,13,0,0
BRDA:251,13,1,0
BRDA:251,14,0,0
BRDA:251,14,1,0
BRDA:252,15,0,0
BRDA:252,15,1,0
BRDA:252,16,0,0
BRDA:252,16,1,0
BRDA:252,16,2,0
BRDA:255,17,0,0
BRDA:255,17,1,0
BRDA:256,18,0,0
BRDA:256,18,1,0
BRDA:257,19,0,0
BRDA:257,19,1,0
BRDA:259,20,0,0
BRDA:259,20,1,0
BRDA:260,21,0,0
BRDA:260,21,1,0
BRDA:260,22,0,0
BRDA:260,22,1,0
BRDA:264,23,0,0
BRDA:264,23,1,0
BRDA:264,23,2,0
BRDA:271,24,0,0
BRDA:271,24,1,0
BRDA:271,24,2,0
BRDA:275,25,0,0
BRDA:275,25,1,0
BRDA:279,26,0,0
BRDA:279,26,1,0
BRDA:282,27,0,0
BRDA:282,27,1,0
BRDA:286,28,0,0
BRDA:286,28,1,0
BRDA:303,29,0,0
BRDA:303,29,1,0
BRDA:308,30,0,0
BRDA:308,30,1,0
BRDA:310,31,0,0
BRDA:310,31,1,0
BRDA:328,32,0,0
BRDA:328,32,1,0
BRDA:331,33,0,0
BRDA:331,33,1,0
BRDA:337,34,0,0
BRDA:337,34,1,0
BRDA:340,35,0,0
BRDA:340,35,1,0
BRF:76
BRH:0
end_of_record
TN:
SF:components/layout/sign-out-dialog.tsx
FN:37,SignOutDialog
FN:42,(anonymous_1)
FN:90,(anonymous_2)
FNF:3
FNH:0
FNDA:0,SignOutDialog
FNDA:0,(anonymous_1)
FNDA:0,(anonymous_2)
DA:1,0
DA:38,0
DA:39,0
DA:40,0
DA:42,0
DA:43,0
DA:45,0
DA:50,0
DA:51,0
DA:56,0
DA:63,0
DA:65,0
DA:66,0
DA:67,0
DA:71,0
DA:91,0
DA:92,0
LF:17
LH:0
BRDA:56,0,0,0
BRDA:56,0,1,0
BRDA:57,1,0,0
BRDA:57,1,1,0
BRDA:57,1,2,0
BRDA:57,1,3,0
BRDA:57,1,4,0
BRDA:94,2,0,0
BRDA:94,2,1,0
BRDA:95,3,0,0
BRDA:95,3,1,0
BRDA:100,4,0,0
BRDA:100,4,1,0
BRF:13
BRH:0
end_of_record
TN:
SF:components/settings/category-dialog.tsx
FN:28,CategoryDialog
FN:33,(anonymous_1)
FN:40,(anonymous_2)
FN:95,(anonymous_3)
FN:105,(anonymous_4)
FNF:5
FNH:0
FNDA:0,CategoryDialog
FNDA:0,(anonymous_1)
FNDA:0,(anonymous_2)
FNDA:0,(anonymous_3)
FNDA:0,(anonymous_4)
DA:1,0
DA:29,0
DA:30,0
DA:31,0
DA:33,0
DA:34,0
DA:35,0
DA:36,0
DA:40,0
DA:41,0
DA:42,0
DA:43,0
DA:44,0
DA:47,0
DA:48,0
DA:49,0
DA:50,0
DA:51,0
DA:52,0
DA:53,0
DA:55,0
DA:56,0
DA:57,0
DA:60,0
DA:61,0
DA:62,0
DA:64,0
DA:65,0
DA:66,0
DA:70,0
DA:71,0
DA:73,0
DA:77,0
DA:95,0
DA:105,0
LF:35
LH:0
BRDA:34,0,0,0
BRDA:34,0,1,0
BRDA:35,1,0,0
BRDA:35,1,1,0
BRDA:36,2,0,0
BRDA:36,2,1,0
BRDA:42,3,0,0
BRDA:42,3,1,0
BRDA:50,4,0,0
BRDA:50,4,1,0
BRDA:52,5,0,0
BRDA:52,5,1,0
BRDA:61,6,0,0
BRDA:61,6,1,0
BRDA:81,7,0,0
BRDA:81,7,1,0
BRDA:83,8,0,0
BRDA:83,8,1,0
BRDA:110,9,0,0
BRDA:110,9,1,0
BRDA:111,10,0,0
BRDA:111,10,1,0
BRF:22
BRH:0
end_of_record
TN:
SF:components/settings/permissions-client.tsx
FN:39,PermissionsClient
FN:44,(anonymous_1)
FN:48,(anonymous_2)
FN:59,(anonymous_3)
FN:67,(anonymous_4)
FN:68,(anonymous_5)
FN:70,(anonymous_6)
FN:81,(anonymous_7)
FN:82,(anonymous_8)
FN:124,(anonymous_9)
FN:130,(anonymous_10)
FN:136,(anonymous_11)
FN:140,(anonymous_12)
FNF:13
FNH:0
FNDA:0,PermissionsClient
FNDA:0,(anonymous_1)
FNDA:0,(anonymous_2)
FNDA:0,(anonymous_3)
FNDA:0,(anonymous_4)
FNDA:0,(anonymous_5)
FNDA:0,(anonymous_6)
FNDA:0,(anonymous_7)
FNDA:0,(anonymous_8)
FNDA:0,(anonymous_9)
FNDA:0,(anonymous_10)
FNDA:0,(anonymous_11)
FNDA:0,(anonymous_12)
DA:1,0
DA:20,0
DA:21,0
DA:40,0
DA:41,0
DA:42,0
DA:44,0
DA:45,0
DA:48,0
DA:49,0
DA:50,0
DA:51,0
DA:52,0
DA:54,0
DA:56,0
DA:59,0
DA:61,0
DA:64,0
DA:65,0
DA:67,0
DA:68,0
DA:69,0
DA:70,0
DA:72,0
DA:75,0
DA:77,0
DA:81,0
DA:82,0
DA:91,0
DA:94,0
DA:95,0
DA:98,0
DA:125,0
DA:131,0
DA:137,0
DA:140,0
LF:36
LH:0
BRDA:51,0,0,0
BRDA:51,0,1,0
BRDA:52,1,0,0
BRDA:52,1,1,0
BRDA:65,2,0,0
BRDA:65,2,1,0
BRDA:68,3,0,0
BRDA:68,3,1,0
BRDA:69,4,0,0
BRDA:69,4,1,0
BRDA:70,5,0,0
BRDA:70,5,1,0
BRDA:82,6,0,0
BRDA:82,6,1,0
BRDA:91,7,0,0
BRDA:91,7,1,0
BRDA:94,8,0,0
BRDA:94,8,1,0
BRF:18
BRH:0
end_of_record
TN:
SF:components/settings/test-email-button.tsx
FN:9,TestEmailButton
FN:12,(anonymous_1)
FNF:2
FNH:0
FNDA:0,TestEmailButton
FNDA:0,(anonymous_1)
DA:1,0
DA:10,0
DA:12,0
DA:13,0
DA:14,0
DA:16,0
DA:17,0
DA:19,0
DA:20,0
DA:22,0
DA:25,0
DA:27,0
DA:31,0
LF:13
LH:0
BRDA:19,0,0,0
BRDA:19,0,1,0
BRDA:20,1,0,0
BRDA:20,1,1,0
BRDA:22,2,0,0
BRDA:22,2,1,0
BRDA:39,3,0,0
BRDA:39,3,1,0
BRF:8
BRH:0
end_of_record
TN:
SF:components/settings/warehouse-client.tsx
FN:41,WarehouseClient
FN:51,(anonymous_1)
FN:70,(anonymous_2)
FN:73,(anonymous_3)
FN:81,(anonymous_4)
FN:87,(anonymous_5)
FN:100,(anonymous_6)
FN:120,(anonymous_7)
FN:146,(anonymous_8)
FN:152,(anonymous_9)
FN:160,(anonymous_10)
FN:185,(anonymous_11)
FN:210,(anonymous_12)
FN:218,(anonymous_13)
FN:241,(anonymous_14)
FN:241,(anonymous_15)
FN:250,(anonymous_16)
FN:250,(anonymous_17)
FN:268,(anonymous_18)
FN:273,(anonymous_19)
FN:279,(anonymous_20)
FNF:21
FNH:0
FNDA:0,WarehouseClient
FNDA:0,(anonymous_1)
FNDA:0,(anonymous_2)
FNDA:0,(anonymous_3)
FNDA:0,(anonymous_4)
FNDA:0,(anonymous_5)
FNDA:0,(anonymous_6)
FNDA:0,(anonymous_7)
FNDA:0,(anonymous_8)
FNDA:0,(anonymous_9)
FNDA:0,(anonymous_10)
FNDA:0,(anonymous_11)
FNDA:0,(anonymous_12)
FNDA:0,(anonymous_13)
FNDA:0,(anonymous_14)
FNDA:0,(anonymous_15)
FNDA:0,(anonymous_16)
FNDA:0,(anonymous_17)
FNDA:0,(anonymous_18)
FNDA:0,(anonymous_19)
FNDA:0,(anonymous_20)
DA:1,0
DA:39,0
DA:42,0
DA:43,0
DA:44,0
DA:45,0
DA:46,0
DA:47,0
DA:48,0
DA:49,0
DA:51,0
DA:52,0
DA:53,0
DA:54,0
DA:55,0
DA:56,0
DA:57,0
DA:58,0
DA:60,0
DA:63,0
DA:65,0
DA:66,0
DA:70,0
DA:71,0
DA:72,0
DA:73,0
DA:74,0
DA:80,0
DA:81,0
DA:82,0
DA:83,0
DA:87,0
DA:88,0
DA:91,0
DA:100,0
DA:120,0
DA:146,0
DA:152,0
DA:161,0
DA:186,0
DA:210,0
DA:218,0
DA:241,0
DA:250,0
DA:268,0
DA:273,0
DA:279,0
LF:47
LH:0
BRDA:52,0,0,0
BRDA:52,0,1,0
BRDA:56,1,0,0
BRDA:56,1,1,0
BRDA:60,2,0,0
BRDA:60,2,1,0
BRDA:72,3,0,0
BRDA:72,3,1,0
BRDA:74,4,0,0
BRDA:74,4,1,0
BRDA:139,5,0,0
BRDA:139,5,1,0
BRDA:142,6,0,0
BRDA:142,6,1,0
BRDA:166,7,0,0
BRDA:166,7,1,0
BRDA:167,8,0,0
BRDA:167,8,1,0
BRDA:169,9,0,0
BRDA:169,9,1,0
BRDA:170,10,0,0
BRDA:170,10,1,0
BRDA:172,11,0,0
BRDA:172,11,1,0
BRDA:172,11,2,0
BRDA:177,12,0,0
BRDA:177,12,1,0
BRDA:177,12,2,0
BRDA:186,13,0,0
BRDA:186,13,1,0
BRDA:187,14,0,0
BRDA:187,14,1,0
BRDA:189,15,0,0
BRDA:189,15,1,0
BRDA:192,16,0,0
BRDA:192,16,1,0
BRDA:192,16,2,0
BRDA:200,17,0,0
BRDA:200,17,1,0
BRDA:232,18,0,0
BRDA:232,18,1,0
BRDA:268,19,0,0
BRDA:268,19,1,0
BRDA:268,19,2,0
BRDA:283,20,0,0
BRDA:283,20,1,0
BRF:46
BRH:0
end_of_record
TN:
SF:components/settings/warehouse-dialog.tsx
FN:23,WarehouseDialog
FN:43,(anonymous_1)
FN:52,(anonymous_2)
FN:59,(anonymous_3)
FN:71,(anonymous_4)
FN:81,(anonymous_5)
FN:133,(anonymous_6)
FN:134,(anonymous_7)
FN:136,(anonymous_8)
FN:141,(anonymous_9)
FN:147,(anonymous_10)
FN:168,(anonymous_11)
FN:178,(anonymous_12)
FN:207,(anonymous_13)
FN:225,(anonymous_14)
FN:244,(anonymous_15)
FN:255,(anonymous_16)
FN:262,(anonymous_17)
FN:290,(anonymous_18)
FNF:19
FNH:0
FNDA:0,WarehouseDialog
FNDA:0,(anonymous_1)
FNDA:0,(anonymous_2)
FNDA:0,(anonymous_3)
FNDA:0,(anonymous_4)
FNDA:0,(anonymous_5)
FNDA:0,(anonymous_6)
FNDA:0,(anonymous_7)
FNDA:0,(anonymous_8)
FNDA:0,(anonymous_9)
FNDA:0,(anonymous_10)
FNDA:0,(anonymous_11)
FNDA:0,(anonymous_12)
FNDA:0,(anonymous_13)
FNDA:0,(anonymous_14)
FNDA:0,(anonymous_15)
FNDA:0,(anonymous_16)
FNDA:0,(anonymous_17)
FNDA:0,(anonymous_18)
DA:1,0
DA:24,0
DA:25,0
DA:28,0
DA:29,0
DA:30,0
DA:31,0
DA:32,0
DA:33,0
DA:36,0
DA:37,0
DA:38,0
DA:41,0
DA:43,0
DA:44,0
DA:45,0
DA:46,0
DA:47,0
DA:48,0
DA:49,0
DA:50,0
DA:51,0
DA:52,0
DA:54,0
DA:59,0
DA:60,0
DA:66,0
DA:67,0
DA:68,0
DA:71,0
DA:72,0
DA:73,0
DA:74,0
DA:75,0
DA:76,0
DA:77,0
DA:78,0
DA:81,0
DA:82,0
DA:85,0
DA:86,0
DA:87,0
DA:90,0
DA:91,0
DA:92,0
DA:95,0
DA:96,0
DA:97,0
DA:100,0
DA:102,0
DA:112,0
DA:116,0
DA:118,0
DA:119,0
DA:123,0
DA:125,0
DA:133,0
DA:134,0
DA:135,0
DA:136,0
DA:141,0
DA:147,0
DA:148,0
DA:149,0
DA:150,0
DA:153,0
DA:168,0
DA:178,0
DA:208,0
DA:226,0
DA:244,0
DA:256,0
DA:257,0
DA:262,0
DA:290,0
LF:75
LH:0
BRDA:44,0,0,0
BRDA:44,0,1,0
BRDA:46,1,0,0
BRDA:46,1,1,0
BRDA:50,2,0,0
BRDA:50,2,1,0
BRDA:51,3,0,0
BRDA:51,3,1,0
BRDA:66,4,0,0
BRDA:66,4,1,0
BRDA:66,5,0,0
BRDA:66,5,1,0
BRDA:67,6,0,0
BRDA:67,6,1,0
BRDA:67,7,0,0
BRDA:67,7,1,0
BRDA:68,8,0,0
BRDA:68,8,1,0
BRDA:68,9,0,0
BRDA:68,9,1,0
BRDA:85,10,0,0
BRDA:85,10,1,0
BRDA:85,11,0,0
BRDA:85,11,1,0
BRDA:90,12,0,0
BRDA:90,12,1,0
BRDA:90,13,0,0
BRDA:90,13,1,0
BRDA:95,14,0,0
BRDA:95,14,1,0
BRDA:95,15,0,0
BRDA:95,15,1,0
BRDA:106,16,0,0
BRDA:106,16,1,0
BRDA:107,17,0,0
BRDA:107,17,1,0
BRDA:112,18,0,0
BRDA:112,18,1,0
BRDA:118,19,0,0
BRDA:118,19,1,0
BRDA:121,20,0,0
BRDA:121,20,1,0
BRDA:127,21,0,0
BRDA:127,21,1,0
BRDA:135,22,0,0
BRDA:135,22,1,0
BRDA:141,23,0,0
BRDA:141,23,1,0
BRDA:141,23,2,0
BRDA:149,24,0,0
BRDA:149,24,1,0
BRDA:150,25,0,0
BRDA:150,25,1,0
BRDA:157,26,0,0
BRDA:157,26,1,0
BRDA:199,27,0,0
BRDA:199,27,1,0
BRDA:217,28,0,0
BRDA:217,28,1,0
BRDA:250,29,0,0
BRDA:250,29,1,0
BRDA:260,30,0,0
BRDA:260,30,1,0
BRDA:266,31,0,0
BRDA:266,31,1,0
BRDA:267,32,0,0
BRDA:267,32,1,0
BRDA:274,33,0,0
BRDA:274,33,1,0
BRDA:294,34,0,0
BRDA:294,34,1,0
BRDA:295,35,0,0
BRDA:295,35,1,0
BRF:73
BRH:0
end_of_record
TN:
SF:components/ui/alert-dialog.tsx
FN:15,(anonymous_0)
FN:30,(anonymous_1)
FN:48,(anonymous_2)
FN:59,(anonymous_3)
FN:73,(anonymous_4)
FN:85,(anonymous_5)
FN:98,(anonymous_6)
FN:110,(anonymous_7)
FNF:8
FNH:0
FNDA:0,(anonymous_0)
FNDA:0,(anonymous_1)
FNDA:0,(anonymous_2)
FNDA:0,(anonymous_3)
FNDA:0,(anonymous_4)
FNDA:0,(anonymous_5)
FNDA:0,(anonymous_6)
FNDA:0,(anonymous_7)
DA:1,0
DA:9,0
DA:11,0
DA:13,0
DA:15,0
DA:19,0
DA:28,0
DA:30,0
DA:34,0
DA:46,0
DA:48,0
DA:52,0
DA:57,0
DA:59,0
DA:63,0
DA:71,0
DA:73,0
DA:77,0
DA:83,0
DA:85,0
DA:89,0
DA:95,0
DA:98,0
DA:102,0
DA:108,0
DA:110,0
DA:114,0
DA:124,0
LF:28
LH:0
BRF:0
BRH:0
end_of_record
TN:
SF:components/ui/alert.tsx
FN:22,(anonymous_0)
FN:35,(anonymous_1)
FN:47,(anonymous_2)
FNF:3
FNH:0
FNDA:0,(anonymous_0)
FNDA:0,(anonymous_1)
FNDA:0,(anonymous_2)
DA:6,0
DA:22,0
DA:26,0
DA:33,0
DA:35,0
DA:39,0
DA:45,0
DA:47,0
DA:51,0
DA:57,0
LF:10
LH:0
BRF:0
BRH:0
end_of_record
TN:
SF:components/ui/avatar.tsx
FN:8,(anonymous_0)
FN:23,(anonymous_1)
FN:35,(anonymous_2)
FNF:3
FNH:0
FNDA:0,(anonymous_0)
FNDA:0,(anonymous_1)
FNDA:0,(anonymous_2)
DA:1,0
DA:8,0
DA:12,0
DA:21,0
DA:23,0
DA:27,0
DA:33,0
DA:35,0
DA:39,0
DA:48,0
LF:10
LH:0
BRF:0
BRH:0
end_of_record
TN:
SF:components/ui/badge.tsx
FN:32,Badge
FNF:1
FNH:0
FNDA:0,Badge
DA:6,0
DA:33,0
LF:2
LH:0
BRF:0
BRH:0
end_of_record
TN:
SF:components/ui/button.tsx
FN:42,(anonymous_0)
FNF:1
FNH:0
FNDA:0,(anonymous_0)
DA:7,0
DA:42,0
DA:44,0
DA:45,0
DA:54,0
LF:5
LH:0
BRDA:43,0,0,0
BRDA:44,1,0,0
BRDA:44,1,1,0
BRF:3
BRH:0
end_of_record
TN:
SF:components/ui/card.tsx
FN:5,(anonymous_0)
FN:20,(anonymous_1)
FN:32,(anonymous_2)
FN:47,(anonymous_3)
FN:59,(anonymous_4)
FN:67,(anonymous_5)
FNF:6
FNH:0
FNDA:0,(anonymous_0)
FNDA:0,(anonymous_1)
FNDA:0,(anonymous_2)
FNDA:0,(anonymous_3)
FNDA:0,(anonymous_4)
FNDA:0,(anonymous_5)
DA:5,0
DA:9,0
DA:18,0
DA:20,0
DA:24,0
DA:30,0
DA:32,0
DA:36,0
DA:45,0
DA:47,0
DA:51,0
DA:57,0
DA:59,0
DA:63,0
DA:65,0
DA:67,0
DA:71,0
DA:77,0
LF:18
LH:0
BRF:0
BRH:0
end_of_record
TN:
SF:components/ui/checkbox.tsx
FN:9,(anonymous_0)
FNF:1
FNH:0
FNDA:0,(anonymous_0)
DA:1,0
DA:9,0
DA:13,0
DA:28,0
LF:4
LH:0
BRF:0
BRH:0
end_of_record
TN:
SF:components/ui/dialog.tsx
FN:17,(anonymous_0)
FN:32,(anonymous_1)
FN:56,(anonymous_2)
FN:70,(anonymous_3)
FN:84,(anonymous_4)
FN:99,(anonymous_5)
FNF:6
FNH:0
FNDA:0,(anonymous_0)
FNDA:0,(anonymous_1)
FNDA:0,(anonymous_2)
FNDA:0,(anonymous_3)
FNDA:0,(anonymous_4)
FNDA:0,(anonymous_5)
DA:1,0
DA:9,0
DA:11,0
DA:13,0
DA:15,0
DA:17,0
DA:21,0
DA:30,0
DA:32,0
DA:36,0
DA:54,0
DA:56,0
DA:60,0
DA:68,0
DA:70,0
DA:74,0
DA:82,0
DA:84,0
DA:88,0
DA:97,0
DA:99,0
DA:103,0
DA:109,0
LF:23
LH:0
BRF:0
BRH:0
end_of_record
TN:
SF:components/ui/dropdown-menu.tsx
FN:21,(anonymous_0)
FN:43,(anonymous_1)
FN:59,(anonymous_2)
FN:77,(anonymous_3)
FN:95,(anonymous_4)
FN:119,(anonymous_5)
FN:141,(anonymous_6)
FN:159,(anonymous_7)
FN:171,(anonymous_8)
FNF:9
FNH:0
FNDA:0,(anonymous_0)
FNDA:0,(anonymous_1)
FNDA:0,(anonymous_2)
FNDA:0,(anonymous_3)
FNDA:0,(anonymous_4)
FNDA:0,(anonymous_5)
FNDA:0,(anonymous_6)
FNDA:0,(anonymous_7)
FNDA:0,(anonymous_8)
DA:1,0
DA:9,0
DA:11,0
DA:13,0
DA:15,0
DA:17,0
DA:19,0
DA:21,0
DA:27,0
DA:40,0
DA:43,0
DA:47,0
DA:56,0
DA:59,0
DA:63,0
DA:75,0
DA:77,0
DA:83,0
DA:93,0
DA:95,0
DA:99,0
DA:116,0
DA:119,0
DA:123,0
DA:139,0
DA:141,0
DA:147,0
DA:157,0
DA:159,0
DA:163,0
DA:169,0
DA:171,0
DA:175,0
DA:182,0
LF:34
LH:0
BRDA:31,0,0,0
BRDA:31,0,1,0
BRDA:62,1,0,0
BRDA:87,2,0,0
BRDA:87,2,1,0
BRDA:151,3,0,0
BRDA:151,3,1,0
BRF:7
BRH:0
end_of_record
TN:
SF:components/ui/file-upload.tsx
FN:13,(anonymous_0)
FN:21,(anonymous_1)
FN:58,(anonymous_2)
FN:62,(anonymous_3)
FNF:4
FNH:0
FNDA:0,(anonymous_0)
FNDA:0,(anonymous_1)
FNDA:0,(anonymous_2)
FNDA:0,(anonymous_3)
DA:13,0
DA:19,0
DA:21,0
DA:22,0
DA:23,0
DA:24,0
DA:25,0
DA:27,0
DA:29,0
DA:31,0
DA:35,0
DA:36,0
DA:55,0
DA:59,0
DA:60,0
DA:63,0
LF:16
LH:0
BRDA:24,0,0,0
BRDA:24,0,1,0
BRDA:35,1,0,0
BRDA:35,1,1,0
BRDA:49,2,0,0
BRDA:49,2,1,0
BRF:6
BRH:0
end_of_record
TN:
SF:components/ui/input.tsx
FN:8,(anonymous_0)
FNF:1
FNH:0
FNDA:0,(anonymous_0)
DA:8,0
DA:10,0
DA:23,0
LF:3
LH:0
BRF:0
BRH:0
end_of_record
TN:
SF:components/ui/inventory-card.tsx
FN:32,InventoryCard
FN:39,(anonymous_1)
FN:121,(anonymous_2)
FNF:3
FNH:0
FNDA:0,InventoryCard
FNDA:0,(anonymous_1)
FNDA:0,(anonymous_2)
DA:1,0
DA:33,0
DA:34,0
DA:35,0
DA:36,0
DA:37,0
DA:39,0
DA:40,0
DA:42,0
DA:44,0
DA:45,0
DA:46,0
DA:47,0
DA:49,0
DA:52,0
DA:54,0
DA:57,0
DA:122,0
DA:123,0
LF:19
LH:0
BRDA:35,0,0,0
BRDA:35,0,1,0
BRDA:40,1,0,0
BRDA:40,1,1,0
BRDA:44,2,0,0
BRDA:44,2,1,0
BRDA:46,3,0,0
BRDA:46,3,1,0
BRDA:49,4,0,0
BRDA:49,4,1,0
BRDA:66,5,0,0
BRDA:66,5,1,0
BRDA:74,6,0,0
BRDA:74,6,1,0
BRDA:78,7,0,0
BRDA:78,7,1,0
BRDA:90,8,0,0
BRDA:90,8,1,0
BRDA:91,9,0,0
BRDA:91,9,1,0
BRDA:102,10,0,0
BRDA:102,10,1,0
BRDA:105,11,0,0
BRDA:105,11,1,0
BRDA:107,12,0,0
BRDA:107,12,1,0
BRDA:125,13,0,0
BRDA:125,13,1,0
BRDA:127,14,0,0
BRDA:127,14,1,0
BRDA:132,15,0,0
BRDA:132,15,1,0
BRDA:134,16,0,0
BRDA:134,16,1,0
BRDA:135,17,0,0
BRDA:135,17,1,0
BRF:36
BRH:0
end_of_record
TN:
SF:components/ui/label.tsx
FN:13,(anonymous_0)
FNF:1
FNH:0
FNDA:0,(anonymous_0)
DA:1,0
DA:9,0
DA:13,0
DA:18,0
DA:24,0
LF:5
LH:0
BRF:0
BRH:0
end_of_record
TN:
SF:components/ui/magic-card.tsx
FN:13,MagicCard
FN:23,(anonymous_1)
FN:32,(anonymous_2)
FN:37,(anonymous_3)
FNF:4
FNH:0
FNDA:0,MagicCard
FNDA:0,(anonymous_1)
FNDA:0,(anonymous_2)
FNDA:0,(anonymous_3)
DA:1,0
DA:20,0
DA:21,0
[...]
BRDA:111,14,0,0
BRDA:111,14,1,0
BRDA:120,15,0,0
BRDA:120,15,1,0
BRDA:138,16,0,0
BRDA:138,16,1,0
BRF:33
BRH:0
end_of_record
TN:
SF:lib/actions/categories.ts
FN:14,getCategories
FN:31,createCategory
FN:57,updateCategory
FN:78,deleteCategory
FN:96,syncCategories
FNF:5
FNH:0
FNDA:0,getCategories
FNDA:0,createCategory
FNDA:0,updateCategory
FNDA:0,deleteCategory
FNDA:0,syncCategories
DA:1,0
DA:9,0
DA:15,0
DA:16,0
DA:24,0
DA:26,0
DA:27,0
DA:32,0
DA:33,0
DA:35,0
DA:36,0
DA:39,0
DA:42,0
DA:44,0
DA:48,0
DA:49,0
DA:50,0
DA:52,0
DA:53,0
DA:58,0
DA:59,0
DA:61,0
DA:62,0
DA:64,0
DA:69,0
DA:70,0
DA:71,0
DA:73,0
DA:74,0
DA:79,0
DA:80,0
DA:82,0
DA:83,0
DA:87,0
DA:88,0
DA:89,0
DA:91,0
DA:92,0
DA:97,0
DA:98,0
DA:100,0
DA:102,0
DA:107,0
DA:108,0
DA:110,0
DA:111,0
DA:114,0
DA:118,0
DA:119,0
DA:122,0
DA:126,0
DA:130,0
DA:133,0
DA:135,0
DA:136,0
DA:139,0
DA:140,0
LF:57
LH:0
BRDA:33,0,0,0
BRDA:33,0,1,0
BRDA:42,1,0,0
BRDA:42,1,1,0
BRDA:59,2,0,0
BRDA:59,2,1,0
BRDA:80,3,0,0
BRDA:80,3,1,0
BRDA:98,4,0,0
BRDA:98,4,1,0
BRDA:111,5,0,0
BRDA:111,5,1,0
BRDA:118,6,0,0
BRDA:118,6,1,0
BRF:14
BRH:0
end_of_record
TN:
SF:lib/actions/dashboard.ts
FN:6,getDashboardStats
FN:43,(anonymous_1)
FN:63,getLowStockItems
FNF:3
FNH:0
FNDA:0,getDashboardStats
FNDA:0,(anonymous_1)
FNDA:0,getLowStockItems
DA:1,0
DA:7,0
DA:8,0
DA:10,0
DA:11,0
DA:38,0
DA:43,0
DA:52,0
DA:53,0
DA:64,0
DA:65,0
DA:67,0
DA:69,0
DA:83,0
DA:85,0
DA:86,0
LF:16
LH:0
BRDA:8,0,0,0
BRDA:8,0,1,0
BRDA:44,1,0,0
BRDA:44,1,1,0
BRDA:44,2,0,0
BRDA:44,2,1,0
BRDA:65,3,0,0
BRDA:65,3,1,0
BRF:8
BRH:0
end_of_record
TN:
SF:lib/actions/departments.ts
FN:10,backendHeaders
FN:19,getDepartmentMappings
FN:37,getUniqueDepartments
FN:55,getMyMapping
FN:73,saveDepartmentMapping
FN:97,deleteDepartmentMapping
FNF:6
FNH:0
FNDA:0,backendHeaders
FNDA:0,getDepartmentMappings
FNDA:0,getUniqueDepartments
FNDA:0,getMyMapping
FNDA:0,saveDepartmentMapping
FNDA:0,deleteDepartmentMapping
DA:1,0
DA:7,0
DA:8,0
DA:11,0
DA:12,0
DA:20,0
DA:21,0
DA:23,0
DA:24,0
DA:29,0
DA:30,0
DA:32,0
DA:33,0
DA:38,0
DA:39,0
DA:41,0
DA:42,0
DA:47,0
DA:48,0
DA:50,0
DA:51,0
DA:56,0
DA:57,0
DA:59,0
DA:60,0
DA:65,0
DA:66,0
DA:68,0
DA:69,0
DA:74,0
DA:75,0
DA:77,0
DA:78,0
DA:84,0
DA:85,0
DA:86,0
DA:89,0
DA:90,0
DA:92,0
DA:93,0
DA:98,0
DA:99,0
DA:101,0
DA:102,0
DA:107,0
DA:108,0
DA:111,0
DA:112,0
DA:114,0
DA:115,0
LF:50
LH:0
BRDA:7,0,0,0
BRDA:7,0,1,0
BRDA:8,1,0,0
BRDA:8,1,1,0
BRDA:14,2,0,0
BRDA:14,2,1,0
BRDA:21,3,0,0
BRDA:21,3,1,0
BRDA:29,4,0,0
BRDA:29,4,1,0
BRDA:39,5,0,0
BRDA:39,5,1,0
BRDA:47,6,0,0
BRDA:47,6,1,0
BRDA:57,7,0,0
BRDA:57,7,1,0
BRDA:65,8,0,0
BRDA:65,8,1,0
BRDA:75,9,0,0
BRDA:75,9,1,0
BRDA:84,10,0,0
BRDA:84,10,1,0
BRDA:86,11,0,0
BRDA:86,11,1,0
BRDA:99,12,0,0
BRDA:99,12,1,0
BRDA:107,13,0,0
BRDA:107,13,1,0
BRF:28
BRH:0
end_of_record
TN:
SF:lib/actions/history.ts
FN:13,getHistory
FNF:1
FNH:0
FNDA:0,getHistory
DA:1,0
DA:14,0
DA:15,0
DA:17,0
DA:18,0
DA:21,0
DA:22,0
DA:30,0
DA:31,0
DA:35,0
DA:36,0
DA:37,0
DA:38,0
DA:40,0
DA:41,0
DA:42,0
DA:43,0
DA:47,0
DA:62,0
DA:64,0
DA:65,0
LF:21
LH:0
BRDA:13,0,0,0
BRDA:15,1,0,0
BRDA:15,1,1,0
BRDA:21,2,0,0
BRDA:21,2,1,0
BRDA:30,3,0,0
BRDA:30,3,1,0
BRDA:30,4,0,0
BRDA:30,4,1,0
BRDA:35,5,0,0
BRDA:35,5,1,0
BRDA:35,6,0,0
BRDA:35,6,1,0
BRDA:37,7,0,0
BRDA:37,7,1,0
BRDA:40,8,0,0
BRDA:40,8,1,0
BRF:17
BRH:0
end_of_record
TN:
SF:lib/actions/inventory.ts
FN:26,(anonymous_0)
FN:34,buildSearchFilter
FN:46,fetchInventoryItems
FN:73,(anonymous_3)
FN:76,(anonymous_4)
FN:80,(anonymous_5)
FN:94,fetchInventoryPages
FN:114,deleteInventoryItem
FN:129,createInventoryItem
FN:150,updateInventoryItem
FN:176,importInventoryItems
FN:189,(anonymous_11)
FNF:12
FNH:0
FNDA:0,(anonymous_0)
FNDA:0,buildSearchFilter
FNDA:0,fetchInventoryItems
FNDA:0,(anonymous_3)
FNDA:0,(anonymous_4)
FNDA:0,(anonymous_5)
FNDA:0,fetchInventoryPages
FNDA:0,deleteInventoryItem
FNDA:0,createInventoryItem
FNDA:0,updateInventoryItem
FNDA:0,importInventoryItems
FNDA:0,(anonymous_11)
DA:1,0
DA:9,0
DA:19,0
DA:20,0
DA:24,0
DA:26,0
DA:35,0
DA:36,0
DA:37,0
DA:38,0
DA:42,0
DA:52,0
DA:53,0
DA:54,0
DA:56,0
DA:57,0
DA:73,0
DA:74,0
DA:75,0
DA:76,0
DA:77,0
DA:80,0
DA:83,0
DA:89,0
DA:90,0
DA:95,0
DA:96,0
DA:98,0
DA:99,0
DA:107,0
DA:109,0
DA:110,0
DA:115,0
DA:116,0
DA:118,0
DA:119,0
DA:122,0
DA:123,0
DA:125,0
DA:130,0
DA:131,0
DA:133,0
DA:134,0
DA:136,0
DA:142,0
DA:143,0
DA:145,0
DA:146,0
DA:151,0
DA:152,0
DA:154,0
DA:155,0
DA:157,0
DA:165,0
DA:167,0
DA:168,0
DA:170,0
DA:171,0
DA:177,0
DA:178,0
DA:180,0
DA:181,0
DA:189,0
DA:190,0
DA:192,0
DA:194,0
DA:198,0
DA:211,0
DA:214,0
DA:224,0
DA:228,0
DA:229,0
DA:231,0
DA:232,0
LF:74
LH:0
BRDA:35,0,0,0
BRDA:35,0,1,0
BRDA:38,1,0,0
BRDA:38,1,1,0
BRDA:53,2,0,0
BRDA:53,2,1,0
BRDA:53,3,0,0
BRDA:53,3,1,0
BRDA:75,4,0,0
BRDA:75,4,1,0
BRDA:77,5,0,0
BRDA:77,5,1,0
BRDA:95,6,0,0
BRDA:95,6,1,0
BRDA:95,7,0,0
BRDA:95,7,1,0
BRDA:116,8,0,0
BRDA:116,8,1,0
BRDA:131,9,0,0
BRDA:131,9,1,0
BRDA:152,10,0,0
BRDA:152,10,1,0
BRDA:178,11,0,0
BRDA:178,11,1,0
BRDA:192,12,0,0
BRDA:192,12,1,0
BRDA:192,13,0,0
BRDA:192,13,1,0
BRDA:194,14,0,0
BRDA:194,14,1,0
BRDA:202,15,0,0
BRDA:202,15,1,0
BRDA:203,16,0,0
BRDA:203,16,1,0
BRDA:205,17,0,0
BRDA:205,17,1,0
BRDA:211,18,0,0
BRDA:211,18,1,0
BRDA:211,19,0,0
BRDA:211,19,1,0
BRDA:218,20,0,0
BRDA:218,20,1,0
BRDA:219,21,0,0
BRDA:219,21,1,0
BRF:44
BRH:0
end_of_record
TN:
SF:lib/actions/maintenance.ts
FN:8,getMaintenanceItems
FN:38,updateMaintenanceStatus
FNF:2
FNH:0
FNDA:0,getMaintenanceItems
FNDA:0,updateMaintenanceStatus
DA:1,0
DA:9,0
DA:10,0
DA:12,0
DA:13,0
DA:31,0
DA:33,0
DA:34,0
DA:47,0
DA:48,0
DA:49,0
DA:52,0
DA:53,0
DA:63,0
DA:72,0
DA:73,0
DA:74,0
DA:76,0
DA:77,0
LF:19
LH:0
BRDA:10,0,0,0
BRDA:10,0,1,0
BRDA:48,1,0,0
BRDA:48,1,1,0
BRDA:58,2,0,0
BRDA:58,2,1,0
BRDA:65,3,0,0
BRDA:65,3,1,0
BRDA:68,4,0,0
BRDA:68,4,1,0
BRF:10
BRH:0
end_of_record
TN:
SF:lib/actions/notifications.ts
FN:8,runLowStockCheck
FN:24,(anonymous_1)
FN:70,checkLowStockInternal
FN:74,checkLowStock
FN:81,getNotifications
FN:106,markAsRead
FN:122,markAllAsRead
FNF:7
FNH:0
FNDA:0,runLowStockCheck
FNDA:0,(anonymous_1)
FNDA:0,checkLowStockInternal
FNDA:0,checkLowStock
FNDA:0,getNotifications
FNDA:0,markAsRead
FNDA:0,markAllAsRead
DA:1,0
DA:9,0
DA:10,0
DA:13,0
DA:17,0
DA:18,0
DA:19,0
DA:23,0
DA:24,0
DA:32,0
DA:33,0
DA:34,0
DA:35,0
DA:37,0
DA:39,0
DA:47,0
DA:48,0
DA:55,0
DA:60,0
DA:61,0
DA:62,0
DA:65,0
DA:66,0
DA:71,0
DA:75,0
DA:76,0
DA:78,0
DA:82,0
DA:83,0
DA:85,0
DA:86,0
DA:88,0
DA:99,0
DA:101,0
DA:102,0
DA:107,0
DA:108,0
DA:110,0
DA:111,0
DA:115,0
DA:116,0
DA:118,0
DA:123,0
DA:124,0
DA:126,0
DA:127,0
DA:134,0
DA:135,0
DA:137,0
LF:49
LH:0
BRDA:17,0,0,0
BRDA:17,0,1,0
BRDA:47,1,0,0
BRDA:47,1,1,0
BRDA:76,2,0,0
BRDA:76,2,1,0
BRDA:81,3,0,0
BRDA:83,4,0,0
BRDA:83,4,1,0
BRDA:108,5,0,0
BRDA:108,5,1,0
BRDA:124,6,0,0
BRDA:124,6,1,0
BRF:13
BRH:0
end_of_record
TN:
SF:lib/actions/password-reset.ts
FN:3,requestPasswordReset
FN:11,(anonymous_1)
FN:19,resetPassword
FN:29,(anonymous_3)
FNF:4
FNH:0
FNDA:0,requestPasswordReset
FNDA:0,(anonymous_1)
FNDA:0,resetPassword
FNDA:0,(anonymous_3)
DA:1,0
DA:4,0
DA:11,0
DA:13,0
DA:20,0
DA:21,0
DA:29,0
DA:31,0
LF:8
LH:0
BRF:0
BRH:0
end_of_record
TN:
SF:lib/actions/permissions.ts
FN:8,getPermissions
FN:23,updatePermission
FN:28,(anonymous_2)
FN:68,(anonymous_3)
FNF:4
FNH:0
FNDA:0,getPermissions
FNDA:0,updatePermission
FNDA:0,(anonymous_2)
FNDA:0,(anonymous_3)
DA:1,0
DA:9,0
DA:10,0
DA:12,0
DA:13,0
DA:16,0
DA:18,0
DA:19,0
DA:24,0
DA:25,0
DA:27,0
DA:28,0
DA:29,0
DA:48,0
DA:68,0
DA:70,0
DA:71,0
DA:85,0
DA:88,0
DA:90,0
DA:91,0
DA:93,0
DA:94,0
LF:23
LH:0
BRDA:10,0,0,0
BRDA:10,0,1,0
BRDA:25,1,0,0
BRDA:25,1,1,0
BRDA:70,2,0,0
BRDA:70,2,1,0
BRF:6
BRH:0
end_of_record
TN:
SF:lib/actions/register.ts
FN:8,registerUser
FN:47,(anonymous_1)
FNF:2
FNH:0
FNDA:0,registerUser
FNDA:0,(anonymous_1)
DA:1,0
DA:9,0
DA:11,0
DA:13,0
DA:14,0
DA:17,0
DA:18,0
DA:19,0
DA:20,0
DA:23,0
DA:24,0
DA:27,0
DA:28,0
DA:31,0
DA:32,0
DA:36,0
DA:40,0
DA:41,0
DA:45,0
DA:47,0
DA:48,0
DA:58,0
DA:61,0
DA:64,0
DA:65,0
LF:25
LH:0
BRDA:13,0,0,0
BRDA:13,0,1,0
BRDA:23,1,0,0
BRDA:23,1,1,0
BRDA:23,2,0,0
BRDA:23,2,1,0
BRDA:23,2,2,0
BRDA:27,3,0,0
BRDA:27,3,1,0
BRDA:31,4,0,0
BRDA:31,4,1,0
BRDA:40,5,0,0
BRDA:40,5,1,0
BRF:13
BRH:0
end_of_record
TN:
SF:lib/actions/reports.ts
FN:6,getReportStats
FN:48,(anonymous_1)
FN:49,(anonymous_2)
FN:56,(anonymous_3)
FN:57,(anonymous_4)
FN:74,(anonymous_5)
FN:79,(anonymous_6)
FNF:7
FNH:0
FNDA:0,getReportStats
FNDA:0,(anonymous_1)
FNDA:0,(anonymous_2)
FNDA:0,(anonymous_3)
FNDA:0,(anonymous_4)
FNDA:0,(anonymous_5)
FNDA:0,(anonymous_6)
DA:1,0
DA:7,0
DA:8,0
DA:10,0
DA:12,0
DA:18,0
DA:29,0
DA:38,0
DA:43,0
DA:47,0
DA:48,0
DA:49,0
DA:50,0
DA:51,0
DA:55,0
DA:56,0
DA:57,0
DA:61,0
DA:62,0
DA:64,0
DA:73,0
DA:74,0
DA:75,0
DA:76,0
DA:79,0
DA:81,0
DA:91,0
DA:92,0
LF:28
LH:0
BRDA:8,0,0,0
BRDA:8,0,1,0
BRDA:50,1,0,0
BRDA:50,1,1,0
BRDA:51,2,0,0
BRDA:51,2,1,0
BRDA:76,3,0,0
BRDA:76,3,1,0
BRF:8
BRH:0
end_of_record
TN:
SF:lib/actions/requests.ts
FN:10,getRequests
FN:46,updateRequestStatus
FN:66,(anonymous_2)
FN:167,(anonymous_3)
FN:219,runOverdueCheck
FN:244,(anonymous_5)
FN:286,checkOverdueItemsInternal
FN:290,checkOverdueItems
FNF:8
FNH:0
FNDA:0,getRequests
FNDA:0,updateRequestStatus
FNDA:0,(anonymous_2)
FNDA:0,(anonymous_3)
FNDA:0,runOverdueCheck
FNDA:0,(anonymous_5)
FNDA:0,checkOverdueItemsInternal
FNDA:0,checkOverdueItems
DA:1,0
DA:11,0
DA:12,0
DA:14,0
DA:17,0
DA:18,0
DA:19,0
DA:22,0
DA:23,0
DA:39,0
DA:41,0
DA:42,0
DA:47,0
DA:48,0
DA:50,0
DA:52,0
DA:57,0
DA:60,0
DA:66,0
DA:67,0
DA:69,0
DA:71,0
DA:72,0
DA:73,0
DA:76,0
DA:80,0
DA:81,0
DA:83,0
DA:84,0
DA:86,0
DA:87,0
DA:90,0
DA:98,0
DA:99,0
DA:100,0
DA:101,0
DA:110,0
DA:115,0
DA:124,0
DA:126,0
DA:127,0
DA:130,0
DA:131,0
DA:138,0
DA:144,0
DA:156,0
DA:167,0
DA:168,0
DA:169,0
DA:170,0
DA:171,0
DA:174,0
DA:175,0
DA:182,0
DA:189,0
DA:190,0
DA:193,0
DA:194,0
DA:198,0
DA:199,0
DA:202,0
DA:205,0
DA:206,0
DA:208,0
DA:211,0
DA:214,0
DA:215,0
DA:222,0
DA:223,0
DA:232,0
DA:242,0
DA:244,0
DA:245,0
DA:246,0
DA:251,0
DA:262,0
DA:263,0
DA:264,0
DA:268,0
DA:269,0
DA:272,0
DA:276,0
DA:279,0
DA:281,0
DA:282,0
DA:287,0
DA:291,0
DA:292,0
DA:294,0
LF:89
LH:0
BRDA:12,0,0,0
BRDA:12,0,1,0
BRDA:17,1,0,0
BRDA:17,1,1,0
BRDA:18,2,0,0
BRDA:18,2,1,0
BRDA:48,3,0,0
BRDA:48,3,1,0
BRDA:57,4,0,0
BRDA:57,4,1,0
BRDA:60,5,0,0
BRDA:60,5,1,0
BRDA:71,6,0,0
BRDA:71,6,1,0
BRDA:71,7,0,0
BRDA:71,7,1,0
BRDA:72,8,0,0
BRDA:72,8,1,0
BRDA:80,9,0,0
BRDA:80,9,1,0
BRDA:83,10,0,0
BRDA:83,10,1,0
BRDA:86,11,0,0
BRDA:86,11,1,0
BRDA:99,12,0,0
BRDA:99,12,1,0
BRDA:100,13,0,0
BRDA:100,13,1,0
BRDA:124,14,0,0
BRDA:124,14,1,0
BRDA:126,15,0,0
BRDA:126,15,1,0
BRDA:130,16,0,0
BRDA:130,16,1,0
BRDA:170,17,0,0
BRDA:170,17,1,0
BRDA:174,18,0,0
BRDA:174,18,1,0
BRDA:174,19,0,0
BRDA:174,19,1,0
BRDA:198,20,0,0
BRDA:198,20,1,0
BRDA:242,21,0,0
BRDA:242,21,1,0
BRDA:268,22,0,0
BRDA:268,22,1,0
BRDA:292,23,0,0
BRDA:292,23,1,0
BRF:48
BRH:0
end_of_record
TN:
SF:lib/actions/scanner.ts
FN:6,getItemBySN
FN:44,getRecentScans
FNF:2
FNH:0
FNDA:0,getItemBySN
FNDA:0,getRecentScans
DA:1,0
DA:7,0
DA:8,0
DA:10,0
DA:11,0
DA:23,0
DA:24,0
DA:28,0
DA:37,0
DA:39,0
DA:40,0
DA:45,0
DA:46,0
DA:48,0
DA:49,0
DA:58,0
DA:60,0
LF:17
LH:0
BRDA:8,0,0,0
BRDA:8,0,1,0
BRDA:23,1,0,0
BRDA:23,1,1,0
BRDA:30,2,0,0
BRDA:30,2,1,0
BRDA:46,3,0,0
BRDA:46,3,1,0
BRDA:51,4,0,0
BRDA:51,4,1,0
BRF:10
BRH:0
end_of_record
TN:
SF:lib/actions/sessions.ts
FN:9,getActiveSessions
FN:27,invalidateTokenVersion
FN:45,revokeSession
FN:50,revokeAllOtherSessions
FNF:4
FNH:0
FNDA:0,getActiveSessions
FNDA:0,invalidateTokenVersion
FNDA:0,revokeSession
FNDA:0,revokeAllOtherSessions
DA:1,0
DA:10,0
DA:11,0
DA:13,0
DA:28,0
DA:29,0
DA:31,0
DA:32,0
DA:36,0
DA:37,0
DA:39,0
DA:40,0
DA:46,0
DA:47,0
DA:51,0
LF:15
LH:0
BRDA:11,0,0,0
BRDA:11,0,1,0
BRDA:29,1,0,0
BRDA:29,1,1,0
BRF:4
BRH:0
end_of_record
TN:
SF:lib/actions/settings.ts
FN:29,backendHeaders
FN:42,getSettings
FN:53,(anonymous_2)
FN:67,updateSettings
FN:82,(anonymous_4)
FNF:5
FNH:0
FNDA:0,backendHeaders
FNDA:0,getSettings
FNDA:0,(anonymous_2)
FNDA:0,updateSettings
FNDA:0,(anonymous_4)
DA:1,0
DA:8,0
DA:17,0
DA:18,0
DA:30,0
DA:31,0
DA:36,0
DA:37,0
DA:39,0
DA:43,0
DA:44,0
DA:46,0
DA:47,0
DA:53,0
DA:54,0
DA:55,0
DA:60,0
DA:62,0
DA:63,0
DA:68,0
DA:69,0
DA:71,0
DA:73,0
DA:75,0
DA:82,0
DA:83,0
DA:84,0
DA:89,0
DA:90,0
DA:91,0
DA:93,0
DA:94,0
DA:96,0
DA:97,0
LF:34
LH:0
BRDA:17,0,0,0
BRDA:17,0,1,0
BRDA:33,1,0,0
BRDA:33,1,1,0
BRDA:34,2,0,0
BRDA:34,2,1,0
BRDA:34,2,2,0
BRDA:36,3,0,0
BRDA:36,3,1,0
BRDA:44,4,0,0
BRDA:44,4,1,0
BRDA:44,5,0,0
BRDA:44,5,1,0
BRDA:54,6,0,0
BRDA:54,6,1,0
BRDA:56,7,0,0
BRDA:56,7,1,0
BRDA:56,7,2,0
BRDA:69,8,0,0
BRDA:69,8,1,0
BRDA:69,9,0,0
BRDA:69,9,1,0
BRDA:83,10,0,0
BRDA:83,10,1,0
BRDA:85,11,0,0
BRDA:85,11,1,0
BRDA:85,11,2,0
BRDA:91,12,0,0
BRDA:91,12,1,0
BRDA:93,13,0,0
BRDA:93,13,1,0
BRF:31
BRH:0
end_of_record
TN:
SF:lib/actions/stock-management.ts
FN:6,adjustStockQuantity
FN:14,(anonymous_1)
FN:56,updateStockLimits
FN:84,getItemDetail
FN:100,getStockHistory
FNF:5
FNH:0
FNDA:0,adjustStockQuantity
FNDA:0,(anonymous_1)
FNDA:0,updateStockLimits
FNDA:0,getItemDetail
FNDA:0,getStockHistory
DA:1,0
DA:13,0
DA:14,0
DA:16,0
DA:25,0
DA:26,0
DA:30,0
DA:36,0
DA:48,0
DA:49,0
DA:51,0
DA:52,0
DA:62,0
DA:63,0
DA:76,0
DA:77,0
DA:79,0
DA:80,0
DA:85,0
DA:86,0
DA:94,0
DA:96,0
DA:101,0
DA:102,0
DA:104,0
DA:118,0
DA:128,0
LF:27
LH:0
BRDA:25,0,0,0
BRDA:25,0,1,0
BRDA:71,1,0,0
BRDA:71,1,1,0
BRDA:72,2,0,0
BRDA:72,2,1,0
BRDA:100,3,0,0
BRDA:100,4,0,0
BRF:8
BRH:0
end_of_record
TN:
SF:lib/actions/stock-transaction.ts
FN:18,receiveGoods
FN:29,(anonymous_1)
FN:80,getStockHistory
FNF:3
FNH:0
FNDA:0,receiveGoods
FNDA:0,(anonymous_1)
FNDA:0,getStockHistory
DA:1,0
DA:7,0
DA:26,0
DA:27,0
DA:29,0
DA:30,0
DA:32,0
DA:41,0
DA:42,0
DA:47,0
DA:57,0
DA:71,0
DA:72,0
DA:73,0
DA:75,0
DA:76,0
DA:81,0
DA:82,0
DA:92,0
DA:94,0
LF:20
LH:0
BRDA:41,0,0,0
BRDA:41,0,1,0
BRF:2
BRH:0
end_of_record
TN:
SF:lib/actions/test-email.ts
FN:8,sendTestEmail
FN:29,(anonymous_1)
FNF:2
FNH:0
FNDA:0,sendTestEmail
FNDA:0,(anonymous_1)
DA:1,0
DA:5,0
DA:6,0
DA:9,0
DA:10,0
DA:11,0
DA:14,0
DA:16,0
DA:17,0
DA:29,0
DA:31,0
DA:32,0
DA:38,0
DA:43,0
DA:44,0
LF:15
LH:0
BRDA:5,0,0,0
BRDA:5,0,1,0
BRDA:6,1,0,0
BRDA:6,1,1,0
BRDA:10,2,0,0
BRDA:10,2,1,0
BRDA:10,3,0,0
BRDA:10,3,1,0
BRDA:22,4,0,0
BRDA:22,4,1,0
BRDA:22,4,2,0
BRDA:31,5,0,0
BRDA:31,5,1,0
BRDA:34,6,0,0
BRDA:34,6,1,0
BRDA:34,6,2,0
BRDA:40,7,0,0
BRDA:40,7,1,0
BRF:18
BRH:0
end_of_record
TN:
SF:lib/actions/users.ts
FN:37,getUsers
FN:66,createUser
FN:97,(anonymous_2)
FN:132,updateUser
FN:175,(anonymous_4)
FN:211,deleteUser
FN:253,revokeUserSessions
FN:274,getUsersForAssignment
FNF:8
FNH:0
FNDA:0,getUsers
FNDA:0,createUser
FNDA:0,(anonymous_2)
FNDA:0,updateUser
FNDA:0,(anonymous_4)
FNDA:0,deleteUser
FNDA:0,revokeUserSessions
FNDA:0,getUsersForAssignment
DA:1,0
DA:15,0
DA:30,0
DA:31,0
DA:38,0
DA:39,0
DA:40,0
DA:43,0
DA:44,0
DA:59,0
DA:61,0
DA:62,0
DA:67,0
DA:68,0
DA:71,0
DA:72,0
DA:75,0
DA:77,0
DA:80,0
DA:81,0
DA:85,0
DA:89,0
DA:90,0
DA:94,0
DA:97,0
DA:98,0
DA:109,0
DA:110,0
DA:114,0
DA:121,0
DA:122,0
DA:124,0
DA:125,0
DA:127,0
DA:128,0
DA:133,0
DA:134,0
DA:137,0
DA:138,0
DA:141,0
DA:143,0
DA:146,0
DA:147,0
DA:150,0
DA:153,0
DA:154,0
DA:159,0
DA:160,0
DA:164,0
DA:167,0
DA:168,0
DA:173,0
DA:175,0
DA:176,0
DA:184,0
DA:185,0
DA:190,0
DA:200,0
DA:201,0
DA:203,0
DA:204,0
DA:206,0
DA:207,0
DA:212,0
DA:213,0
DA:216,0
DA:217,0
DA:220,0
DA:222,0
DA:223,0
DA:227,0
DA:228,0
DA:231,0
DA:232,0
DA:235,0
DA:238,0
DA:245,0
DA:246,0
DA:248,0
DA:249,0
DA:254,0
DA:256,0
DA:257,0
DA:260,0
DA:261,0
DA:266,0
DA:267,0
DA:269,0
DA:270,0
DA:275,0
DA:276,0
DA:278,0
DA:279,0
DA:290,0
DA:292,0
DA:293,0
LF:96
LH:0
BRDA:39,0,0,0
BRDA:39,0,1,0
BRDA:71,1,0,0
BRDA:71,1,1,0
BRDA:80,2,0,0
BRDA:80,2,1,0
BRDA:80,3,0,0
BRDA:80,3,1,0
BRDA:89,4,0,0
BRDA:89,4,1,0
BRDA:105,5,0,0
BRDA:105,5,1,0
BRDA:124,6,0,0
BRDA:124,6,1,0
BRDA:137,7,0,0
BRDA:137,7,1,0
BRDA:147,8,0,0
BRDA:147,8,1,0
BRDA:150,9,0,0
BRDA:150,9,1,0
BRDA:150,10,0,0
BRDA:150,10,1,0
BRDA:153,11,0,0
BRDA:153,11,1,0
BRDA:159,12,0,0
BRDA:159,12,1,0
BRDA:159,13,0,0
BRDA:159,13,1,0
BRDA:167,14,0,0
BRDA:167,14,1,0
BRDA:173,15,0,0
BRDA:173,15,1,0
BRDA:180,16,0,0
BRDA:180,16,1,0
BRDA:184,17,0,0
BRDA:184,17,1,0
BRDA:203,18,0,0
BRDA:203,18,1,0
BRDA:216,19,0,0
BRDA:216,19,1,0
BRDA:222,20,0,0
BRDA:222,20,1,0
BRDA:222,21,0,0
BRDA:222,21,1,0
BRDA:228,22,0,0
BRDA:228,22,1,0
BRDA:231,23,0,0
BRDA:231,23,1,0
BRDA:231,24,0,0
BRDA:231,24,1,0
BRDA:256,25,0,0
BRDA:256,25,1,0
BRDA:276,26,0,0
BRDA:276,26,1,0
BRF:54
BRH:0
end_of_record
TN:
SF:lib/actions/warehouse.ts
FN:21,getWarehouses
FN:51,createWarehouse
FN:65,(anonymous_2)
FN:90,updateWarehouse
FN:98,(anonymous_4)
FN:123,deleteWarehouse
FN:140,getDivisions
FN:152,getProvinces
FNF:8
FNH:0
FNDA:0,getWarehouses
FNDA:0,createWarehouse
FNDA:0,(anonymous_2)
FNDA:0,updateWarehouse
FNDA:0,(anonymous_4)
FNDA:0,deleteWarehouse
FNDA:0,getDivisions
FNDA:0,getProvinces
DA:1,0
DA:11,0
DA:22,0
DA:23,0
DA:25,0
DA:26,0
DA:44,0
DA:46,0
DA:47,0
DA:52,0
DA:53,0
DA:55,0
DA:56,0
DA:59,0
DA:62,0
DA:65,0
DA:67,0
DA:81,0
DA:82,0
DA:84,0
DA:85,0
DA:86,0
DA:91,0
DA:92,0
DA:94,0
DA:95,0
DA:98,0
DA:100,0
DA:115,0
DA:116,0
DA:118,0
DA:119,0
DA:124,0
DA:125,0
DA:127,0
DA:128,0
DA:131,0
DA:132,0
DA:133,0
DA:135,0
DA:136,0
DA:141,0
DA:142,0
DA:145,0
DA:147,0
DA:148,0
DA:153,0
DA:154,0
DA:157,0
DA:159,0
DA:160,0
LF:51
LH:0
BRDA:23,0,0,0
BRDA:23,0,1,0
BRDA:53,1,0,0
BRDA:53,1,1,0
BRDA:62,2,0,0
BRDA:62,2,1,0
BRDA:65,3,0,0
BRDA:65,3,1,0
BRDA:84,4,0,0
BRDA:84,4,1,0
BRDA:92,5,0,0
BRDA:92,5,1,0
BRDA:98,6,0,0
BRDA:98,6,1,0
BRDA:125,7,0,0
BRDA:125,7,1,0
BRF:16
BRH:0
end_of_record
TN:
SF:lib/i18n/messages.ts
FN:970,translate
FNF:1
FNH:0
FNDA:0,translate
DA:14,0
DA:15,0
DA:16,0
DA:20,0
DA:491,0
DA:962,0
DA:971,0
DA:972,0
DA:974,0
DA:975,0
DA:976,0
DA:980,0
LF:12
LH:0
BRDA:971,0,0,0
BRDA:971,0,1,0
BRDA:972,1,0,0
BRDA:972,1,1,0
BRDA:972,1,2,0
BRDA:974,2,0,0
BRDA:974,2,1,0
BRF:7
BRH:0
end_of_record
TN:
SF:lib/i18n/page-titles.ts
FN:40,resolvePageTitleKey
FN:50,(anonymous_1)
FN:51,(anonymous_2)
FNF:3
FNH:0
FNDA:0,resolvePageTitleKey
FNDA:0,(anonymous_1)
FNDA:0,(anonymous_2)
DA:11,0
DA:42,0
DA:43,0
DA:49,0
DA:50,0
DA:51,0
DA:53,0
DA:54,0
DA:57,0
LF:9
LH:0
BRDA:42,0,0,0
BRDA:42,0,1,0
BRDA:51,1,0,0
BRDA:51,1,1,0
BRDA:53,2,0,0
BRDA:53,2,1,0
BRF:6
BRH:0
end_of_record
TN:
SF:lib/i18n/provider.tsx
FN:18,readCookieLocale
FN:22,(anonymous_1)
FN:28,writeCookieLocale
FN:41,LocaleProvider
FN:53,(anonymous_4)
FN:64,(anonymous_5)
FN:70,(anonymous_6)
FN:75,(anonymous_7)
FN:91,useI18n
FNF:9
FNH:0
FNDA:0,readCookieLocale
FNDA:0,(anonymous_1)
FNDA:0,writeCookieLocale
FNDA:0,LocaleProvider
FNDA:0,(anonymous_4)
FNDA:0,(anonymous_5)
FNDA:0,(anonymous_6)
FNDA:0,(anonymous_7)
FNDA:0,useI18n
DA:1,0
DA:12,0
DA:19,0
DA:20,0
DA:22,0
DA:23,0
DA:24,0
DA:25,0
DA:29,0
DA:31,0
DA:48,0
DA:53,0
DA:54,0
DA:55,0
DA:56,0
DA:64,0
DA:65,0
DA:66,0
DA:70,0
DA:71,0
DA:72,0
DA:75,0
DA:76,0
DA:80,0
DA:92,0
DA:93,0
DA:94,0
DA:96,0
LF:28
LH:0
BRDA:19,0,0,0
BRDA:19,0,1,0
BRDA:23,1,0,0
BRDA:23,1,1,0
BRDA:25,2,0,0
BRDA:25,2,1,0
BRDA:29,3,0,0
BRDA:29,3,1,0
BRDA:48,4,0,0
BRDA:48,4,1,0
BRDA:55,5,0,0
BRDA:55,5,1,0
BRDA:65,6,0,0
BRDA:65,6,1,0
BRDA:93,7,0,0
BRDA:93,7,1,0
BRF:16
BRH:0
end_of_record
TN:
SF:lib/i18n/server.ts
FN:10,readLocaleFromCookies
FN:24,getServerT
FN:31,(anonymous_2)
FNF:3
FNH:0
FNDA:0,readLocaleFromCookies
FNDA:0,getServerT
FNDA:0,(anonymous_2)
DA:11,0
DA:12,0
DA:13,0
DA:14,0
DA:16,0
DA:28,0
DA:29,0
DA:31,0
LF:8
LH:0
BRDA:13,0,0,0
BRDA:13,0,1,0
BRDA:13,1,0,0
BRDA:13,1,1,0
BRF:4
BRH:0
end_of_record
TN:
SF:lib/migrations/migrate-roles.ts
FN:15,migrate
FN:48,(anonymous_1)
FN:71,(anonymous_2)
FN:75,(anonymous_3)
FNF:4
FNH:0
FNDA:0,migrate
FNDA:0,(anonymous_1)
FNDA:0,(anonymous_2)
FNDA:0,(anonymous_3)
DA:4,0
DA:6,0
DA:16,0
DA:19,0
DA:20,0
DA:29,0
DA:33,0
DA:37,0
DA:39,0
DA:40,0
DA:43,0
DA:44,0
DA:45,0
DA:48,0
DA:49,0
DA:51,0
DA:53,0
DA:54,0
DA:60,0
DA:63,0
DA:67,0
DA:70,0
DA:72,0
DA:73,0
DA:76,0
LF:25
LH:0
BRDA:40,0,0,0
BRDA:40,0,1,0
BRDA:43,1,0,0
BRDA:43,1,1,0
BRDA:49,2,0,0
BRDA:49,2,1,0
BRDA:53,3,0,0
BRDA:53,3,1,0
BRF:8
BRH:0
end_of_record
TN:
SF:lib/types/user-types.ts
FN:2,(anonymous_0)
FNF:1
FNH:0
FNDA:0,(anonymous_0)
DA:2,0
DA:3,0
DA:4,0
DA:5,0
DA:6,0
DA:7,0
DA:8,0
LF:7
LH:0
BRF:0
BRH:0
end_of_record
