TN:
SF:src/index.ts
FN:55,(anonymous_1)
FN:59,(anonymous_2)
FNF:2
FNH:0
FNDA:0,(anonymous_1)
FNDA:0,(anonymous_2)
DA:2,0
DA:3,0
DA:4,0
DA:5,0
DA:7,0
DA:9,0
DA:10,0
DA:12,0
DA:13,0
DA:14,0
DA:15,0
DA:16,0
DA:17,0
DA:18,0
DA:19,0
DA:20,0
DA:21,0
DA:22,0
DA:23,0
DA:24,0
DA:25,0
DA:26,0
DA:28,0
DA:29,0
DA:34,0
DA:36,0
DA:37,0
DA:38,0
DA:39,0
DA:40,0
DA:41,0
DA:42,0
DA:43,0
DA:44,0
DA:45,0
DA:46,0
DA:47,0
DA:48,0
DA:49,0
DA:52,0
DA:55,0
DA:56,0
DA:59,0
DA:60,0
LF:44
LH:0
BRDA:10,0,0,0
BRDA:10,0,1,0
BRDA:30,1,0,0
BRDA:30,1,1,0
BRF:4
BRH:0
end_of_record
TN:
SF:src/controllers/assetsController.ts
FN:9,(anonymous_1)
FN:30,(anonymous_2)
FNF:2
FNH:0
FNDA:0,(anonymous_1)
FNDA:0,(anonymous_2)
DA:3,0
DA:9,0
DA:10,0
DA:11,0
DA:20,0
DA:30,0
DA:37,0
DA:39,0
LF:8
LH:0
BRF:0
BRH:0
end_of_record
TN:
SF:src/controllers/authController.ts
FN:19,(anonymous_1)
FN:48,(anonymous_2)
FNF:2
FNH:0
FNDA:0,(anonymous_1)
FNDA:0,(anonymous_2)
DA:3,0
DA:4,0
DA:5,0
DA:6,0
DA:8,0
DA:14,0
DA:19,0
DA:20,0
DA:21,0
DA:23,0
DA:24,0
DA:25,0
DA:28,0
DA:30,0
DA:38,0
DA:42,0
DA:44,0
DA:48,0
DA:49,0
DA:50,0
DA:52,0
DA:53,0
DA:54,0
DA:57,0
DA:58,0
DA:59,0
DA:62,0
DA:66,0
DA:68,0
LF:29
LH:0
BRDA:24,0,0,0
BRDA:24,0,1,0
BRDA:53,1,0,0
BRDA:53,1,1,0
BRDA:58,2,0,0
BRDA:58,2,1,0
BRF:6
BRH:0
end_of_record
TN:
SF:src/controllers/historyController.ts
FN:9,(anonymous_1)
FNF:1
FNH:0
FNDA:0,(anonymous_1)
DA:3,0
DA:9,0
DA:10,0
DA:11,0
DA:13,0
DA:14,0
DA:15,0
DA:18,0
DA:23,0
DA:25,0
LF:10
LH:0
BRDA:14,0,0,0
BRDA:14,0,1,0
BRF:2
BRH:0
end_of_record
TN:
SF:src/controllers/inventoryController.ts
FN:18,(anonymous_1)
FN:29,(anonymous_2)
FN:41,(anonymous_3)
FN:57,(anonymous_4)
FNF:4
FNH:0
FNDA:0,(anonymous_1)
FNDA:0,(anonymous_2)
FNDA:0,(anonymous_3)
FNDA:0,(anonymous_4)
DA:3,0
DA:4,0
DA:5,0
DA:7,0
DA:18,0
DA:19,0
DA:20,0
DA:23,0
DA:25,0
DA:29,0
DA:30,0
DA:31,0
DA:32,0
DA:34,0
DA:35,0
DA:37,0
DA:41,0
DA:42,0
DA:43,0
DA:44,0
DA:45,0
DA:50,0
DA:51,0
DA:53,0
DA:57,0
DA:58,0
DA:59,0
DA:60,0
DA:61,0
DA:65,0
DA:66,0
DA:68,0
LF:32
LH:0
BRF:0
BRH:0
end_of_record
TN:
SF:src/controllers/requestController.ts
FN:24,(anonymous_1)
FN:34,(anonymous_2)
FN:35,(anonymous_3)
FN:38,(anonymous_4)
FN:59,(anonymous_5)
FN:79,(anonymous_6)
FN:101,(anonymous_7)
FN:200,(anonymous_8)
FN:212,(anonymous_9)
FN:224,(anonymous_10)
FN:231,(anonymous_11)
FN:302,(anonymous_12)
FN:360,(anonymous_13)
FN:385,(anonymous_14)
FNF:14
FNH:9
FNDA:6,(anonymous_1)
FNDA:1,(anonymous_2)
FNDA:1,(anonymous_3)
FNDA:0,(anonymous_4)
FNDA:3,(anonymous_5)
FNDA:3,(anonymous_6)
FNDA:3,(anonymous_7)
FNDA:0,(anonymous_8)
FNDA:0,(anonymous_9)
FNDA:6,(anonymous_10)
FNDA:6,(anonymous_11)
FNDA:0,(anonymous_12)
FNDA:4,(anonymous_13)
FNDA:0,(anonymous_14)
DA:3,2
DA:4,2
DA:5,2
DA:17,2
DA:24,2
DA:25,6
DA:30,6
DA:34,2
DA:35,1
DA:38,2
DA:39,0
DA:40,0
DA:42,0
DA:43,0
DA:44,0
DA:47,0
DA:52,0
DA:54,0
DA:59,2
DA:60,3
DA:72,3
DA:73,0
DA:76,3
DA:79,2
DA:80,3
DA:81,3
DA:82,3
DA:83,3
DA:88,3
DA:90,3
DA:91,0
DA:95,3
DA:101,3
DA:103,3
DA:113,3
DA:115,3
DA:116,3
DA:117,3
DA:119,3
DA:123,3
DA:124,0
DA:128,3
DA:137,3
DA:138,3
DA:139,1
DA:144,2
DA:145,1
DA:149,1
DA:161,1
DA:168,1
DA:178,1
DA:179,1
DA:188,1
DA:189,1
DA:196,1
DA:200,0
DA:204,1
DA:212,0
DA:214,1
DA:217,1
DA:219,2
DA:220,2
DA:224,2
DA:225,6
DA:226,6
DA:227,6
DA:229,6
DA:231,6
DA:233,6
DA:241,6
DA:242,0
DA:245,6
DA:246,3
DA:247,0
DA:249,3
DA:250,3
DA:260,3
DA:261,1
DA:263,2
DA:264,1
DA:266,1
DA:267,0
DA:271,1
DA:284,1
DA:292,1
DA:302,1
DA:303,0
DA:306,3
DA:307,3
DA:308,0
DA:310,3
DA:311,3
DA:320,3
DA:322,2
DA:336,3
DA:347,4
DA:352,4
DA:355,4
DA:358,4
DA:359,4
DA:360,4
DA:363,4
DA:373,4
DA:381,4
DA:385,0
DA:388,4
DA:390,2
DA:391,2
LF:108
LH:89
BRDA:30,0,0,6
BRDA:30,0,1,4
BRDA:35,1,0,1
BRDA:35,1,1,0
BRDA:43,2,0,0
BRDA:43,2,1,0
BRDA:60,3,0,0
BRDA:60,3,1,3
BRDA:72,4,0,0
BRDA:72,4,1,3
BRDA:72,5,0,3
BRDA:72,5,1,3
BRDA:88,6,0,3
BRDA:88,6,1,0
BRDA:90,7,0,0
BRDA:90,7,1,3
BRDA:123,8,0,0
BRDA:123,8,1,3
BRDA:137,9,0,3
BRDA:137,9,1,1
BRDA:137,10,0,3
BRDA:137,10,1,1
BRDA:138,11,0,1
BRDA:138,11,1,2
BRDA:144,12,0,1
BRDA:144,12,1,1
BRDA:188,13,0,1
BRDA:188,13,1,0
BRDA:190,14,0,1
BRDA:190,14,1,0
BRDA:207,15,0,1
BRDA:207,15,1,0
BRDA:208,16,0,1
BRDA:208,16,1,1
BRDA:220,17,0,2
BRDA:220,17,1,0
BRDA:241,18,0,0
BRDA:241,18,1,6
BRDA:245,19,0,3
BRDA:245,19,1,3
BRDA:246,20,0,0
BRDA:246,20,1,3
BRDA:260,21,0,1
BRDA:260,21,1,2
BRDA:263,22,0,1
BRDA:263,22,1,1
BRDA:266,23,0,0
BRDA:266,23,1,1
BRDA:306,24,0,3
BRDA:306,24,1,0
BRDA:306,25,0,3
BRDA:306,25,1,1
BRDA:307,26,0,0
BRDA:307,26,1,3
BRDA:320,27,0,2
BRDA:320,27,1,1
BRDA:320,28,0,3
BRDA:320,28,1,3
BRDA:358,29,0,4
BRDA:358,29,1,0
BRDA:364,30,0,4
BRDA:364,30,1,0
BRDA:367,31,0,4
BRDA:367,31,1,0
BRDA:367,31,2,0
BRDA:373,32,0,1
BRDA:373,32,1,3
BRDA:375,33,0,2
BRDA:375,33,1,1
BRDA:377,34,0,1
BRDA:377,34,1,0
BRDA:391,35,0,2
BRDA:391,35,1,0
BRF:73
BRH:50
end_of_record
TN:
SF:src/controllers/settingsController.ts
FN:13,(anonymous_1)
FN:31,(anonymous_2)
FNF:2
FNH:0
FNDA:0,(anonymous_1)
FNDA:0,(anonymous_2)
DA:3,0
DA:4,0
DA:6,0
DA:13,0
DA:14,0
DA:15,0
DA:16,0
DA:18,0
DA:25,0
DA:27,0
DA:31,0
DA:32,0
DA:33,0
DA:36,0
DA:39,0
DA:40,0
DA:45,0
DA:55,0
DA:57,0
LF:19
LH:0
BRDA:16,0,0,0
BRDA:16,0,1,0
BRDA:39,1,0,0
BRDA:39,1,1,0
BRDA:47,2,0,0
BRDA:47,2,1,0
BRDA:48,3,0,0
BRDA:48,3,1,0
BRDA:49,4,0,0
BRDA:49,4,1,0
BRDA:50,5,0,0
BRDA:50,5,1,0
BRF:12
BRH:0
end_of_record
TN:
SF:src/controllers/userController.ts
FN:5,(anonymous_1)
FNF:1
FNH:0
FNDA:0,(anonymous_1)
DA:3,0
DA:5,0
DA:6,0
DA:7,0
DA:18,0
DA:20,0
LF:6
LH:0
BRF:0
BRH:0
end_of_record
TN:
SF:src/jobs/backupJob.ts
FN:8,startBackupJob
FN:13,stopBackupJob
FN:21,restartBackupJob
FN:26,isBackupJobRunning
FNF:4
FNH:0
FNDA:0,startBackupJob
FNDA:0,stopBackupJob
FNDA:0,restartBackupJob
FNDA:0,isBackupJobRunning
DA:1,0
DA:2,0
DA:8,0
DA:9,0
DA:10,0
DA:13,0
DA:14,0
DA:15,0
DA:16,0
DA:18,0
DA:21,0
DA:22,0
DA:23,0
DA:26,0
DA:27,0
DA:28,0
LF:16
LH:0
BRF:0
BRH:0
end_of_record
TN:
SF:src/middleware/auth.ts
FN:14,(anonymous_1)
FN:17,(anonymous_2)
FN:21,(anonymous_3)
FN:28,(anonymous_4)
FN:36,(anonymous_5)
FN:55,(anonymous_6)
FN:89,(anonymous_7)
FN:90,(anonymous_8)
FN:102,(anonymous_9)
FNF:9
FNH:6
FNDA:1,(anonymous_1)
FNDA:0,(anonymous_2)
FNDA:2,(anonymous_3)
FNDA:0,(anonymous_4)
FNDA:0,(anonymous_5)
FNDA:1,(anonymous_6)
FNDA:2,(anonymous_7)
FNDA:2,(anonymous_8)
FNDA:3,(anonymous_9)
DA:3,2
DA:14,2
DA:15,1
DA:16,1
DA:17,0
DA:19,1
DA:21,2
DA:25,2
DA:28,2
DA:29,0
DA:30,0
DA:32,0
DA:33,0
DA:36,0
DA:37,0
DA:38,0
DA:41,0
DA:42,0
DA:47,0
DA:55,2
DA:56,1
DA:57,1
DA:58,1
DA:61,1
DA:62,0
DA:68,1
DA:69,0
DA:76,1
DA:79,1
DA:85,1
DA:89,2
DA:90,2
DA:91,2
DA:92,0
DA:99,2
DA:102,3
DA:103,2
DA:104,1
DA:110,1
LF:39
LH:25
BRDA:15,0,0,0
BRDA:15,0,1,1
BRDA:16,1,0,0
BRDA:16,1,1,1
BRDA:30,2,0,0
BRDA:30,2,1,0
BRDA:32,3,0,0
BRDA:32,3,1,0
BRDA:37,4,0,0
BRDA:37,4,1,0
BRDA:41,5,0,0
BRDA:41,5,1,0
BRDA:45,6,0,0
BRDA:45,6,1,0
BRDA:61,7,0,0
BRDA:61,7,1,1
BRDA:68,8,0,0
BRDA:68,8,1,1
BRDA:68,9,0,1
BRDA:68,9,1,1
BRDA:81,10,0,1
BRDA:81,10,1,0
BRDA:91,11,0,0
BRDA:91,11,1,2
BRDA:99,12,0,2
BRDA:99,12,1,0
BRDA:99,13,0,2
BRDA:99,13,1,2
BRDA:103,14,0,1
BRDA:103,14,1,1
BRF:30
BRH:13
end_of_record
TN:
SF:src/middleware/rateLimiter.ts
FN:19,createApiLimiter
FN:27,(anonymous_10)
FN:32,(anonymous_11)
FN:39,(anonymous_12)
FN:50,createAuthLimiter
FN:59,(anonymous_14)
FN:63,(anonymous_15)
FN:70,(anonymous_16)
FN:80,createStrictLimiter
FN:88,(anonymous_18)
FN:92,(anonymous_19)
FN:106,dynamicRateLimit
FN:107,(anonymous_21)
FN:123,dynamicAuthRateLimit
FN:124,(anonymous_23)
FN:143,resetRateLimiters
FNF:16
FNH:0
FNDA:0,createApiLimiter
FNDA:0,(anonymous_10)
FNDA:0,(anonymous_11)
FNDA:0,(anonymous_12)
FNDA:0,createAuthLimiter
FNDA:0,(anonymous_14)
FNDA:0,(anonymous_15)
FNDA:0,(anonymous_16)
FNDA:0,createStrictLimiter
FNDA:0,(anonymous_18)
FNDA:0,(anonymous_19)
FNDA:0,dynamicRateLimit
FNDA:0,(anonymous_21)
FNDA:0,dynamicAuthRateLimit
FNDA:0,(anonymous_23)
FNDA:0,resetRateLimiters
DA:1,0
DA:3,0
DA:12,0
DA:13,0
DA:19,0
DA:20,0
DA:22,0
DA:29,0
DA:30,0
DA:33,0
DA:41,0
DA:50,0
DA:51,0
DA:53,0
DA:60,0
DA:61,0
DA:64,0
DA:71,0
DA:80,0
DA:81,0
DA:83,0
DA:89,0
DA:90,0
DA:93,0
DA:106,0
DA:107,0
DA:108,0
DA:110,0
DA:111,0
DA:115,0
DA:116,0
DA:119,0
DA:123,0
DA:124,0
DA:125,0
DA:127,0
DA:128,0
DA:131,0
DA:132,0
DA:135,0
DA:143,0
DA:144,0
DA:145,0
DA:149,0
LF:44
LH:0
BRDA:41,0,0,0
BRDA:41,0,1,0
BRDA:41,1,0,0
BRDA:41,1,1,0
BRDA:71,2,0,0
BRDA:71,2,1,0
BRDA:110,3,0,0
BRDA:110,3,1,0
BRDA:115,4,0,0
BRDA:115,4,1,0
BRDA:127,5,0,0
BRDA:127,5,1,0
BRDA:131,6,0,0
BRDA:131,6,1,0
BRF:14
BRH:0
end_of_record
TN:
SF:src/middleware/rbac.ts
FN:8,(anonymous_0)
FN:11,(anonymous_1)
FN:15,(anonymous_2)
FN:19,(anonymous_3)
FN:20,(anonymous_4)
FN:29,(anonymous_5)
FNF:6
FNH:3
FNDA:0,(anonymous_0)
FNDA:0,(anonymous_1)
FNDA:0,(anonymous_2)
FNDA:2,(anonymous_3)
FNDA:2,(anonymous_4)
FNDA:3,(anonymous_5)
DA:8,1
DA:9,0
DA:10,0
DA:11,0
DA:13,0
DA:15,0
DA:19,1
DA:20,2
DA:21,2
DA:22,0
DA:26,2
DA:29,3
DA:31,2
DA:32,1
DA:35,1
LF:15
LH:9
BRDA:9,0,0,0
BRDA:9,0,1,0
BRDA:10,1,0,0
BRDA:10,1,1,0
BRDA:19,2,0,0
BRDA:21,3,0,0
BRDA:21,3,1,2
BRDA:26,4,0,2
BRDA:26,4,1,0
BRDA:26,5,0,2
BRDA:26,5,1,2
BRDA:29,6,0,2
BRDA:29,6,1,2
BRDA:31,7,0,1
BRDA:31,7,1,1
BRF:15
BRH:8
end_of_record
TN:
SF:src/middleware/requestLogger.ts
FN:10,requestLogger
FN:11,(anonymous_10)
FN:26,(anonymous_11)
FN:52,errorLogger
FN:53,(anonymous_13)
FN:57,(anonymous_14)
FNF:6
FNH:0
FNDA:0,requestLogger
FNDA:0,(anonymous_10)
FNDA:0,(anonymous_11)
FNDA:0,errorLogger
FNDA:0,(anonymous_13)
FNDA:0,(anonymous_14)
DA:2,0
DA:3,0
DA:10,0
DA:11,0
DA:12,0
DA:14,0
DA:15,0
DA:18,0
DA:21,0
DA:22,0
DA:23,0
DA:26,0
DA:27,0
DA:28,0
DA:31,0
DA:43,0
DA:52,0
DA:53,0
DA:54,0
DA:56,0
DA:57,0
DA:58,0
DA:68,0
LF:23
LH:0
BRDA:14,0,0,0
BRDA:14,0,1,0
BRDA:56,1,0,0
BRDA:56,1,1,0
BRF:4
BRH:0
end_of_record
TN:
SF:src/middleware/validate.ts
FN:5,(anonymous_0)
FN:5,(anonymous_1)
FNF:2
FNH:0
FNDA:0,(anonymous_0)
FNDA:0,(anonymous_1)
DA:3,0
DA:5,0
DA:10,0
DA:11,0
DA:16,0
DA:18,0
DA:19,0
DA:25,0
LF:8
LH:0
BRDA:18,0,0,0
BRDA:18,0,1,0
BRF:2
BRH:0
end_of_record
TN:
SF:src/queues/backupQueue.ts
FN:16,(anonymous_1)
FN:39,(anonymous_2)
FN:45,(anonymous_3)
FN:49,scheduleBackupJob
FNF:4
FNH:0
FNDA:0,(anonymous_1)
FNDA:0,(anonymous_2)
FNDA:0,(anonymous_3)
FNDA:0,scheduleBackupJob
DA:1,0
DA:2,0
DA:3,0
DA:4,0
DA:5,0
DA:7,0
DA:10,0
DA:12,0
DA:14,0
DA:17,0
DA:18,0
DA:19,0
DA:20,0
DA:23,0
DA:24,0
DA:26,0
DA:27,0
DA:31,0
DA:33,0
DA:39,0
DA:40,0
DA:41,0
DA:45,0
DA:46,0
DA:49,0
DA:51,0
DA:52,0
DA:53,0
DA:56,0
DA:57,0
DA:59,0
DA:60,0
DA:63,0
DA:69,0
LF:34
LH:0
BRDA:7,0,0,0
BRDA:7,0,1,0
BRDA:18,1,0,0
BRDA:18,1,1,0
BRDA:26,2,0,0
BRDA:26,2,1,0
BRDA:33,3,0,0
BRDA:33,3,1,0
BRDA:40,4,0,0
BRDA:40,4,1,0
BRDA:57,5,0,0
BRDA:57,5,1,0
BRDA:60,6,0,0
BRDA:60,6,1,0
BRF:14
BRH:0
end_of_record
TN:
SF:src/queues/emailQueue.ts
FN:24,(anonymous_1)
FN:35,(anonymous_2)
FN:39,(anonymous_3)
FNF:3
FNH:0
FNDA:0,(anonymous_1)
FNDA:0,(anonymous_2)
FNDA:0,(anonymous_3)
DA:1,0
DA:2,0
DA:3,0
DA:4,0
DA:7,0
DA:10,0
DA:12,0
DA:22,0
DA:25,0
DA:26,0
DA:27,0
DA:28,0
DA:30,0
DA:35,0
DA:36,0
DA:39,0
DA:40,0
LF:17
LH:0
BRDA:7,0,0,0
BRDA:7,0,1,0
BRDA:27,1,0,0
BRDA:27,1,1,0
BRF:4
BRH:0
end_of_record
TN:
SF:src/routes/assets.ts
FNF:0
FNH:0
DA:2,0
DA:3,0
DA:4,0
DA:6,0
DA:8,0
DA:10,0
DA:12,0
LF:7
LH:0
BRF:0
BRH:0
end_of_record
TN:
SF:src/routes/auth.ts
FNF:0
FNH:0
DA:2,0
DA:3,0
DA:4,0
DA:6,0
DA:8,0
DA:9,0
DA:11,0
LF:7
LH:0
BRF:0
BRH:0
end_of_record
TN:
SF:src/routes/departments.ts
FN:9,(anonymous_0)
FN:27,(anonymous_1)
FN:37,(anonymous_2)
FN:38,(anonymous_3)
FN:49,(anonymous_4)
FN:82,(anonymous_5)
FN:96,(anonymous_6)
FNF:7
FNH:0
FNDA:0,(anonymous_0)
FNDA:0,(anonymous_1)
FNDA:0,(anonymous_2)
FNDA:0,(anonymous_3)
FNDA:0,(anonymous_4)
FNDA:0,(anonymous_5)
FNDA:0,(anonymous_6)
DA:1,0
DA:2,0
DA:3,0
DA:5,0
DA:6,0
DA:9,0
DA:10,0
DA:11,0
DA:19,0
DA:21,0
DA:22,0
DA:27,0
DA:28,0
DA:29,0
DA:36,0
DA:37,0
DA:38,0
DA:41,0
DA:43,0
DA:44,0
DA:49,0
DA:50,0
DA:51,0
DA:53,0
DA:54,0
DA:58,0
DA:74,0
DA:76,0
DA:77,0
DA:82,0
DA:83,0
DA:84,0
DA:85,0
DA:88,0
DA:90,0
DA:91,0
DA:96,0
DA:97,0
DA:98,0
DA:99,0
DA:104,0
DA:105,0
DA:108,0
DA:113,0
DA:116,0
DA:117,0
DA:121,0
LF:47
LH:0
BRDA:38,0,0,0
BRDA:38,0,1,0
BRDA:53,1,0,0
BRDA:53,1,1,0
BRDA:53,2,0,0
BRDA:53,2,1,0
BRDA:104,3,0,0
BRDA:104,3,1,0
BRDA:104,4,0,0
BRDA:104,4,1,0
BRDA:113,5,0,0
BRDA:113,5,1,0
BRF:12
BRH:0
end_of_record
TN:
SF:src/routes/email.ts
FN:17,(anonymous_10)
FN:69,(anonymous_11)
FN:98,(anonymous_12)
FN:110,(anonymous_13)
FN:130,(anonymous_14)
FN:176,(anonymous_15)
FN:193,(anonymous_16)
FN:222,(anonymous_17)
FNF:8
FNH:0
FNDA:0,(anonymous_10)
FNDA:0,(anonymous_11)
FNDA:0,(anonymous_12)
FNDA:0,(anonymous_13)
FNDA:0,(anonymous_14)
FNDA:0,(anonymous_15)
FNDA:0,(anonymous_16)
FNDA:0,(anonymous_17)
DA:1,0
DA:2,0
DA:3,0
DA:4,0
DA:5,0
DA:6,0
DA:7,0
DA:8,0
DA:10,0
DA:17,0
DA:18,0
DA:19,0
DA:20,0
DA:24,0
DA:25,0
DA:29,0
DA:30,0
DA:31,0
DA:35,0
DA:36,0
DA:37,0
DA:38,0
DA:44,0
DA:45,0
DA:47,0
DA:48,0
DA:52,0
DA:54,0
DA:59,0
DA:60,0
DA:69,0
DA:70,0
DA:71,0
DA:73,0
DA:74,0
DA:77,0
DA:79,0
DA:80,0
DA:83,0
DA:88,0
DA:89,0
DA:98,0
DA:99,0
DA:100,0
DA:102,0
DA:103,0
DA:107,0
DA:109,0
DA:110,0
DA:111,0
DA:115,0
DA:120,0
DA:121,0
DA:130,0
DA:131,0
DA:132,0
DA:134,0
DA:135,0
DA:140,0
DA:141,0
DA:142,0
DA:145,0
DA:147,0
DA:148,0
DA:152,0
DA:153,0
DA:159,0
DA:161,0
DA:166,0
DA:167,0
DA:176,0
DA:177,0
DA:178,0
DA:179,0
DA:181,0
DA:183,0
DA:184,0
DA:193,0
DA:194,0
DA:195,0
DA:197,0
DA:198,0
DA:201,0
DA:203,0
DA:204,0
DA:207,0
DA:212,0
DA:213,0
DA:222,0
DA:223,0
DA:224,0
DA:226,0
DA:228,0
DA:229,0
DA:236,0
LF:95
LH:0
BRDA:24,0,0,0
BRDA:24,0,1,0
BRDA:30,1,0,0
BRDA:30,1,1,0
BRDA:37,2,0,0
BRDA:37,2,1,0
BRDA:37,3,0,0
BRDA:37,3,1,0
BRDA:47,4,0,0
BRDA:47,4,1,0
BRDA:73,5,0,0
BRDA:73,5,1,0
BRDA:79,6,0,0
BRDA:79,6,1,0
BRDA:102,7,0,0
BRDA:102,7,1,0
BRDA:109,8,0,0
BRDA:109,8,1,0
BRDA:134,9,0,0
BRDA:134,9,1,0
BRDA:134,10,0,0
BRDA:134,10,1,0
BRDA:141,11,0,0
BRDA:141,11,1,0
BRDA:142,12,0,0
BRDA:142,12,1,0
BRDA:147,13,0,0
BRDA:147,13,1,0
BRDA:197,14,0,0
BRDA:197,14,1,0
BRDA:203,15,0,0
BRDA:203,15,1,0
BRF:32
BRH:0
end_of_record
TN:
SF:src/routes/health.ts
FN:30,(anonymous_1)
FN:50,(anonymous_2)
FN:127,(anonymous_3)
FNF:3
FNH:0
FNDA:0,(anonymous_1)
FNDA:0,(anonymous_2)
FNDA:0,(anonymous_3)
DA:1,0
DA:2,0
DA:3,0
DA:4,0
DA:5,0
DA:6,0
DA:7,0
DA:9,0
DA:30,0
DA:31,0
DA:50,0
DA:51,0
DA:53,0
DA:54,0
DA:55,0
DA:58,0
DA:61,0
DA:64,0
DA:65,0
DA:66,0
DA:67,0
DA:68,0
DA:69,0
DA:70,0
DA:76,0
DA:107,0
DA:127,0
DA:128,0
DA:130,0
DA:131,0
DA:132,0
DA:140,0
DA:148,0
DA:151,0
DA:154,0
DA:155,0
DA:156,0
DA:157,0
DA:158,0
DA:159,0
DA:160,0
DA:161,0
DA:162,0
DA:172,0
DA:173,0
DA:174,0
DA:175,0
DA:176,0
DA:177,0
DA:178,0
DA:179,0
DA:190,0
DA:239,0
DA:247,0
LF:54
LH:0
BRDA:80,0,0,0
BRDA:80,0,1,0
BRDA:81,1,0,0
BRDA:81,1,1,0
BRDA:88,2,0,0
BRDA:88,2,1,0
BRDA:110,3,0,0
BRDA:110,3,1,0
BRDA:172,4,0,0
BRDA:172,4,1,0
BRDA:175,5,0,0
BRDA:175,5,1,0
BRDA:194,6,0,0
BRDA:194,6,1,0
BRDA:195,7,0,0
BRDA:195,7,1,0
BRDA:210,8,0,0
BRDA:210,8,1,0
BRDA:242,9,0,0
BRDA:242,9,1,0
BRF:20
BRH:0
end_of_record
TN:
SF:src/routes/history.ts
FNF:0
FNH:0
DA:2,0
DA:3,0
DA:4,0
DA:6,0
DA:8,0
DA:9,0
DA:11,0
LF:7
LH:0
BRF:0
BRH:0
end_of_record
TN:
SF:src/routes/inventory.ts
FNF:0
FNH:0
DA:2,0
DA:3,0
DA:4,0
DA:6,0
DA:8,0
DA:9,0
DA:10,0
DA:11,0
DA:13,0
LF:9
LH:0
BRF:0
BRH:0
end_of_record
TN:
SF:src/routes/requests.ts
FNF:0
FNH:0
DA:2,0
DA:3,0
DA:4,0
DA:5,0
DA:7,0
DA:9,0
DA:11,0
DA:12,0
DA:13,0
DA:15,0
LF:10
LH:0
BRF:0
BRH:0
end_of_record
TN:
SF:src/routes/settings.ts
FN:15,resolveStoragePath
FN:19,isSafeBackupPath
FN:96,(anonymous_3)
FN:111,(anonymous_4)
FN:140,(anonymous_5)
FN:159,(anonymous_6)
FN:193,(anonymous_7)
FN:220,(anonymous_8)
FN:239,(anonymous_9)
FN:252,(anonymous_10)
FN:290,(anonymous_11)
FN:343,(anonymous_12)
FNF:12
FNH:11
FNDA:3,resolveStoragePath
FNDA:3,isSafeBackupPath
FNDA:1,(anonymous_3)
FNDA:2,(anonymous_4)
FNDA:0,(anonymous_5)
FNDA:1,(anonymous_6)
FNDA:1,(anonymous_7)
FNDA:1,(anonymous_8)
FNDA:1,(anonymous_9)
FNDA:1,(anonymous_10)
FNDA:2,(anonymous_11)
FNDA:1,(anonymous_12)
DA:1,1
DA:2,1
DA:3,1
DA:4,1
DA:5,1
DA:6,1
DA:7,1
DA:8,1
DA:9,1
DA:10,1
DA:12,1
DA:13,1
DA:16,3
DA:20,3
DA:21,3
DA:27,1
DA:79,1
DA:83,1
DA:87,1
DA:96,1
DA:97,1
DA:98,1
DA:99,1
DA:101,0
DA:102,0
DA:111,1
DA:112,2
DA:114,2
DA:115,2
DA:116,1
DA:123,1
DA:124,1
DA:126,1
DA:131,0
DA:132,0
DA:140,1
DA:141,0
DA:142,0
DA:143,0
DA:149,0
DA:150,0
DA:159,1
DA:160,1
DA:161,1
DA:162,1
DA:163,0
DA:169,1
DA:171,1
DA:172,0
DA:178,1
DA:183,0
DA:184,0
DA:193,1
DA:194,1
DA:195,1
DA:197,1
DA:198,0
DA:204,1
DA:210,0
DA:211,0
DA:220,1
DA:221,1
DA:222,1
DA:224,1
DA:230,0
DA:231,0
DA:239,1
DA:240,1
DA:241,1
DA:242,1
DA:243,0
DA:249,1
DA:250,1
DA:251,1
DA:252,1
DA:254,1
DA:255,0
DA:261,1
DA:262,1
DA:263,0
DA:269,1
DA:270,1
DA:272,1
DA:278,0
DA:280,0
DA:281,0
DA:290,1
DA:291,2
DA:292,2
DA:293,2
DA:294,0
DA:300,2
DA:301,2
DA:302,2
DA:306,2
DA:307,0
DA:313,2
DA:314,2
DA:315,1
DA:316,1
DA:322,1
DA:333,0
DA:334,0
DA:343,1
DA:344,1
DA:345,1
DA:346,1
DA:347,1
DA:349,1
DA:354,0
DA:355,0
DA:359,1
LF:112
LH:82
BRDA:16,0,0,1
BRDA:16,0,1,2
BRDA:21,1,0,3
BRDA:21,1,1,3
BRDA:115,2,0,1
BRDA:115,2,1,1
BRDA:162,3,0,0
BRDA:162,3,1,1
BRDA:171,4,0,0
BRDA:171,4,1,1
BRDA:197,5,0,0
BRDA:197,5,1,1
BRDA:200,6,0,0
BRDA:200,6,1,0
BRDA:242,7,0,0
BRDA:242,7,1,1
BRDA:250,8,0,1
BRDA:250,8,1,0
BRDA:254,9,0,0
BRDA:254,9,1,1
BRDA:262,10,0,0
BRDA:262,10,1,1
BRDA:293,11,0,0
BRDA:293,11,1,2
BRDA:301,12,0,2
BRDA:301,12,1,0
BRDA:302,13,0,0
BRDA:302,13,1,2
BRDA:306,14,0,0
BRDA:306,14,1,2
BRDA:314,15,0,1
BRDA:314,15,1,1
BRDA:315,16,0,1
BRDA:315,16,1,0
BRDA:317,17,0,1
BRDA:317,17,1,0
BRDA:318,18,0,1
BRDA:318,18,1,0
BRDA:326,19,0,1
BRDA:326,19,1,0
BRF:40
BRH:23
end_of_record
TN:
SF:src/routes/stock-levels.ts
FN:9,(anonymous_0)
FN:38,(anonymous_1)
FN:65,(anonymous_2)
FN:102,(anonymous_3)
FN:107,(anonymous_4)
FN:152,(anonymous_5)
FNF:6
FNH:0
FNDA:0,(anonymous_0)
FNDA:0,(anonymous_1)
FNDA:0,(anonymous_2)
FNDA:0,(anonymous_3)
FNDA:0,(anonymous_4)
FNDA:0,(anonymous_5)
DA:1,0
DA:2,0
DA:3,0
DA:5,0
DA:6,0
DA:9,0
DA:10,0
DA:11,0
DA:13,0
DA:30,0
DA:32,0
DA:33,0
DA:38,0
DA:39,0
DA:40,0
DA:53,0
DA:54,0
DA:57,0
DA:59,0
DA:60,0
DA:65,0
DA:66,0
DA:67,0
DA:69,0
DA:94,0
DA:96,0
DA:97,0
DA:102,0
DA:103,0
DA:104,0
DA:105,0
DA:107,0
DA:109,0
DA:118,0
DA:119,0
DA:123,0
DA:130,0
DA:141,0
DA:144,0
DA:146,0
DA:147,0
DA:152,0
DA:153,0
DA:154,0
DA:155,0
DA:157,0
DA:171,0
DA:173,0
DA:174,0
DA:178,0
LF:50
LH:0
BRDA:15,0,0,0
BRDA:15,0,1,0
BRDA:16,1,0,0
BRDA:16,1,1,0
BRDA:17,2,0,0
BRDA:17,2,1,0
BRDA:53,3,0,0
BRDA:53,3,1,0
BRDA:78,4,0,0
BRDA:78,4,1,0
BRDA:79,5,0,0
BRDA:79,5,1,0
BRDA:85,6,0,0
BRDA:85,6,1,0
BRDA:86,7,0,0
BRDA:86,7,1,0
BRDA:118,8,0,0
BRDA:118,8,1,0
BRDA:165,9,0,0
BRDA:165,9,1,0
BRDA:166,10,0,0
BRDA:166,10,1,0
BRF:22
BRH:0
end_of_record
TN:
SF:src/routes/stock-transactions.ts
FN:22,(anonymous_0)
FN:37,(anonymous_1)
FN:96,(anonymous_2)
FNF:3
FNH:0
FNDA:0,(anonymous_0)
FNDA:0,(anonymous_1)
FNDA:0,(anonymous_2)
DA:2,0
DA:3,0
DA:4,0
DA:5,0
DA:7,0
DA:8,0
DA:11,0
DA:22,0
DA:23,0
DA:24,0
DA:25,0
DA:28,0
DA:32,0
DA:33,0
DA:37,0
DA:38,0
DA:40,0
DA:43,0
DA:52,0
DA:53,0
DA:58,0
DA:68,0
DA:79,0
DA:81,0
DA:84,0
DA:87,0
DA:88,0
DA:90,0
DA:91,0
DA:96,0
DA:97,0
DA:98,0
DA:99,0
DA:107,0
DA:109,0
DA:113,0
LF:36
LH:0
BRDA:32,0,0,0
BRDA:32,0,1,0
BRDA:52,1,0,0
BRDA:52,1,1,0
BRDA:87,2,0,0
BRDA:87,2,1,0
BRF:6
BRH:0
end_of_record
TN:
SF:src/routes/stock-transfers.ts
FN:9,(anonymous_0)
FN:39,(anonymous_1)
FN:62,(anonymous_2)
FN:109,(anonymous_3)
FN:129,(anonymous_4)
FNF:5
FNH:0
FNDA:0,(anonymous_0)
FNDA:0,(anonymous_1)
FNDA:0,(anonymous_2)
FNDA:0,(anonymous_3)
FNDA:0,(anonymous_4)
DA:1,0
DA:2,0
DA:3,0
DA:5,0
DA:6,0
DA:9,0
DA:10,0
DA:11,0
DA:13,0
DA:31,0
DA:33,0
DA:34,0
DA:39,0
DA:40,0
DA:41,0
DA:50,0
DA:51,0
DA:54,0
DA:56,0
DA:57,0
DA:62,0
DA:63,0
DA:64,0
DA:67,0
DA:76,0
DA:77,0
DA:84,0
DA:101,0
DA:103,0
DA:104,0
DA:109,0
DA:110,0
DA:111,0
DA:112,0
DA:115,0
DA:119,0
DA:120,0
DA:123,0
DA:124,0
DA:128,0
DA:129,0
DA:131,0
DA:146,0
DA:166,0
DA:175,0
DA:177,0
DA:187,0
DA:196,0
DA:198,0
DA:199,0
DA:203,0
LF:51
LH:0
BRDA:15,0,0,0
BRDA:15,0,1,0
BRDA:16,1,0,0
BRDA:16,1,1,0
BRDA:50,2,0,0
BRDA:50,2,1,0
BRDA:76,3,0,0
BRDA:76,3,1,0
BRDA:76,4,0,0
BRDA:76,4,1,0
BRDA:79,5,0,0
BRDA:79,5,1,0
BRDA:119,6,0,0
BRDA:119,6,1,0
BRDA:123,7,0,0
BRDA:123,7,1,0
BRDA:128,8,0,0
BRDA:128,8,1,0
BRDA:175,9,0,0
BRDA:175,9,1,0
BRF:20
BRH:0
end_of_record
TN:
SF:src/routes/users.ts
FNF:0
FNH:0
DA:2,0
DA:3,0
DA:4,0
DA:5,0
DA:7,0
DA:9,0
DA:10,0
DA:12,0
DA:14,0
LF:9
LH:0
BRF:0
BRH:0
end_of_record
TN:
SF:src/routes/warehouses.ts
FN:9,(anonymous_0)
FN:28,(anonymous_1)
FN:53,(anonymous_2)
FN:74,(anonymous_3)
FNF:4
FNH:0
FNDA:0,(anonymous_0)
FNDA:0,(anonymous_1)
FNDA:0,(anonymous_2)
FNDA:0,(anonymous_3)
DA:1,0
DA:2,0
DA:3,0
DA:5,0
DA:6,0
DA:9,0
DA:10,0
DA:11,0
DA:20,0
DA:22,0
DA:23,0
DA:28,0
DA:29,0
DA:30,0
DA:41,0
DA:42,0
DA:45,0
DA:47,0
DA:48,0
DA:53,0
DA:54,0
DA:55,0
DA:57,0
DA:66,0
DA:68,0
DA:69,0
DA:74,0
DA:75,0
DA:76,0
DA:78,0
DA:86,0
DA:88,0
DA:89,0
DA:93,0
LF:34
LH:0
BRDA:41,0,0,0
BRDA:41,0,1,0
BRDA:62,1,0,0
BRDA:62,1,1,0
BRDA:81,2,0,0
BRDA:81,2,1,0
BRDA:82,3,0,0
BRDA:82,3,1,0
BRF:8
BRH:0
end_of_record
TN:
SF:src/services/backupService.ts
FN:33,resolveDatabasePath
FN:47,getDatabasePath
FN:51,getUnsupportedBackupMessage
FN:55,resolveStoragePath
FN:59,ensureStoragePath
FN:63,toPowerShellLiteral
FN:67,pathExists
FN:76,createBackup
FN:134,(anonymous_9)
FN:135,(anonymous_10)
FN:196,cleanupOldBackups
FN:204,(anonymous_12)
FN:205,(anonymous_13)
FN:211,(anonymous_14)
FN:217,(anonymous_15)
FN:229,listBackups
FN:242,(anonymous_17)
FN:243,(anonymous_18)
FN:262,restoreBackup
FN:339,(anonymous_20)
FN:342,(anonymous_21)
FN:366,(anonymous_22)
FN:370,shouldBackup
FNF:23
FNH:0
FNDA:0,resolveDatabasePath
FNDA:0,getDatabasePath
FNDA:0,getUnsupportedBackupMessage
FNDA:0,resolveStoragePath
FNDA:0,ensureStoragePath
FNDA:0,toPowerShellLiteral
FNDA:0,pathExists
FNDA:0,createBackup
FNDA:0,(anonymous_9)
FNDA:0,(anonymous_10)
FNDA:0,cleanupOldBackups
FNDA:0,(anonymous_12)
FNDA:0,(anonymous_13)
FNDA:0,(anonymous_14)
FNDA:0,(anonymous_15)
FNDA:0,listBackups
FNDA:0,(anonymous_17)
FNDA:0,(anonymous_18)
FNDA:0,restoreBackup
FNDA:0,(anonymous_20)
FNDA:0,(anonymous_21)
FNDA:0,(anonymous_22)
FNDA:0,shouldBackup
DA:1,0
DA:2,0
DA:3,0
DA:4,0
DA:5,0
DA:6,0
DA:7,0
DA:8,0
DA:9,0
DA:29,0
DA:30,0
DA:31,0
DA:34,0
DA:35,0
DA:36,0
DA:39,0
DA:40,0
DA:41,0
DA:44,0
DA:48,0
DA:52,0
DA:56,0
DA:60,0
DA:64,0
DA:68,0
DA:69,0
DA:70,0
DA:72,0
DA:76,0
DA:77,0
DA:78,0
DA:80,0
DA:81,0
DA:91,0
DA:92,0
DA:102,0
DA:103,0
DA:104,0
DA:105,0
DA:106,0
DA:108,0
DA:110,0
DA:111,0
DA:121,0
DA:122,0
DA:124,0
DA:125,0
DA:126,0
DA:127,0
DA:128,0
DA:130,0
DA:134,0
DA:135,0
DA:136,0
DA:137,0
DA:139,0
DA:140,0
DA:142,0
DA:143,0
DA:146,0
DA:149,0
DA:151,0
DA:157,0
DA:165,0
DA:167,0
DA:175,0
DA:177,0
DA:178,0
DA:185,0
DA:196,0
DA:197,0
DA:198,0
DA:200,0
DA:201,0
DA:202,0
DA:203,0
DA:204,0
DA:205,0
DA:210,0
DA:211,0
DA:217,0
DA:219,0
DA:220,0
DA:221,0
DA:222,0
DA:225,0
DA:229,0
DA:235,0
DA:236,0
DA:238,0
DA:239,0
DA:240,0
DA:241,0
DA:242,0
DA:244,0
DA:245,0
DA:247,0
DA:255,0
DA:257,0
DA:258,0
DA:262,0
DA:263,0
DA:264,0
DA:265,0
DA:273,0
DA:274,0
DA:276,0
DA:284,0
DA:285,0
DA:287,0
DA:288,0
DA:289,0
DA:299,0
DA:300,0
DA:301,0
DA:303,0
DA:311,0
DA:312,0
DA:313,0
DA:315,0
DA:317,0
DA:318,0
DA:319,0
DA:322,0
DA:324,0
DA:325,0
DA:326,0
DA:329,0
DA:331,0
DA:332,0
DA:333,0
DA:339,0
DA:340,0
DA:342,0
DA:345,0
DA:350,0
DA:358,0
DA:359,0
DA:366,0
DA:370,0
DA:371,0
DA:373,0
DA:374,0
DA:377,0
DA:381,0
DA:382,0
DA:385,0
DA:386,0
LF:148
LH:0
BRDA:35,0,0,0
BRDA:35,0,1,0
BRDA:40,1,0,0
BRDA:40,1,1,0
BRDA:44,2,0,0
BRDA:44,2,1,0
BRDA:56,3,0,0
BRDA:56,3,1,0
BRDA:80,4,0,0
BRDA:80,4,1,0
BRDA:91,5,0,0
BRDA:91,5,1,0
BRDA:110,6,0,0
BRDA:110,6,1,0
BRDA:125,7,0,0
BRDA:125,7,1,0
BRDA:142,8,0,0
BRDA:142,8,1,0
BRDA:175,9,0,0
BRDA:175,9,1,0
BRDA:204,10,0,0
BRDA:204,10,1,0
BRDA:242,11,0,0
BRDA:242,11,1,0
BRDA:264,12,0,0
BRDA:264,12,1,0
BRDA:318,13,0,0
BRDA:318,13,1,0
BRDA:324,14,0,0
BRDA:324,14,1,0
BRDA:331,15,0,0
BRDA:331,15,1,0
BRDA:363,16,0,0
BRDA:363,16,1,0
BRDA:373,17,0,0
BRDA:373,17,1,0
BRDA:381,18,0,0
BRDA:381,18,1,0
BRF:38
BRH:0
end_of_record
TN:
SF:src/services/emailService.ts
FN:13,createTransporter
FN:34,sendEmail
FN:76,sendVerificationEmail
FN:123,sendPasswordResetEmail
FN:170,sendTestEmail
FN:194,verifyEmailConnection
FNF:6
FNH:0
FNDA:0,createTransporter
FNDA:0,sendEmail
FNDA:0,sendVerificationEmail
FNDA:0,sendPasswordResetEmail
FNDA:0,sendTestEmail
FNDA:0,verifyEmailConnection
DA:1,0
DA:2,0
DA:3,0
DA:14,0
DA:16,0
DA:17,0
DA:20,0
DA:34,0
DA:40,0
DA:42,0
DA:43,0
DA:44,0
DA:47,0
DA:48,0
DA:49,0
DA:51,0
DA:59,0
DA:65,0
DA:68,0
DA:69,0
DA:76,0
DA:80,0
DA:82,0
DA:103,0
DA:112,0
DA:123,0
DA:127,0
DA:129,0
DA:150,0
DA:159,0
DA:170,0
DA:171,0
DA:184,0
DA:194,0
DA:198,0
DA:199,0
DA:200,0
DA:202,0
DA:207,0
DA:208,0
LF:40
LH:0
BRDA:16,0,0,0
BRDA:16,0,1,0
BRDA:16,1,0,0
BRDA:16,1,1,0
BRDA:26,2,0,0
BRDA:26,2,1,0
BRDA:42,3,0,0
BRDA:42,3,1,0
BRDA:80,4,0,0
BRDA:80,4,1,0
BRDA:127,5,0,0
BRDA:127,5,1,0
BRDA:207,6,0,0
BRDA:207,6,1,0
BRF:14
BRH:0
end_of_record
TN:
SF:src/services/notificationService.ts
FN:44,(anonymous_1)
FN:179,(anonymous_2)
FN:224,(anonymous_3)
FN:276,(anonymous_4)
FN:328,(anonymous_5)
FN:359,(anonymous_6)
FN:383,(anonymous_7)
FN:401,(anonymous_8)
FN:423,(anonymous_9)
FNF:9
FNH:0
FNDA:0,(anonymous_1)
FNDA:0,(anonymous_2)
FNDA:0,(anonymous_3)
FNDA:0,(anonymous_4)
FNDA:0,(anonymous_5)
FNDA:0,(anonymous_6)
FNDA:0,(anonymous_7)
FNDA:0,(anonymous_8)
FNDA:0,(anonymous_9)
DA:1,0
DA:2,0
DA:8,0
DA:9,0
DA:10,0
DA:11,0
DA:12,0
DA:14,0
DA:15,0
DA:21,0
DA:35,0
DA:36,0
DA:37,0
DA:44,0
DA:178,0
DA:186,0
DA:221,0
DA:232,0
DA:238,0
DA:240,0
DA:273,0
DA:283,0
DA:320,0
DA:328,0
DA:333,0
DA:334,0
DA:335,0
DA:336,0
DA:337,0
DA:340,0
DA:341,0
DA:347,0
DA:348,0
DA:350,0
DA:351,0
DA:359,0
DA:360,0
DA:361,0
DA:362,0
DA:363,0
DA:366,0
DA:367,0
DA:370,0
DA:371,0
DA:373,0
DA:374,0
DA:382,0
DA:389,0
DA:407,0
DA:423,0
DA:428,0
DA:429,0
DA:442,0
DA:444,0
DA:445,0
DA:454,0
DA:457,0
DA:465,0
DA:469,0
LF:59
LH:0
BRDA:8,0,0,0
BRDA:8,0,1,0
BRDA:9,1,0,0
BRDA:9,1,1,0
BRDA:10,2,0,0
BRDA:10,2,1,0
BRDA:11,3,0,0
BRDA:11,3,1,0
BRDA:12,4,0,0
BRDA:12,4,1,0
BRDA:14,5,0,0
BRDA:14,5,1,0
BRDA:15,6,0,0
BRDA:15,6,1,0
BRDA:36,7,0,0
BRDA:36,7,1,0
BRDA:268,8,0,0
BRDA:268,8,1,0
BRDA:270,9,0,0
BRDA:270,9,1,0
BRDA:333,10,0,0
BRDA:333,10,1,0
BRDA:333,11,0,0
BRDA:333,11,1,0
BRDA:360,12,0,0
BRDA:360,12,1,0
BRDA:360,13,0,0
BRDA:360,13,1,0
BRDA:394,14,0,0
BRDA:394,14,1,0
BRDA:442,15,0,0
BRDA:442,15,1,0
BRDA:442,16,0,0
BRDA:442,16,1,0
BRDA:444,17,0,0
BRDA:444,17,1,0
BRF:36
BRH:0
end_of_record
TN:
SF:src/services/searchService.ts
FN:17,syncItemToMeilisearch
FN:36,removeItemFromMeilisearch
FNF:2
FNH:0
FNDA:0,syncItemToMeilisearch
FNDA:0,removeItemFromMeilisearch
DA:1,0
DA:2,0
DA:4,0
DA:5,0
DA:7,0
DA:12,0
DA:17,0
DA:18,0
DA:19,0
DA:29,0
DA:36,0
DA:37,0
DA:38,0
DA:40,0
LF:14
LH:0
BRDA:4,0,0,0
BRDA:4,0,1,0
BRDA:5,1,0,0
BRDA:5,1,1,0
BRF:4
BRH:0
end_of_record
TN:
SF:src/services/verificationService.ts
FN:13,createVerificationToken
FN:39,verifyToken
FN:107,createPasswordResetToken
FN:141,verifyPasswordResetToken
FN:177,usePasswordResetToken
FN:191,cleanupExpiredTokens
FN:210,getVerificationStatus
FNF:7
FNH:0
FNDA:0,createVerificationToken
FNDA:0,verifyToken
FNDA:0,createPasswordResetToken
FNDA:0,verifyPasswordResetToken
FNDA:0,usePasswordResetToken
FNDA:0,cleanupExpiredTokens
FNDA:0,getVerificationStatus
DA:1,0
DA:2,0
DA:3,0
DA:13,0
DA:14,0
DA:15,0
DA:18,0
DA:23,0
DA:31,0
DA:33,0
DA:39,0
DA:44,0
DA:45,0
DA:50,0
DA:51,0
DA:57,0
DA:59,0
DA:63,0
DA:69,0
DA:70,0
DA:77,0
DA:84,0
DA:89,0
DA:96,0
DA:97,0
DA:107,0
DA:108,0
DA:112,0
DA:113,0
DA:116,0
DA:117,0
DA:120,0
DA:125,0
DA:133,0
DA:135,0
DA:141,0
DA:146,0
DA:150,0
DA:151,0
DA:157,0
DA:158,0
DA:162,0
DA:168,0
DA:177,0
DA:178,0
DA:179,0
DA:182,0
DA:184,0
DA:191,0
DA:192,0
DA:200,0
DA:201,0
DA:204,0
DA:210,0
DA:216,0
DA:225,0
DA:226,0
DA:233,0
DA:243,0
LF:59
LH:0
BRDA:50,0,0,0
BRDA:50,0,1,0
BRDA:57,1,0,0
BRDA:57,1,1,0
BRDA:69,2,0,0
BRDA:69,2,1,0
BRDA:112,3,0,0
BRDA:112,3,1,0
BRDA:150,4,0,0
BRDA:150,4,1,0
BRDA:157,5,0,0
BRDA:157,5,1,0
BRDA:200,6,0,0
BRDA:200,6,1,0
BRDA:225,7,0,0
BRDA:225,7,1,0
BRF:16
BRH:0
end_of_record
TN:
SF:src/tests/setup.ts
FNF:0
FNH:0
DA:2,0
DA:3,0
DA:6,0
DA:8,0
LF:4
LH:0
BRF:0
BRH:0
end_of_record
TN:
SF:src/tests/security/config.ts
FNF:0
FNH:0
DA:8,0
DA:118,0
LF:2
LH:0
BRDA:11,0,0,0
BRDA:11,0,1,0
BRDA:12,1,0,0
BRDA:12,1,1,0
BRDA:102,2,0,0
BRDA:102,2,1,0
BRF:6
BRH:0
end_of_record
TN:
SF:src/tests/security/api/rate-limiting.test.ts
FN:16,(anonymous_1)
FN:25,(anonymous_2)
FN:26,(anonymous_3)
FN:56,(anonymous_4)
FN:93,(anonymous_5)
FN:94,(anonymous_6)
FN:137,(anonymous_7)
FN:172,(anonymous_8)
FN:173,(anonymous_9)
FN:209,(anonymous_10)
FN:247,(anonymous_11)
FN:248,(anonymous_12)
FN:251,(anonymous_13)
FN:261,(anonymous_14)
FN:262,(anonymous_15)
FN:263,(anonymous_16)
FN:276,(anonymous_17)
FN:281,(anonymous_18)
FN:319,(anonymous_19)
FN:320,(anonymous_20)
FN:369,(anonymous_21)
FN:370,(anonymous_22)
FN:396,(anonymous_23)
FN:399,(anonymous_24)
FN:425,(anonymous_25)
FNF:25
FNH:0
FNDA:0,(anonymous_1)
FNDA:0,(anonymous_2)
FNDA:0,(anonymous_3)
FNDA:0,(anonymous_4)
FNDA:0,(anonymous_5)
FNDA:0,(anonymous_6)
FNDA:0,(anonymous_7)
FNDA:0,(anonymous_8)
FNDA:0,(anonymous_9)
FNDA:0,(anonymous_10)
FNDA:0,(anonymous_11)
FNDA:0,(anonymous_12)
FNDA:0,(anonymous_13)
FNDA:0,(anonymous_14)
FNDA:0,(anonymous_15)
FNDA:0,(anonymous_16)
FNDA:0,(anonymous_17)
FNDA:0,(anonymous_18)
FNDA:0,(anonymous_19)
FNDA:0,(anonymous_20)
FNDA:0,(anonymous_21)
FNDA:0,(anonymous_22)
FNDA:0,(anonymous_23)
FNDA:0,(anonymous_24)
FNDA:0,(anonymous_25)
DA:9,0
DA:10,0
DA:11,0
DA:13,0
DA:14,0
DA:16,0
DA:17,0
DA:25,0
DA:26,0
DA:27,0
DA:28,0
DA:29,0
DA:31,0
DA:32,0
DA:36,0
DA:37,0
DA:38,0
DA:39,0
DA:43,0
DA:53,0
DA:56,0
DA:57,0
DA:58,0
DA:59,0
DA:61,0
DA:62,0
DA:69,0
DA:70,0
DA:71,0
DA:72,0
DA:76,0
DA:86,0
DA:93,0
DA:94,0
DA:95,0
DA:103,0
DA:104,0
DA:107,0
DA:108,0
DA:109,0
DA:114,0
DA:116,0
DA:117,0
DA:118,0
DA:121,0
DA:124,0
DA:134,0
DA:137,0
DA:138,0
DA:139,0
DA:141,0
DA:142,0
DA:147,0
DA:149,0
DA:150,0
DA:151,0
DA:155,0
DA:165,0
DA:172,0
DA:173,0
DA:174,0
DA:178,0
DA:187,0
DA:188,0
DA:189,0
DA:190,0
DA:194,0
DA:196,0
DA:206,0
DA:209,0
DA:211,0
DA:212,0
DA:213,0
DA:220,0
DA:221,0
DA:222,0
DA:226,0
DA:227,0
DA:229,0
DA:239,0
DA:247,0
DA:248,0
DA:249,0
DA:251,0
DA:252,0
DA:257,0
DA:258,0
DA:259,0
DA:261,0
DA:262,0
DA:263,0
DA:265,0
DA:273,0
DA:276,0
DA:277,0
DA:278,0
DA:281,0
DA:282,0
DA:286,0
DA:287,0
DA:289,0
DA:293,0
DA:294,0
DA:297,0
DA:299,0
DA:302,0
DA:312,0
DA:319,0
DA:320,0
DA:321,0
DA:327,0
DA:328,0
DA:329,0
DA:331,0
DA:333,0
DA:334,0
DA:337,0
DA:338,0
DA:343,0
DA:345,0
DA:346,0
DA:347,0
DA:351,0
DA:352,0
DA:360,0
DA:369,0
DA:370,0
DA:372,0
DA:376,0
DA:381,0
DA:383,0
DA:393,0
DA:396,0
DA:398,0
DA:399,0
DA:402,0
DA:406,0
DA:408,0
DA:418,0
DA:425,0
DA:426,0
DA:427,0
DA:428,0
DA:429,0
DA:430,0
DA:431,0
DA:432,0
DA:433,0
DA:434,0
LF:149
LH:0
BRDA:36,0,0,0
BRDA:36,0,1,0
BRDA:46,1,0,0
BRDA:46,1,1,0
BRDA:48,2,0,0
BRDA:48,2,1,0
BRDA:69,3,0,0
BRDA:69,3,1,0
BRDA:79,4,0,0
BRDA:79,4,1,0
BRDA:81,5,0,0
BRDA:81,5,1,0
BRDA:116,6,0,0
BRDA:116,6,1,0
BRDA:121,7,0,0
BRDA:121,7,1,0
BRDA:127,8,0,0
BRDA:127,8,1,0
BRDA:129,9,0,0
BRDA:129,9,1,0
BRDA:149,10,0,0
BRDA:149,10,1,0
BRDA:160,11,0,0
BRDA:160,11,1,0
BRDA:189,12,0,0
BRDA:189,12,1,0
BRDA:201,13,0,0
BRDA:201,13,1,0
BRDA:220,14,0,0
BRDA:220,14,1,0
BRDA:226,15,0,0
BRDA:226,15,1,0
BRDA:234,16,0,0
BRDA:234,16,1,0
BRDA:268,17,0,0
BRDA:268,17,1,0
BRDA:305,18,0,0
BRDA:305,18,1,0
BRDA:307,19,0,0
BRDA:307,19,1,0
BRDA:333,20,0,0
BRDA:333,20,1,0
BRDA:337,21,0,0
BRDA:337,21,1,0
BRDA:345,22,0,0
BRDA:345,22,1,0
BRDA:351,23,0,0
BRDA:351,23,1,0
BRDA:381,24,0,0
BRDA:381,24,1,0
BRDA:386,25,0,0
BRDA:386,25,1,0
BRDA:388,26,0,0
BRDA:388,26,1,0
BRDA:411,27,0,0
BRDA:411,27,1,0
BRDA:413,28,0,0
BRDA:413,28,1,0
BRF:58
BRH:0
end_of_record
TN:
SF:src/tests/security/auth/brute-force.test.ts
FN:17,(anonymous_1)
FN:23,(anonymous_2)
FN:24,(anonymous_3)
FN:71,(anonymous_4)
FN:110,(anonymous_5)
FN:111,(anonymous_6)
FN:147,(anonymous_7)
FN:149,(anonymous_8)
FN:157,(anonymous_9)
FN:176,(anonymous_10)
FN:177,(anonymous_11)
FN:205,(anonymous_12)
FN:247,(anonymous_13)
FN:248,(anonymous_14)
FN:292,(anonymous_15)
FN:313,(anonymous_16)
FN:314,(anonymous_17)
FN:338,(anonymous_18)
FNF:18
FNH:0
FNDA:0,(anonymous_1)
FNDA:0,(anonymous_2)
FNDA:0,(anonymous_3)
FNDA:0,(anonymous_4)
FNDA:0,(anonymous_5)
FNDA:0,(anonymous_6)
FNDA:0,(anonymous_7)
FNDA:0,(anonymous_8)
FNDA:0,(anonymous_9)
FNDA:0,(anonymous_10)
FNDA:0,(anonymous_11)
FNDA:0,(anonymous_12)
FNDA:0,(anonymous_13)
FNDA:0,(anonymous_14)
FNDA:0,(anonymous_15)
FNDA:0,(anonymous_16)
FNDA:0,(anonymous_17)
FNDA:0,(anonymous_18)
DA:9,0
DA:10,0
DA:11,0
DA:12,0
DA:14,0
DA:15,0
DA:17,0
DA:18,0
DA:23,0
DA:24,0
DA:25,0
DA:26,0
DA:27,0
DA:29,0
DA:30,0
DA:33,0
DA:34,0
DA:40,0
DA:44,0
DA:45,0
DA:46,0
DA:51,0
DA:64,0
DA:68,0
DA:71,0
DA:72,0
DA:73,0
DA:74,0
DA:77,0
DA:78,0
DA:80,0
DA:84,0
DA:88,0
DA:89,0
DA:93,0
DA:95,0
DA:103,0
DA:110,0
DA:111,0
DA:112,0
DA:113,0
DA:114,0
DA:116,0
DA:117,0
DA:124,0
DA:125,0
DA:126,0
DA:127,0
DA:131,0
DA:141,0
DA:147,0
DA:149,0
DA:150,0
DA:156,0
DA:157,0
DA:159,0
DA:169,0
DA:176,0
DA:177,0
DA:178,0
DA:179,0
DA:181,0
DA:182,0
DA:191,0
DA:192,0
DA:200,0
DA:205,0
DA:206,0
DA:213,0
DA:214,0
DA:216,0
DA:217,0
DA:225,0
DA:226,0
DA:230,0
DA:240,0
DA:247,0
DA:248,0
DA:249,0
DA:250,0
DA:251,0
DA:253,0
DA:257,0
DA:262,0
DA:263,0
DA:268,0
DA:270,0
DA:289,0
DA:292,0
DA:293,0
DA:294,0
DA:295,0
DA:297,0
DA:299,0
DA:300,0
DA:303,0
DA:306,0
DA:307,0
DA:310,0
DA:313,0
DA:314,0
DA:315,0
DA:318,0
DA:320,0
DA:331,0
DA:338,0
DA:339,0
DA:340,0
DA:341,0
DA:342,0
DA:343,0
DA:344,0
DA:345,0
DA:346,0
DA:347,0
LF:115
LH:0
BRDA:40,0,0,0
BRDA:40,0,1,0
BRDA:40,1,0,0
BRDA:40,1,1,0
BRDA:40,1,2,0
BRDA:40,1,3,0
BRDA:54,2,0,0
BRDA:54,2,1,0
BRDA:56,3,0,0
BRDA:56,3,1,0
BRDA:98,4,0,0
BRDA:98,4,1,0
BRDA:124,5,0,0
BRDA:124,5,1,0
BRDA:134,6,0,0
BRDA:134,6,1,0
BRDA:136,7,0,0
BRDA:136,7,1,0
BRDA:162,8,0,0
BRDA:162,8,1,0
BRDA:164,9,0,0
BRDA:164,9,1,0
BRDA:191,10,0,0
BRDA:191,10,1,0
BRDA:225,11,0,0
BRDA:225,11,1,0
BRDA:225,12,0,0
BRDA:225,12,1,0
BRDA:233,13,0,0
BRDA:233,13,1,0
BRDA:235,14,0,0
BRDA:235,14,1,0
BRDA:268,15,0,0
BRDA:268,15,1,0
BRDA:273,16,0,0
BRDA:273,16,1,0
BRDA:275,17,0,0
BRDA:275,17,1,0
BRDA:323,18,0,0
BRDA:323,18,1,0
BRF:40
BRH:0
end_of_record
TN:
SF:src/tests/security/auth/jwt-attacks.test.ts
FN:19,base64url
FN:27,(anonymous_2)
FN:31,(anonymous_3)
FN:45,(anonymous_4)
FN:46,(anonymous_5)
FN:85,(anonymous_6)
FN:113,(anonymous_7)
FN:156,(anonymous_8)
FN:157,(anonymous_9)
FN:192,(anonymous_10)
FN:221,(anonymous_11)
FN:222,(anonymous_12)
FN:254,(anonymous_13)
FN:289,(anonymous_14)
FN:290,(anonymous_15)
FN:338,(anonymous_16)
FN:339,(anonymous_17)
FN:379,(anonymous_18)
FN:380,(anonymous_19)
FN:449,(anonymous_20)
FN:450,(anonymous_21)
FN:488,(anonymous_22)
FNF:22
FNH:0
FNDA:0,base64url
FNDA:0,(anonymous_2)
FNDA:0,(anonymous_3)
FNDA:0,(anonymous_4)
FNDA:0,(anonymous_5)
FNDA:0,(anonymous_6)
FNDA:0,(anonymous_7)
FNDA:0,(anonymous_8)
FNDA:0,(anonymous_9)
FNDA:0,(anonymous_10)
FNDA:0,(anonymous_11)
FNDA:0,(anonymous_12)
FNDA:0,(anonymous_13)
FNDA:0,(anonymous_14)
FNDA:0,(anonymous_15)
FNDA:0,(anonymous_16)
FNDA:0,(anonymous_17)
FNDA:0,(anonymous_18)
FNDA:0,(anonymous_19)
FNDA:0,(anonymous_20)
FNDA:0,(anonymous_21)
FNDA:0,(anonymous_22)
DA:10,0
DA:11,0
DA:12,0
DA:13,0
DA:15,0
DA:16,0
DA:20,0
DA:27,0
DA:31,0
DA:32,0
DA:39,0
DA:45,0
DA:46,0
DA:48,0
DA:49,0
DA:55,0
DA:57,0
DA:65,0
DA:67,0
DA:80,0
DA:82,0
DA:85,0
DA:87,0
DA:89,0
DA:90,0
DA:91,0
DA:93,0
DA:95,0
DA:99,0
DA:100,0
DA:108,0
DA:113,0
DA:116,0
DA:117,0
DA:125,0
DA:127,0
DA:128,0
DA:129,0
DA:131,0
DA:135,0
DA:136,0
DA:144,0
DA:156,0
DA:157,0
DA:158,0
DA:159,0
DA:160,0
DA:164,0
DA:165,0
DA:167,0
DA:168,0
DA:170,0
DA:174,0
DA:176,0
DA:186,0
DA:188,0
DA:192,0
DA:193,0
DA:195,0
DA:196,0
DA:198,0
DA:202,0
DA:204,0
DA:214,0
DA:221,0
DA:222,0
DA:224,0
DA:225,0
DA:233,0
DA:235,0
DA:239,0
DA:241,0
DA:251,0
DA:254,0
DA:255,0
DA:256,0
DA:264,0
DA:266,0
DA:270,0
DA:272,0
DA:282,0
DA:289,0
DA:290,0
DA:292,0
DA:299,0
DA:300,0
DA:301,0
DA:302,0
DA:306,0
DA:311,0
DA:319,0
DA:321,0
DA:331,0
DA:338,0
DA:339,0
DA:340,0
DA:342,0
DA:343,0
DA:345,0
DA:346,0
DA:347,0
DA:350,0
DA:352,0
DA:356,0
DA:358,0
DA:368,0
DA:379,0
DA:380,0
DA:381,0
DA:394,0
DA:401,0
DA:403,0
DA:404,0
DA:405,0
DA:407,0
DA:414,0
DA:415,0
DA:416,0
DA:424,0
DA:425,0
DA:432,0
DA:433,0
DA:441,0
DA:449,0
DA:450,0
DA:452,0
DA:461,0
DA:463,0
DA:465,0
DA:469,0
DA:471,0
DA:481,0
DA:488,0
DA:489,0
DA:490,0
DA:491,0
DA:492,0
DA:493,0
DA:494,0
DA:495,0
DA:496,0
DA:497,0
LF:142
LH:0
BRDA:39,0,0,0
BRDA:39,0,1,0
BRDA:65,1,0,0
BRDA:65,1,1,0
BRDA:70,2,0,0
BRDA:70,2,1,0
BRDA:72,3,0,0
BRDA:72,3,1,0
BRDA:99,4,0,0
BRDA:99,4,1,0
BRDA:135,5,0,0
BRDA:135,5,1,0
BRDA:158,6,0,0
BRDA:158,6,1,0
BRDA:165,7,0,0
BRDA:165,7,1,0
BRDA:174,8,0,0
BRDA:174,8,1,0
BRDA:179,9,0,0
BRDA:179,9,1,0
BRDA:181,10,0,0
BRDA:181,10,1,0
BRDA:193,11,0,0
BRDA:193,11,1,0
BRDA:202,12,0,0
BRDA:202,12,1,0
BRDA:207,13,0,0
BRDA:207,13,1,0
BRDA:209,14,0,0
BRDA:209,14,1,0
BRDA:239,15,0,0
BRDA:239,15,1,0
BRDA:246,16,0,0
BRDA:246,16,1,0
BRDA:270,17,0,0
BRDA:270,17,1,0
BRDA:277,18,0,0
BRDA:277,18,1,0
BRDA:300,19,0,0
BRDA:300,19,1,0
BRDA:319,20,0,0
BRDA:319,20,1,0
BRDA:324,21,0,0
BRDA:324,21,1,0
BRDA:326,22,0,0
BRDA:326,22,1,0
BRDA:340,23,0,0
BRDA:340,23,1,0
BRDA:343,24,0,0
BRDA:343,24,1,0
BRDA:356,25,0,0
BRDA:356,25,1,0
BRDA:361,26,0,0
BRDA:361,26,1,0
BRDA:363,27,0,0
BRDA:363,27,1,0
BRDA:414,28,0,0
BRDA:414,28,1,0
BRDA:432,29,0,0
BRDA:432,29,1,0
BRDA:469,30,0,0
BRDA:469,30,1,0
BRDA:474,31,0,0
BRDA:474,31,1,0
BRDA:476,32,0,0
BRDA:476,32,1,0
BRF:66
BRH:0
end_of_record
TN:
SF:src/tests/security/auth/session-security.test.ts
FN:17,(anonymous_1)
FN:22,(anonymous_2)
FN:29,(anonymous_3)
FN:30,(anonymous_4)
FN:39,(anonymous_5)
FN:47,(anonymous_6)
FN:70,(anonymous_7)
FN:79,(anonymous_8)
FN:86,(anonymous_9)
FN:106,(anonymous_10)
FN:115,(anonymous_11)
FN:153,(anonymous_12)
FN:154,(anonymous_13)
FN:160,(anonymous_14)
FN:174,(anonymous_15)
FN:196,(anonymous_16)
FN:208,(anonymous_17)
FN:232,(anonymous_18)
FN:233,(anonymous_19)
FN:277,(anonymous_20)
FN:322,(anonymous_21)
FN:323,(anonymous_22)
FN:364,(anonymous_23)
FN:407,(anonymous_24)
FN:408,(anonymous_25)
FN:458,(anonymous_26)
FNF:26
FNH:0
FNDA:0,(anonymous_1)
FNDA:0,(anonymous_2)
FNDA:0,(anonymous_3)
FNDA:0,(anonymous_4)
FNDA:0,(anonymous_5)
FNDA:0,(anonymous_6)
FNDA:0,(anonymous_7)
FNDA:0,(anonymous_8)
FNDA:0,(anonymous_9)
FNDA:0,(anonymous_10)
FNDA:0,(anonymous_11)
FNDA:0,(anonymous_12)
FNDA:0,(anonymous_13)
FNDA:0,(anonymous_14)
FNDA:0,(anonymous_15)
FNDA:0,(anonymous_16)
FNDA:0,(anonymous_17)
FNDA:0,(anonymous_18)
FNDA:0,(anonymous_19)
FNDA:0,(anonymous_20)
FNDA:0,(anonymous_21)
FNDA:0,(anonymous_22)
FNDA:0,(anonymous_23)
FNDA:0,(anonymous_24)
FNDA:0,(anonymous_25)
FNDA:0,(anonymous_26)
DA:10,0
DA:11,0
DA:12,0
DA:14,0
DA:15,0
DA:17,0
DA:18,0
DA:19,0
DA:22,0
DA:23,0
DA:24,0
DA:29,0
DA:30,0
DA:31,0
DA:38,0
DA:39,0
DA:40,0
DA:45,0
DA:46,0
DA:47,0
DA:48,0
DA:52,0
DA:67,0
DA:70,0
DA:71,0
DA:78,0
DA:79,0
DA:80,0
DA:84,0
DA:85,0
DA:86,0
DA:87,0
DA:91,0
DA:103,0
DA:106,0
DA:107,0
DA:114,0
DA:115,0
DA:116,0
DA:120,0
DA:121,0
DA:122,0
DA:123,0
DA:124,0
DA:125,0
DA:126,0
DA:127,0
DA:128,0
DA:129,0
DA:134,0
DA:146,0
DA:153,0
DA:154,0
DA:156,0
DA:159,0
DA:160,0
DA:161,0
DA:165,0
DA:173,0
DA:174,0
DA:175,0
DA:179,0
DA:183,0
DA:193,0
DA:196,0
DA:197,0
DA:199,0
DA:207,0
DA:208,0
DA:209,0
DA:213,0
DA:215,0
DA:225,0
DA:232,0
DA:233,0
DA:235,0
DA:242,0
DA:243,0
DA:246,0
DA:252,0
DA:261,0
DA:264,0
DA:274,0
DA:277,0
DA:278,0
DA:285,0
DA:288,0
DA:289,0
DA:290,0
DA:291,0
DA:293,0
DA:294,0
DA:295,0
DA:296,0
DA:297,0
DA:302,0
DA:303,0
DA:305,0
DA:315,0
DA:322,0
DA:323,0
DA:325,0
DA:333,0
DA:334,0
DA:337,0
DA:347,0
DA:351,0
DA:361,0
DA:364,0
DA:366,0
DA:374,0
DA:375,0
DA:378,0
DA:387,0
DA:390,0
DA:400,0
DA:407,0
DA:408,0
DA:409,0
DA:412,0
DA:413,0
DA:420,0
DA:421,0
DA:426,0
DA:427,0
DA:428,0
DA:435,0
DA:436,0
DA:440,0
DA:451,0
DA:458,0
DA:459,0
DA:460,0
DA:461,0
DA:462,0
DA:463,0
DA:464,0
DA:465,0
DA:466,0
DA:467,0
LF:140
LH:0
BRDA:18,0,0,0
BRDA:18,0,1,0
BRDA:19,1,0,0
BRDA:19,1,1,0
BRDA:40,2,0,0
BRDA:40,2,1,0
BRDA:40,2,2,0
BRDA:46,3,0,0
BRDA:46,3,1,0
BRDA:55,4,0,0
BRDA:55,4,1,0
BRDA:55,5,0,0
BRDA:55,5,1,0
BRDA:56,6,0,0
BRDA:56,6,1,0
BRDA:57,7,0,0
BRDA:57,7,1,0
BRDA:59,8,0,0
BRDA:59,8,1,0
BRDA:80,9,0,0
BRDA:80,9,1,0
BRDA:85,10,0,0
BRDA:85,10,1,0
BRDA:94,11,0,0
BRDA:94,11,1,0
BRDA:94,12,0,0
BRDA:94,12,1,0
BRDA:95,13,0,0
BRDA:95,13,1,0
BRDA:96,14,0,0
BRDA:96,14,1,0
BRDA:98,15,0,0
BRDA:98,15,1,0
BRDA:116,16,0,0
BRDA:116,16,1,0
BRDA:122,17,0,0
BRDA:122,17,1,0
BRDA:124,18,0,0
BRDA:124,18,1,0
BRDA:127,19,0,0
BRDA:127,19,1,0
BRDA:137,20,0,0
BRDA:137,20,1,0
BRDA:137,21,0,0
BRDA:137,21,1,0
BRDA:138,22,0,0
BRDA:138,22,1,0
BRDA:139,23,0,0
BRDA:139,23,1,0
BRDA:141,24,0,0
BRDA:141,24,1,0
BRDA:179,25,0,0
BRDA:179,25,1,0
BRDA:179,25,2,0
BRDA:186,26,0,0
BRDA:186,26,1,0
BRDA:188,27,0,0
BRDA:188,27,1,0
BRDA:218,28,0,0
BRDA:218,28,1,0
BRDA:220,29,0,0
BRDA:220,29,1,0
BRDA:249,30,0,0
BRDA:249,30,1,0
BRDA:255,31,0,0
BRDA:255,31,1,0
BRDA:261,32,0,0
BRDA:261,32,1,0
BRDA:267,33,0,0
BRDA:267,33,1,0
BRDA:269,34,0,0
BRDA:269,34,1,0
BRDA:293,35,0,0
BRDA:293,35,1,0
BRDA:295,36,0,0
BRDA:295,36,1,0
BRDA:303,37,0,0
BRDA:303,37,1,0
BRDA:310,38,0,0
BRDA:310,38,1,0
BRDA:340,39,0,0
BRDA:340,39,1,0
BRDA:347,40,0,0
BRDA:347,40,1,0
BRDA:347,40,2,0
BRDA:356,41,0,0
BRDA:356,41,1,0
BRDA:381,42,0,0
BRDA:381,42,1,0
BRDA:387,43,0,0
BRDA:387,43,1,0
BRDA:395,44,0,0
BRDA:395,44,1,0
BRDA:420,45,0,0
BRDA:420,45,1,0
BRDA:435,46,0,0
BRDA:435,46,1,0
BRF:97
BRH:0
end_of_record
TN:
SF:src/tests/security/authz/idor.test.ts
FN:16,(anonymous_1)
FN:20,(anonymous_2)
FN:21,(anonymous_3)
FN:54,(anonymous_4)
FN:83,(anonymous_5)
FN:112,(anonymous_6)
FN:113,(anonymous_7)
FN:143,(anonymous_8)
FN:172,(anonymous_9)
FN:173,(anonymous_10)
FN:187,(anonymous_11)
FN:207,(anonymous_12)
FN:237,(anonymous_13)
FN:238,(anonymous_14)
FN:266,(anonymous_15)
FN:299,(anonymous_16)
FN:300,(anonymous_17)
FN:337,(anonymous_18)
FN:371,(anonymous_19)
FN:372,(anonymous_20)
FN:401,(anonymous_21)
FN:440,(anonymous_22)
FNF:22
FNH:0
FNDA:0,(anonymous_1)
FNDA:0,(anonymous_2)
FNDA:0,(anonymous_3)
FNDA:0,(anonymous_4)
FNDA:0,(anonymous_5)
FNDA:0,(anonymous_6)
FNDA:0,(anonymous_7)
FNDA:0,(anonymous_8)
FNDA:0,(anonymous_9)
FNDA:0,(anonymous_10)
FNDA:0,(anonymous_11)
FNDA:0,(anonymous_12)
FNDA:0,(anonymous_13)
FNDA:0,(anonymous_14)
FNDA:0,(anonymous_15)
FNDA:0,(anonymous_16)
FNDA:0,(anonymous_17)
FNDA:0,(anonymous_18)
FNDA:0,(anonymous_19)
FNDA:0,(anonymous_20)
FNDA:0,(anonymous_21)
FNDA:0,(anonymous_22)
DA:9,0
DA:10,0
DA:11,0
DA:13,0
DA:14,0
DA:16,0
DA:20,0
DA:21,0
DA:23,0
DA:24,0
DA:26,0
DA:33,0
DA:37,0
DA:51,0
DA:54,0
DA:55,0
DA:56,0
DA:58,0
DA:68,0
DA:70,0
DA:80,0
DA:83,0
DA:84,0
DA:85,0
DA:87,0
DA:93,0
DA:95,0
DA:105,0
DA:112,0
DA:113,0
DA:114,0
DA:115,0
DA:117,0
DA:128,0
DA:130,0
DA:140,0
DA:143,0
DA:144,0
DA:145,0
DA:147,0
DA:153,0
DA:155,0
DA:165,0
DA:172,0
DA:173,0
DA:174,0
DA:175,0
DA:178,0
DA:185,0
DA:186,0
DA:187,0
DA:188,0
DA:192,0
DA:194,0
DA:204,0
DA:207,0
DA:208,0
DA:209,0
DA:211,0
DA:218,0
DA:220,0
DA:230,0
DA:237,0
DA:238,0
DA:239,0
DA:240,0
DA:242,0
DA:249,0
DA:253,0
DA:263,0
DA:266,0
DA:267,0
DA:268,0
DA:270,0
DA:280,0
DA:282,0
DA:292,0
DA:299,0
DA:300,0
DA:301,0
DA:302,0
DA:305,0
DA:306,0
DA:312,0
DA:313,0
DA:318,0
DA:321,0
DA:334,0
DA:337,0
DA:338,0
DA:344,0
DA:345,0
DA:346,0
DA:347,0
DA:349,0
DA:350,0
DA:354,0
DA:364,0
DA:371,0
DA:372,0
DA:374,0
DA:375,0
DA:378,0
DA:384,0
DA:388,0
DA:398,0
DA:401,0
DA:402,0
DA:405,0
DA:416,0
DA:417,0
DA:418,0
DA:421,0
DA:423,0
DA:433,0
DA:440,0
DA:441,0
DA:442,0
DA:443,0
DA:444,0
DA:445,0
DA:446,0
DA:447,0
DA:448,0
DA:449,0
LF:125
LH:0
BRDA:33,0,0,0
BRDA:33,0,1,0
BRDA:33,0,2,0
BRDA:33,0,3,0
BRDA:33,0,4,0
BRDA:40,1,0,0
BRDA:40,1,1,0
BRDA:42,2,0,0
BRDA:42,2,1,0
BRDA:68,3,0,0
BRDA:68,3,1,0
BRDA:73,4,0,0
BRDA:73,4,1,0
BRDA:75,5,0,0
BRDA:75,5,1,0
BRDA:93,6,0,0
BRDA:93,6,1,0
BRDA:98,7,0,0
BRDA:98,7,1,0
BRDA:100,8,0,0
BRDA:100,8,1,0
BRDA:128,9,0,0
BRDA:128,9,1,0
BRDA:133,10,0,0
BRDA:133,10,1,0
BRDA:135,11,0,0
BRDA:135,11,1,0
BRDA:153,12,0,0
BRDA:153,12,1,0
BRDA:158,13,0,0
BRDA:158,13,1,0
BRDA:160,14,0,0
BRDA:160,14,1,0
BRDA:186,15,0,0
BRDA:186,15,1,0
BRDA:186,16,0,0
BRDA:186,16,1,0
BRDA:188,17,0,0
BRDA:188,17,1,0
BRDA:192,18,0,0
BRDA:192,18,1,0
BRDA:197,19,0,0
BRDA:197,19,1,0
BRDA:199,20,0,0
BRDA:199,20,1,0
BRDA:218,21,0,0
BRDA:218,21,1,0
BRDA:223,22,0,0
BRDA:223,22,1,0
BRDA:225,23,0,0
BRDA:225,23,1,0
BRDA:249,24,0,0
BRDA:249,24,1,0
BRDA:249,24,2,0
BRDA:256,25,0,0
BRDA:256,25,1,0
BRDA:258,26,0,0
BRDA:258,26,1,0
BRDA:280,27,0,0
BRDA:280,27,1,0
BRDA:285,28,0,0
BRDA:285,28,1,0
BRDA:287,29,0,0
BRDA:287,29,1,0
BRDA:312,30,0,0
BRDA:312,30,1,0
BRDA:318,31,0,0
BRDA:318,31,1,0
BRDA:318,31,2,0
BRDA:324,32,0,0
BRDA:324,32,1,0
BRDA:326,33,0,0
BRDA:326,33,1,0
BRDA:345,34,0,0
BRDA:345,34,1,0
BRDA:345,35,0,0
BRDA:345,35,1,0
BRDA:347,36,0,0
BRDA:347,36,1,0
BRDA:359,37,0,0
BRDA:359,37,1,0
BRDA:384,38,0,0
BRDA:384,38,1,0
BRDA:384,38,2,0
BRDA:391,39,0,0
BRDA:391,39,1,0
BRDA:393,40,0,0
BRDA:393,40,1,0
BRDA:417,41,0,0
BRDA:417,41,1,0
BRDA:417,42,0,0
BRDA:417,42,1,0
BRDA:418,43,0,0
BRDA:418,43,1,0
BRDA:426,44,0,0
BRDA:426,44,1,0
BRDA:428,45,0,0
BRDA:428,45,1,0
BRF:98
BRH:0
end_of_record
TN:
SF:src/tests/security/authz/privilege-escalation.test.ts
FN:17,(anonymous_1)
FN:21,(anonymous_2)
FN:22,(anonymous_3)
FN:63,(anonymous_4)
FN:74,(anonymous_5)
FN:81,(anonymous_6)
FN:114,(anonymous_7)
FN:150,(anonymous_8)
FN:151,(anonymous_9)
FN:176,(anonymous_10)
FN:198,(anonymous_11)
FN:233,(anonymous_12)
FN:234,(anonymous_13)
FN:267,(anonymous_14)
FN:296,(anonymous_15)
FN:325,(anonymous_16)
FN:326,(anonymous_17)
FN:362,(anonymous_18)
FN:400,(anonymous_19)
FN:401,(anonymous_20)
FN:433,(anonymous_21)
FN:470,(anonymous_22)
FNF:22
FNH:0
FNDA:0,(anonymous_1)
FNDA:0,(anonymous_2)
FNDA:0,(anonymous_3)
FNDA:0,(anonymous_4)
FNDA:0,(anonymous_5)
FNDA:0,(anonymous_6)
FNDA:0,(anonymous_7)
FNDA:0,(anonymous_8)
FNDA:0,(anonymous_9)
FNDA:0,(anonymous_10)
FNDA:0,(anonymous_11)
FNDA:0,(anonymous_12)
FNDA:0,(anonymous_13)
FNDA:0,(anonymous_14)
FNDA:0,(anonymous_15)
FNDA:0,(anonymous_16)
FNDA:0,(anonymous_17)
FNDA:0,(anonymous_18)
FNDA:0,(anonymous_19)
FNDA:0,(anonymous_20)
FNDA:0,(anonymous_21)
FNDA:0,(anonymous_22)
DA:10,0
DA:11,0
DA:12,0
DA:14,0
DA:15,0
DA:17,0
DA:21,0
DA:22,0
DA:23,0
DA:24,0
DA:31,0
DA:33,0
DA:35,0
DA:36,0
DA:41,0
DA:42,0
DA:48,0
DA:49,0
DA:56,0
DA:63,0
DA:65,0
DA:74,0
DA:78,0
DA:81,0
DA:82,0
DA:84,0
DA:94,0
DA:95,0
DA:96,0
DA:99,0
DA:101,0
DA:111,0
DA:114,0
DA:115,0
DA:117,0
DA:126,0
DA:127,0
DA:128,0
DA:131,0
DA:133,0
DA:143,0
DA:150,0
DA:151,0
DA:152,0
DA:155,0
DA:161,0
DA:171,0
DA:176,0
DA:178,0
DA:183,0
DA:185,0
DA:195,0
DA:198,0
DA:199,0
DA:209,0
DA:210,0
DA:215,0
DA:216,0
DA:224,0
DA:233,0
DA:234,0
DA:235,0
DA:242,0
DA:243,0
DA:249,0
DA:253,0
DA:254,0
DA:262,0
DA:267,0
DA:268,0
DA:270,0
DA:281,0
DA:283,0
DA:293,0
DA:296,0
DA:297,0
DA:299,0
DA:306,0
DA:308,0
DA:318,0
DA:325,0
DA:326,0
DA:327,0
DA:329,0
DA:341,0
DA:342,0
DA:343,0
DA:347,0
DA:349,0
DA:359,0
DA:362,0
DA:363,0
DA:365,0
DA:376,0
DA:377,0
DA:378,0
DA:381,0
DA:383,0
DA:393,0
DA:400,0
DA:401,0
DA:402,0
DA:404,0
DA:411,0
DA:412,0
DA:419,0
DA:420,0
DA:428,0
DA:433,0
DA:434,0
DA:436,0
DA:444,0
DA:445,0
DA:452,0
DA:453,0
DA:461,0
DA:470,0
DA:471,0
DA:472,0
DA:473,0
DA:474,0
DA:475,0
DA:476,0
DA:477,0
DA:478,0
DA:479,0
LF:126
LH:0
BRDA:35,0,0,0
BRDA:35,0,1,0
BRDA:41,1,0,0
BRDA:41,1,1,0
BRDA:48,2,0,0
BRDA:48,2,1,0
BRDA:58,3,0,0
BRDA:58,3,1,0
BRDA:68,4,0,0
BRDA:68,4,1,0
BRDA:70,5,0,0
BRDA:70,5,1,0
BRDA:95,6,0,0
BRDA:95,6,1,0
BRDA:99,7,0,0
BRDA:99,7,1,0
BRDA:104,8,0,0
BRDA:104,8,1,0
BRDA:106,9,0,0
BRDA:106,9,1,0
BRDA:127,10,0,0
BRDA:127,10,1,0
BRDA:131,11,0,0
BRDA:131,11,1,0
BRDA:136,12,0,0
BRDA:136,12,1,0
BRDA:138,13,0,0
BRDA:138,13,1,0
BRDA:164,14,0,0
BRDA:164,14,1,0
BRDA:166,15,0,0
BRDA:166,15,1,0
BRDA:183,16,0,0
BRDA:183,16,1,0
BRDA:188,17,0,0
BRDA:188,17,1,0
BRDA:190,18,0,0
BRDA:190,18,1,0
BRDA:215,19,0,0
BRDA:215,19,1,0
BRDA:249,20,0,0
BRDA:249,20,1,0
BRDA:249,20,2,0
BRDA:249,20,3,0
BRDA:249,20,4,0
BRDA:253,21,0,0
BRDA:253,21,1,0
BRDA:253,22,0,0
BRDA:253,22,1,0
BRDA:253,22,2,0
BRDA:281,23,0,0
BRDA:281,23,1,0
BRDA:286,24,0,0
BRDA:286,24,1,0
BRDA:288,25,0,0
BRDA:288,25,1,0
BRDA:306,26,0,0
BRDA:306,26,1,0
BRDA:311,27,0,0
BRDA:311,27,1,0
BRDA:313,28,0,0
BRDA:313,28,1,0
BRDA:342,29,0,0
BRDA:342,29,1,0
BRDA:343,30,0,0
BRDA:343,30,1,0
BRDA:352,31,0,0
BRDA:352,31,1,0
BRDA:354,32,0,0
BRDA:354,32,1,0
BRDA:377,33,0,0
BRDA:377,33,1,0
BRDA:386,34,0,0
BRDA:386,34,1,0
BRDA:388,35,0,0
BRDA:388,35,1,0
BRDA:419,36,0,0
BRDA:419,36,1,0
BRDA:452,37,0,0
BRDA:452,37,1,0
BRF:80
BRH:0
end_of_record
TN:
SF:src/tests/security/infra/security-headers.test.ts
FN:16,(anonymous_1)
FN:24,(anonymous_2)
FN:33,(anonymous_3)
FN:34,(anonymous_4)
FN:51,(anonymous_5)
FN:70,(anonymous_6)
FN:86,(anonymous_7)
FN:127,(anonymous_8)
FN:128,(anonymous_9)
FN:145,(anonymous_10)
FN:172,(anonymous_11)
FN:196,(anonymous_12)
FN:197,(anonymous_13)
FN:226,(anonymous_14)
FN:254,(anonymous_15)
FN:255,(anonymous_16)
FN:279,(anonymous_17)
FN:299,(anonymous_18)
FN:300,(anonymous_19)
FN:322,(anonymous_20)
FN:345,(anonymous_21)
FN:372,(anonymous_22)
FN:373,(anonymous_23)
FN:389,(anonymous_24)
FN:406,(anonymous_25)
FN:426,(anonymous_26)
FN:427,(anonymous_27)
FN:434,(anonymous_28)
FN:454,(anonymous_29)
FNF:29
FNH:0
FNDA:0,(anonymous_1)
FNDA:0,(anonymous_2)
FNDA:0,(anonymous_3)
FNDA:0,(anonymous_4)
FNDA:0,(anonymous_5)
FNDA:0,(anonymous_6)
FNDA:0,(anonymous_7)
FNDA:0,(anonymous_8)
FNDA:0,(anonymous_9)
FNDA:0,(anonymous_10)
FNDA:0,(anonymous_11)
FNDA:0,(anonymous_12)
FNDA:0,(anonymous_13)
FNDA:0,(anonymous_14)
FNDA:0,(anonymous_15)
FNDA:0,(anonymous_16)
FNDA:0,(anonymous_17)
FNDA:0,(anonymous_18)
FNDA:0,(anonymous_19)
FNDA:0,(anonymous_20)
FNDA:0,(anonymous_21)
FNDA:0,(anonymous_22)
FNDA:0,(anonymous_23)
FNDA:0,(anonymous_24)
FNDA:0,(anonymous_25)
FNDA:0,(anonymous_26)
FNDA:0,(anonymous_27)
FNDA:0,(anonymous_28)
FNDA:0,(anonymous_29)
DA:9,0
DA:10,0
DA:11,0
DA:13,0
DA:14,0
DA:16,0
DA:17,0
DA:24,0
DA:25,0
DA:33,0
DA:34,0
DA:35,0
DA:36,0
DA:38,0
DA:48,0
DA:51,0
DA:52,0
DA:53,0
DA:54,0
DA:55,0
DA:57,0
DA:67,0
DA:70,0
DA:71,0
DA:73,0
DA:83,0
DA:86,0
DA:87,0
DA:88,0
DA:90,0
DA:91,0
DA:92,0
DA:93,0
DA:94,0
DA:96,0
DA:97,0
DA:99,0
DA:100,0
DA:102,0
DA:103,0
DA:105,0
DA:106,0
DA:110,0
DA:120,0
DA:127,0
DA:128,0
DA:129,0
DA:130,0
DA:132,0
DA:142,0
DA:145,0
DA:146,0
DA:148,0
DA:149,0
DA:150,0
DA:152,0
DA:153,0
DA:154,0
DA:156,0
DA:158,0
DA:168,0
DA:172,0
DA:173,0
DA:175,0
DA:176,0
DA:178,0
DA:188,0
DA:196,0
DA:197,0
DA:199,0
DA:203,0
DA:204,0
DA:205,0
DA:207,0
DA:213,0
DA:223,0
DA:226,0
DA:227,0
DA:234,0
DA:235,0
DA:237,0
DA:247,0
DA:254,0
DA:255,0
DA:256,0
DA:257,0
DA:259,0
DA:262,0
DA:263,0
DA:264,0
DA:266,0
DA:276,0
DA:279,0
DA:280,0
DA:282,0
DA:292,0
DA:299,0
DA:300,0
DA:301,0
DA:306,0
DA:307,0
DA:309,0
DA:319,0
DA:322,0
DA:323,0
DA:325,0
DA:329,0
DA:330,0
DA:332,0
DA:342,0
DA:345,0
DA:346,0
DA:350,0
DA:351,0
DA:353,0
DA:355,0
DA:365,0
DA:372,0
DA:373,0
DA:374,0
DA:376,0
DA:386,0
DA:389,0
DA:390,0
DA:393,0
DA:403,0
DA:406,0
DA:407,0
DA:409,0
DA:419,0
DA:426,0
DA:427,0
DA:428,0
DA:434,0
DA:435,0
DA:437,0
DA:447,0
DA:454,0
DA:455,0
DA:456,0
DA:457,0
DA:458,0
DA:459,0
DA:460,0
DA:461,0
DA:462,0
DA:463,0
LF:147
LH:0
BRDA:41,0,0,0
BRDA:41,0,1,0
BRDA:43,1,0,0
BRDA:43,1,1,0
BRDA:55,2,0,0
BRDA:55,2,1,0
BRDA:60,3,0,0
BRDA:60,3,1,0
BRDA:62,4,0,0
BRDA:62,4,1,0
BRDA:78,5,0,0
BRDA:78,5,1,0
BRDA:91,6,0,0
BRDA:91,6,1,0
BRDA:96,7,0,0
BRDA:96,7,1,0
BRDA:99,8,0,0
BRDA:99,8,1,0
BRDA:102,9,0,0
BRDA:102,9,1,0
BRDA:105,10,0,0
BRDA:105,10,1,0
BRDA:113,11,0,0
BRDA:113,11,1,0
BRDA:115,12,0,0
BRDA:115,12,1,0
BRDA:135,13,0,0
BRDA:135,13,1,0
BRDA:137,14,0,0
BRDA:137,14,1,0
BRDA:148,15,0,0
BRDA:148,15,1,0
BRDA:153,16,0,0
BRDA:153,16,1,0
BRDA:154,17,0,0
BRDA:154,17,1,0
BRDA:161,18,0,0
BRDA:161,18,1,0
BRDA:163,19,0,0
BRDA:163,19,1,0
BRDA:175,20,0,0
BRDA:175,20,1,0
BRDA:181,21,0,0
BRDA:181,21,1,0
BRDA:183,22,0,0
BRDA:183,22,1,0
BRDA:207,23,0,0
BRDA:207,23,1,0
BRDA:207,23,2,0
BRDA:207,23,3,0
BRDA:216,24,0,0
BRDA:216,24,1,0
BRDA:217,25,0,0
BRDA:217,25,1,0
BRDA:218,26,0,0
BRDA:218,26,1,0
BRDA:235,27,0,0
BRDA:235,27,1,0
BRDA:240,28,0,0
BRDA:240,28,1,0
BRDA:241,29,0,0
BRDA:241,29,1,0
BRDA:242,30,0,0
BRDA:242,30,1,0
BRDA:259,31,0,0
BRDA:259,31,1,0
BRDA:259,31,2,0
BRDA:263,32,0,0
BRDA:263,32,1,0
BRDA:264,33,0,0
BRDA:264,33,1,0
BRDA:269,34,0,0
BRDA:269,34,1,0
BRDA:271,35,0,0
BRDA:271,35,1,0
BRDA:285,36,0,0
BRDA:285,36,1,0
BRDA:287,37,0,0
BRDA:287,37,1,0
BRDA:312,38,0,0
BRDA:312,38,1,0
BRDA:314,39,0,0
BRDA:314,39,1,0
BRDA:316,40,0,0
BRDA:316,40,1,0
BRDA:335,41,0,0
BRDA:335,41,1,0
BRDA:337,42,0,0
BRDA:337,42,1,0
BRDA:353,43,0,0
BRDA:353,43,1,0
BRDA:358,44,0,0
BRDA:358,44,1,0
BRDA:360,45,0,0
BRDA:360,45,1,0
BRDA:379,46,0,0
BRDA:379,46,1,0
BRDA:381,47,0,0
BRDA:381,47,1,0
BRDA:390,48,0,0
BRDA:390,48,1,0
BRDA:398,49,0,0
BRDA:398,49,1,0
BRDA:414,50,0,0
BRDA:414,50,1,0
BRDA:440,51,0,0
BRDA:440,51,1,0
BRDA:442,52,0,0
BRDA:442,52,1,0
BRF:109
BRH:0
end_of_record
TN:
SF:src/tests/security/injection/sql-injection.test.ts
FN:17,(anonymous_1)
FN:27,(anonymous_2)
FN:28,(anonymous_3)
FN:71,(anonymous_4)
FN:101,(anonymous_5)
FN:127,(anonymous_6)
FN:128,(anonymous_7)
FN:170,(anonymous_8)
FN:171,(anonymous_9)
FN:201,(anonymous_10)
FN:237,(anonymous_11)
FN:238,(anonymous_12)
FN:271,(anonymous_13)
FN:272,(anonymous_14)
FN:306,(anonymous_15)
FN:307,(anonymous_16)
FN:354,(anonymous_17)
FN:355,(anonymous_18)
FN:390,(anonymous_19)
FN:429,(anonymous_20)
FNF:20
FNH:0
FNDA:0,(anonymous_1)
FNDA:0,(anonymous_2)
FNDA:0,(anonymous_3)
FNDA:0,(anonymous_4)
FNDA:0,(anonymous_5)
FNDA:0,(anonymous_6)
FNDA:0,(anonymous_7)
FNDA:0,(anonymous_8)
FNDA:0,(anonymous_9)
FNDA:0,(anonymous_10)
FNDA:0,(anonymous_11)
FNDA:0,(anonymous_12)
FNDA:0,(anonymous_13)
FNDA:0,(anonymous_14)
FNDA:0,(anonymous_15)
FNDA:0,(anonymous_16)
FNDA:0,(anonymous_17)
FNDA:0,(anonymous_18)
FNDA:0,(anonymous_19)
FNDA:0,(anonymous_20)
DA:9,0
DA:10,0
DA:11,0
DA:12,0
DA:14,0
DA:15,0
DA:17,0
DA:18,0
DA:27,0
DA:28,0
DA:29,0
DA:30,0
DA:32,0
DA:33,0
DA:41,0
DA:42,0
DA:46,0
DA:47,0
DA:51,0
DA:53,0
DA:66,0
DA:68,0
DA:71,0
DA:72,0
DA:73,0
DA:75,0
DA:76,0
DA:81,0
DA:82,0
DA:86,0
DA:88,0
DA:98,0
DA:101,0
DA:102,0
DA:104,0
DA:105,0
DA:109,0
DA:110,0
DA:118,0
DA:127,0
DA:128,0
DA:129,0
DA:130,0
DA:132,0
DA:133,0
DA:138,0
DA:139,0
DA:143,0
DA:144,0
DA:145,0
DA:146,0
DA:151,0
DA:153,0
DA:163,0
DA:170,0
DA:171,0
DA:172,0
DA:173,0
DA:175,0
DA:179,0
DA:184,0
DA:185,0
DA:186,0
DA:188,0
DA:198,0
DA:201,0
DA:202,0
DA:204,0
DA:205,0
DA:207,0
DA:212,0
DA:215,0
DA:216,0
DA:228,0
DA:237,0
DA:238,0
DA:239,0
DA:240,0
DA:242,0
DA:243,0
DA:247,0
DA:248,0
DA:252,0
DA:254,0
DA:264,0
DA:271,0
DA:272,0
DA:274,0
DA:282,0
DA:283,0
DA:288,0
DA:289,0
DA:297,0
DA:306,0
DA:307,0
DA:308,0
DA:311,0
DA:321,0
DA:322,0
DA:324,0
DA:329,0
DA:330,0
DA:338,0
DA:342,0
DA:354,0
DA:355,0
DA:356,0
DA:364,0
DA:365,0
DA:370,0
DA:372,0
DA:375,0
DA:376,0
DA:384,0
DA:390,0
DA:391,0
DA:399,0
DA:400,0
DA:410,0
DA:412,0
DA:420,0
DA:429,0
DA:430,0
DA:431,0
DA:432,0
DA:433,0
DA:434,0
DA:435,0
DA:436,0
DA:437,0
DA:438,0
LF:131
LH:0
BRDA:41,0,0,0
BRDA:41,0,1,0
BRDA:41,1,0,0
BRDA:41,1,1,0
BRDA:46,2,0,0
BRDA:46,2,1,0
BRDA:56,3,0,0
BRDA:56,3,1,0
BRDA:58,4,0,0
BRDA:58,4,1,0
BRDA:81,5,0,0
BRDA:81,5,1,0
BRDA:91,6,0,0
BRDA:91,6,1,0
BRDA:93,7,0,0
BRDA:93,7,1,0
BRDA:109,8,0,0
BRDA:109,8,1,0
BRDA:138,9,0,0
BRDA:138,9,1,0
BRDA:143,10,0,0
BRDA:143,10,1,0
BRDA:143,11,0,0
BRDA:143,11,1,0
BRDA:145,12,0,0
BRDA:145,12,1,0
BRDA:145,13,0,0
BRDA:145,13,1,0
BRDA:156,14,0,0
BRDA:156,14,1,0
BRDA:158,15,0,0
BRDA:158,15,1,0
BRDA:191,16,0,0
BRDA:191,16,1,0
BRDA:193,17,0,0
BRDA:193,17,1,0
BRDA:215,18,0,0
BRDA:215,18,1,0
BRDA:247,19,0,0
BRDA:247,19,1,0
BRDA:257,20,0,0
BRDA:257,20,1,0
BRDA:259,21,0,0
BRDA:259,21,1,0
BRDA:288,22,0,0
BRDA:288,22,1,0
BRDA:321,23,0,0
BRDA:321,23,1,0
BRDA:321,24,0,0
BRDA:321,24,1,0
BRDA:329,25,0,0
BRDA:329,25,1,0
BRDA:370,26,0,0
BRDA:370,26,1,0
BRDA:372,27,0,0
BRDA:372,27,1,0
BRDA:375,28,0,0
BRDA:375,28,1,0
BRDA:375,29,0,0
BRDA:375,29,1,0
BRDA:410,30,0,0
BRDA:410,30,1,0
BRDA:410,31,0,0
BRDA:410,31,1,0
BRF:64
BRH:0
end_of_record
TN:
SF:src/tests/security/injection/xss.test.ts
FN:17,(anonymous_1)
FN:27,(anonymous_2)
FN:28,(anonymous_3)
FN:58,(anonymous_4)
FN:85,(anonymous_5)
FN:86,(anonymous_6)
FN:137,(anonymous_7)
FN:168,(anonymous_8)
FN:202,(anonymous_9)
FN:203,(anonymous_10)
FN:240,(anonymous_11)
FN:273,(anonymous_12)
FN:299,(anonymous_13)
FN:300,(anonymous_14)
FN:321,(anonymous_15)
FN:345,(anonymous_16)
FN:346,(anonymous_17)
FN:397,(anonymous_18)
FN:398,(anonymous_19)
FN:433,(anonymous_20)
FNF:20
FNH:0
FNDA:0,(anonymous_1)
FNDA:0,(anonymous_2)
FNDA:0,(anonymous_3)
FNDA:0,(anonymous_4)
FNDA:0,(anonymous_5)
FNDA:0,(anonymous_6)
FNDA:0,(anonymous_7)
FNDA:0,(anonymous_8)
FNDA:0,(anonymous_9)
FNDA:0,(anonymous_10)
FNDA:0,(anonymous_11)
FNDA:0,(anonymous_12)
FNDA:0,(anonymous_13)
FNDA:0,(anonymous_14)
FNDA:0,(anonymous_15)
FNDA:0,(anonymous_16)
FNDA:0,(anonymous_17)
FNDA:0,(anonymous_18)
FNDA:0,(anonymous_19)
FNDA:0,(anonymous_20)
DA:9,0
DA:10,0
DA:11,0
DA:12,0
DA:14,0
DA:15,0
DA:17,0
DA:18,0
DA:27,0
DA:28,0
DA:29,0
DA:30,0
DA:32,0
DA:33,0
DA:38,0
DA:39,0
DA:43,0
DA:45,0
DA:55,0
DA:58,0
DA:59,0
DA:61,0
DA:66,0
DA:68,0
DA:78,0
DA:85,0
DA:86,0
DA:87,0
DA:88,0
DA:89,0
DA:92,0
DA:101,0
DA:102,0
DA:105,0
DA:110,0
DA:111,0
DA:116,0
DA:117,0
DA:124,0
DA:134,0
DA:137,0
DA:138,0
DA:144,0
DA:145,0
DA:154,0
DA:155,0
DA:163,0
DA:168,0
DA:169,0
DA:171,0
DA:180,0
DA:181,0
DA:182,0
DA:185,0
DA:195,0
DA:202,0
DA:203,0
DA:204,0
DA:205,0
DA:207,0
DA:208,0
DA:218,0
DA:219,0
DA:220,0
DA:225,0
DA:227,0
DA:237,0
DA:240,0
DA:241,0
DA:242,0
DA:244,0
DA:245,0
DA:255,0
DA:256,0
DA:260,0
DA:270,0
DA:273,0
DA:274,0
DA:276,0
DA:277,0
DA:281,0
DA:282,0
DA:290,0
DA:299,0
DA:300,0
DA:301,0
DA:305,0
DA:306,0
DA:308,0
DA:318,0
DA:321,0
DA:322,0
DA:326,0
DA:328,0
DA:338,0
DA:345,0
DA:346,0
DA:347,0
DA:350,0
DA:359,0
DA:360,0
DA:363,0
DA:368,0
DA:369,0
DA:372,0
DA:382,0
DA:385,0
DA:397,0
DA:398,0
DA:400,0
DA:402,0
DA:412,0
DA:416,0
DA:426,0
DA:433,0
DA:434,0
DA:435,0
DA:436,0
DA:437,0
DA:438,0
DA:439,0
DA:440,0
DA:441,0
DA:442,0
LF:124
LH:0
BRDA:38,0,0,0
BRDA:38,0,1,0
BRDA:48,1,0,0
BRDA:48,1,1,0
BRDA:50,2,0,0
BRDA:50,2,1,0
BRDA:71,3,0,0
BRDA:71,3,1,0
BRDA:73,4,0,0
BRDA:73,4,1,0
BRDA:101,5,0,0
BRDA:101,5,1,0
BRDA:101,6,0,0
BRDA:101,6,1,0
BRDA:110,7,0,0
BRDA:110,7,1,0
BRDA:116,8,0,0
BRDA:116,8,1,0
BRDA:127,9,0,0
BRDA:127,9,1,0
BRDA:129,10,0,0
BRDA:129,10,1,0
BRDA:154,11,0,0
BRDA:154,11,1,0
BRDA:154,12,0,0
BRDA:154,12,1,0
BRDA:181,13,0,0
BRDA:181,13,1,0
BRDA:181,14,0,0
BRDA:181,14,1,0
BRDA:188,15,0,0
BRDA:188,15,1,0
BRDA:190,16,0,0
BRDA:190,16,1,0
BRDA:218,17,0,0
BRDA:218,17,1,0
BRDA:218,18,0,0
BRDA:218,18,1,0
BRDA:219,19,0,0
BRDA:219,19,1,0
BRDA:219,20,0,0
BRDA:219,20,1,0
BRDA:230,21,0,0
BRDA:230,21,1,0
BRDA:232,22,0,0
BRDA:232,22,1,0
BRDA:255,23,0,0
BRDA:255,23,1,0
BRDA:255,24,0,0
BRDA:255,24,1,0
BRDA:263,25,0,0
BRDA:263,25,1,0
BRDA:265,26,0,0
BRDA:265,26,1,0
BRDA:281,27,0,0
BRDA:281,27,1,0
BRDA:311,28,0,0
BRDA:311,28,1,0
BRDA:312,29,0,0
BRDA:312,29,1,0
BRDA:313,30,0,0
BRDA:313,30,1,0
BRDA:331,31,0,0
BRDA:331,31,1,0
BRDA:333,32,0,0
BRDA:333,32,1,0
BRDA:359,33,0,0
BRDA:359,33,1,0
BRDA:359,34,0,0
BRDA:359,34,1,0
BRDA:369,35,0,0
BRDA:369,35,1,0
BRDA:375,36,0,0
BRDA:375,36,1,0
BRDA:377,37,0,0
BRDA:377,37,1,0
BRDA:412,38,0,0
BRDA:412,38,1,0
BRDA:412,38,2,0
BRDA:419,39,0,0
BRDA:419,39,1,0
BRDA:421,40,0,0
BRDA:421,40,1,0
BRF:83
BRH:0
end_of_record
TN:
SF:src/tests/security/pentest/security-scanner.ts
FN:49,(anonymous_10)
FN:53,(anonymous_11)
FN:60,(anonymous_12)
FN:71,(anonymous_13)
FN:107,(anonymous_14)
FN:144,(anonymous_15)
FN:193,(anonymous_16)
FN:254,(anonymous_17)
FN:302,(anonymous_18)
FN:353,(anonymous_19)
FN:388,(anonymous_20)
FN:400,(anonymous_21)
FN:433,(anonymous_22)
FN:444,(anonymous_23)
FN:445,(anonymous_24)
FN:446,(anonymous_25)
FN:447,(anonymous_26)
FN:448,(anonymous_27)
FN:472,(anonymous_28)
FN:495,(anonymous_29)
FN:499,(anonymous_30)
FNF:21
FNH:0
FNDA:0,(anonymous_10)
FNDA:0,(anonymous_11)
FNDA:0,(anonymous_12)
FNDA:0,(anonymous_13)
FNDA:0,(anonymous_14)
FNDA:0,(anonymous_15)
FNDA:0,(anonymous_16)
FNDA:0,(anonymous_17)
FNDA:0,(anonymous_18)
FNDA:0,(anonymous_19)
FNDA:0,(anonymous_20)
FNDA:0,(anonymous_21)
FNDA:0,(anonymous_22)
FNDA:0,(anonymous_23)
FNDA:0,(anonymous_24)
FNDA:0,(anonymous_25)
FNDA:0,(anonymous_26)
FNDA:0,(anonymous_27)
FNDA:0,(anonymous_28)
FNDA:0,(anonymous_29)
FNDA:0,(anonymous_30)
DA:8,0
DA:9,0
DA:10,0
DA:11,0
DA:12,0
DA:43,0
DA:45,0
DA:46,0
DA:47,0
DA:50,0
DA:53,0
DA:61,0
DA:62,0
DA:72,0
DA:74,0
DA:80,0
DA:81,0
DA:83,0
DA:85,0
DA:86,0
DA:90,0
DA:97,0
DA:98,0
DA:101,0
DA:107,0
DA:108,0
DA:110,0
DA:111,0
DA:123,0
DA:124,0
DA:145,0
DA:147,0
DA:153,0
DA:154,0
DA:157,0
DA:158,0
DA:162,0
DA:169,0
DA:172,0
DA:173,0
DA:194,0
DA:196,0
DA:199,0
DA:200,0
DA:201,0
DA:206,0
DA:207,0
DA:208,0
DA:212,0
DA:213,0
DA:226,0
DA:231,0
DA:236,0
DA:238,0
DA:255,0
DA:257,0
DA:258,0
DA:261,0
DA:265,0
DA:266,0
DA:279,0
DA:285,0
DA:286,0
DA:303,0
DA:305,0
DA:307,0
DA:313,0
DA:317,0
DA:318,0
DA:319,0
DA:320,0
DA:333,0
DA:334,0
DA:335,0
DA:336,0
DA:354,0
DA:356,0
DA:357,0
DA:358,0
DA:362,0
DA:365,0
DA:367,0
DA:377,0
DA:389,0
DA:393,0
DA:394,0
DA:401,0
DA:402,0
DA:403,0
DA:404,0
DA:405,0
DA:406,0
DA:407,0
DA:410,0
DA:411,0
DA:412,0
DA:415,0
DA:420,0
DA:421,0
DA:422,0
DA:425,0
DA:427,0
DA:434,0
DA:436,0
DA:444,0
DA:445,0
DA:446,0
DA:447,0
DA:448,0
DA:453,0
DA:454,0
DA:455,0
DA:456,0
DA:457,0
DA:458,0
DA:459,0
DA:460,0
DA:461,0
DA:462,0
DA:463,0
DA:464,0
DA:466,0
DA:473,0
DA:474,0
DA:475,0
DA:478,0
DA:479,0
DA:481,0
DA:482,0
DA:484,0
DA:491,0
DA:492,0
DA:494,0
DA:496,0
DA:497,0
DA:500,0
DA:501,0
LF:137
LH:0
BRDA:51,0,0,0
BRDA:51,0,1,0
BRDA:60,1,0,0
BRDA:71,2,0,0
BRDA:85,3,0,0
BRDA:85,3,1,0
BRDA:98,4,0,0
BRDA:98,4,1,0
BRDA:110,5,0,0
BRDA:110,5,1,0
BRDA:123,6,0,0
BRDA:123,6,1,0
BRDA:144,7,0,0
BRDA:157,8,0,0
BRDA:157,8,1,0
BRDA:169,9,0,0
BRDA:169,9,1,0
BRDA:172,10,0,0
BRDA:172,10,1,0
BRDA:206,11,0,0
BRDA:206,11,1,0
BRDA:212,12,0,0
BRDA:212,12,1,0
BRDA:236,13,0,0
BRDA:236,13,1,0
BRDA:236,14,0,0
BRDA:236,14,1,0
BRDA:265,15,0,0
BRDA:265,15,1,0
BRDA:285,16,0,0
BRDA:285,16,1,0
BRDA:319,17,0,0
BRDA:319,17,1,0
BRDA:335,18,0,0
BRDA:335,18,1,0
BRDA:335,19,0,0
BRDA:335,19,1,0
BRDA:362,20,0,0
BRDA:362,20,1,0
BRDA:365,21,0,0
BRDA:365,21,1,0
BRDA:365,22,0,0
BRDA:365,22,1,0
BRDA:365,22,2,0
BRDA:365,22,3,0
BRDA:473,23,0,0
BRDA:473,23,1,0
BRDA:474,24,0,0
BRDA:474,24,1,0
BRDA:491,25,0,0
BRDA:491,25,1,0
BRDA:497,26,0,0
BRDA:497,26,1,0
BRF:53
BRH:0
end_of_record
TN:
SF:src/tests/security/pentest/vuln-reporter.ts
FN:44,(anonymous_10)
FN:51,(anonymous_11)
FN:62,(anonymous_12)
FN:76,(anonymous_13)
FN:113,(anonymous_14)
FN:166,(anonymous_15)
FN:361,(anonymous_16)
FN:366,(anonymous_17)
FN:396,(anonymous_18)
FN:398,(anonymous_19)
FN:398,(anonymous_20)
FN:398,(anonymous_21)
FN:401,(anonymous_22)
FN:417,(anonymous_23)
FN:448,(anonymous_24)
FNF:15
FNH:0
FNDA:0,(anonymous_10)
FNDA:0,(anonymous_11)
FNDA:0,(anonymous_12)
FNDA:0,(anonymous_13)
FNDA:0,(anonymous_14)
FNDA:0,(anonymous_15)
FNDA:0,(anonymous_16)
FNDA:0,(anonymous_17)
FNDA:0,(anonymous_18)
FNDA:0,(anonymous_19)
FNDA:0,(anonymous_20)
FNDA:0,(anonymous_21)
FNDA:0,(anonymous_22)
FNDA:0,(anonymous_23)
FNDA:0,(anonymous_24)
DA:8,0
DA:9,0
DA:10,0
DA:41,0
DA:45,0
DA:52,0
DA:59,0
DA:63,0
DA:70,0
DA:77,0
DA:79,0
DA:80,0
DA:81,0
DA:82,0
DA:83,0
DA:84,0
DA:85,0
DA:86,0
DA:87,0
DA:88,0
DA:91,0
DA:92,0
DA:93,0
DA:94,0
DA:95,0
DA:96,0
DA:97,0
DA:98,0
DA:99,0
DA:100,0
DA:103,0
DA:104,0
DA:105,0
DA:106,0
DA:107,0
DA:110,0
DA:112,0
DA:113,0
DA:114,0
DA:116,0
DA:117,0
DA:119,0
DA:120,0
DA:121,0
DA:122,0
DA:123,0
DA:124,0
DA:125,0
DA:126,0
DA:127,0
DA:128,0
DA:129,0
DA:130,0
DA:131,0
DA:132,0
DA:134,0
DA:135,0
DA:136,0
DA:137,0
DA:138,0
DA:141,0
DA:142,0
DA:147,0
DA:148,0
DA:149,0
DA:150,0
DA:153,0
DA:154,0
DA:155,0
DA:156,0
DA:157,0
DA:158,0
DA:160,0
DA:167,0
DA:355,0
DA:362,0
DA:363,0
DA:366,0
DA:397,0
DA:398,0
DA:402,0
DA:403,0
DA:405,0
DA:406,0
DA:407,0
DA:408,0
DA:409,0
DA:410,0
DA:411,0
DA:412,0
DA:414,0
DA:418,0
DA:419,0
DA:421,0
DA:422,0
DA:423,0
DA:426,0
DA:427,0
DA:428,0
DA:431,0
DA:432,0
DA:433,0
DA:437,0
DA:438,0
DA:439,0
DA:440,0
DA:442,0
DA:449,0
DA:450,0
DA:451,0
DA:454,0
DA:455,0
DA:456,0
DA:458,0
DA:459,0
DA:461,0
DA:462,0
DA:464,0
DA:471,0
DA:472,0
DA:474,0
DA:475,0
DA:476,0
DA:479,0
DA:481,0
DA:482,0
DA:483,0
DA:486,0
DA:487,0
DA:488,0
LF:130
LH:0
BRDA:59,0,0,0
BRDA:59,0,1,0
BRDA:70,1,0,0
BRDA:70,1,1,0
BRDA:114,2,0,0
BRDA:114,2,1,0
BRDA:134,3,0,0
BRDA:134,3,1,0
BRDA:134,4,0,0
BRDA:134,4,1,0
BRDA:136,5,0,0
BRDA:136,5,1,0
BRDA:137,6,0,0
BRDA:137,6,1,0
BRDA:362,7,0,0
BRDA:362,7,1,0
BRDA:385,8,0,0
BRDA:385,8,1,0
BRDA:385,9,0,0
BRDA:385,9,1,0
BRDA:388,10,0,0
BRDA:388,10,1,0
BRDA:388,11,0,0
BRDA:388,11,1,0
BRDA:405,12,0,0
BRDA:405,12,1,0
BRDA:405,13,0,0
BRDA:405,13,1,0
BRDA:407,14,0,0
BRDA:407,14,1,0
BRDA:407,15,0,0
BRDA:407,15,1,0
BRDA:409,16,0,0
BRDA:409,16,1,0
BRDA:409,17,0,0
BRDA:409,17,1,0
BRDA:411,18,0,0
BRDA:411,18,1,0
BRDA:421,19,0,0
BRDA:421,19,1,0
BRDA:426,20,0,0
BRDA:426,20,1,0
BRDA:431,21,0,0
BRDA:431,21,1,0
BRDA:449,22,0,0
BRDA:449,22,1,0
BRDA:450,23,0,0
BRDA:450,23,1,0
BRDA:471,24,0,0
BRDA:471,24,1,0
BRDA:474,25,0,0
BRDA:474,25,1,0
BRDA:481,26,0,0
BRDA:481,26,1,0
BRF:54
BRH:0
end_of_record
TN:
SF:src/tests/security/utils/http-client.ts
FN:60,(anonymous_1)
FN:72,(anonymous_2)
FN:76,(anonymous_3)
FN:80,(anonymous_4)
FN:85,(anonymous_5)
FN:101,(anonymous_6)
FN:113,(anonymous_7)
FN:124,(anonymous_8)
FN:128,(anonymous_9)
FN:132,(anonymous_10)
FN:136,(anonymous_11)
FN:140,(anonymous_12)
FN:151,(anonymous_13)
FN:192,(anonymous_14)
FN:225,(anonymous_15)
FN:248,(anonymous_16)
FN:255,(anonymous_17)
FN:262,(anonymous_18)
FN:284,(anonymous_19)
FN:291,(anonymous_20)
FN:298,(anonymous_21)
FN:306,(anonymous_22)
FN:307,(anonymous_23)
FN:329,(anonymous_24)
FN:343,(anonymous_25)
FN:363,(anonymous_26)
FN:369,(anonymous_27)
FN:381,(anonymous_28)
FN:420,(anonymous_29)
FN:454,(anonymous_30)
FNF:30
FNH:0
FNDA:0,(anonymous_1)
FNDA:0,(anonymous_2)
FNDA:0,(anonymous_3)
FNDA:0,(anonymous_4)
FNDA:0,(anonymous_5)
FNDA:0,(anonymous_6)
FNDA:0,(anonymous_7)
FNDA:0,(anonymous_8)
FNDA:0,(anonymous_9)
FNDA:0,(anonymous_10)
FNDA:0,(anonymous_11)
FNDA:0,(anonymous_12)
FNDA:0,(anonymous_13)
FNDA:0,(anonymous_14)
FNDA:0,(anonymous_15)
FNDA:0,(anonymous_16)
FNDA:0,(anonymous_17)
FNDA:0,(anonymous_18)
FNDA:0,(anonymous_19)
FNDA:0,(anonymous_20)
FNDA:0,(anonymous_21)
FNDA:0,(anonymous_22)
FNDA:0,(anonymous_23)
FNDA:0,(anonymous_24)
FNDA:0,(anonymous_25)
FNDA:0,(anonymous_26)
FNDA:0,(anonymous_27)
FNDA:0,(anonymous_28)
FNDA:0,(anonymous_29)
FNDA:0,(anonymous_30)
DA:6,0
DA:7,0
DA:60,0
DA:61,0
DA:67,0
DA:69,0
DA:70,0
DA:73,0
DA:76,0
DA:80,0
DA:81,0
DA:82,0
DA:85,0
DA:86,0
DA:87,0
DA:88,0
DA:90,0
DA:102,0
DA:114,0
DA:125,0
DA:129,0
DA:133,0
DA:137,0
DA:141,0
DA:158,0
DA:160,0
DA:162,0
DA:164,0
DA:165,0
DA:167,0
DA:168,0
DA:170,0
DA:171,0
DA:173,0
DA:174,0
DA:176,0
DA:177,0
DA:179,0
DA:182,0
DA:186,0
DA:197,0
DA:198,0
DA:201,0
DA:202,0
DA:203,0
DA:204,0
DA:206,0
DA:207,0
DA:208,0
DA:209,0
DA:213,0
DA:214,0
DA:215,0
DA:219,0
DA:232,0
DA:233,0
DA:236,0
DA:238,0
DA:249,0
DA:256,0
DA:270,0
DA:285,0
DA:292,0
DA:304,0
DA:306,0
DA:307,0
DA:317,0
DA:318,0
DA:319,0
DA:323,0
DA:330,0
DA:331,0
DA:339,0
DA:344,0
DA:358,0
DA:359,0
DA:363,0
DA:370,0
DA:371,0
DA:375,0
DA:382,0
DA:383,0
DA:387,0
DA:390,0
DA:391,0
DA:395,0
DA:396,0
DA:400,0
DA:401,0
DA:405,0
DA:406,0
DA:410,0
DA:411,0
DA:414,0
DA:424,0
DA:425,0
DA:426,0
DA:429,0
DA:437,0
DA:438,0
DA:439,0
DA:444,0
DA:445,0
DA:448,0
DA:455,0
DA:460,0
LF:106
LH:0
BRDA:61,0,0,0
BRDA:61,0,1,0
BRDA:74,1,0,0
BRDA:74,1,1,0
BRDA:87,2,0,0
BRDA:87,2,1,0
BRDA:165,3,0,0
BRDA:165,3,1,0
BRDA:165,3,2,0
BRDA:165,3,3,0
BRDA:206,4,0,0
BRDA:206,4,1,0
BRDA:236,5,0,0
BRDA:236,5,1,0
BRDA:318,6,0,0
BRDA:318,6,1,0
BRDA:359,7,0,0
BRDA:359,7,1,0
BRDA:371,8,0,0
BRDA:371,8,1,0
BRDA:383,9,0,0
BRDA:383,9,1,0
BRDA:390,10,0,0
BRDA:390,10,1,0
BRDA:395,11,0,0
BRDA:395,11,1,0
BRDA:400,12,0,0
BRDA:400,12,1,0
BRDA:405,13,0,0
BRDA:405,13,1,0
BRDA:410,14,0,0
BRDA:410,14,1,0
BRDA:438,15,0,0
BRDA:438,15,1,0
BRDA:444,16,0,0
BRDA:444,16,1,0
BRDA:455,17,0,0
BRDA:455,17,1,0
BRF:38
BRH:0
end_of_record
TN:
SF:src/tests/security/utils/payloads.ts
FNF:0
FNH:0
DA:12,0
DA:66,0
DA:125,0
DA:162,0
DA:185,0
DA:199,0
DA:233,0
DA:263,0
DA:279,0
DA:288,0
DA:312,0
DA:325,0
LF:12
LH:0
BRF:0
BRH:0
end_of_record
TN:
SF:src/utils/cache.ts
FN:14,createCache
FN:28,getCache
FN:45,resetCache
FN:55,cacheGet
FN:65,cacheSet
FN:82,cacheDel
FN:92,cacheFlush
FN:102,cacheStats
FN:121,cacheMiddleware
FN:122,(anonymous_10)
FN:144,(anonymous_11)
FN:164,invalidateCache
FN:169,(anonymous_13)
FNF:13
FNH:0
FNDA:0,createCache
FNDA:0,getCache
FNDA:0,resetCache
FNDA:0,cacheGet
FNDA:0,cacheSet
FNDA:0,cacheDel
FNDA:0,cacheFlush
FNDA:0,cacheStats
FNDA:0,cacheMiddleware
FNDA:0,(anonymous_10)
FNDA:0,(anonymous_11)
FNDA:0,invalidateCache
FNDA:0,(anonymous_13)
DA:1,0
DA:2,0
DA:9,0
DA:14,0
DA:15,0
DA:17,0
DA:28,0
DA:29,0
DA:31,0
DA:32,0
DA:35,0
DA:36,0
DA:39,0
DA:45,0
DA:46,0
DA:47,0
DA:48,0
DA:55,0
DA:56,0
DA:57,0
DA:59,0
DA:65,0
DA:70,0
DA:71,0
DA:73,0
DA:74,0
DA:76,0
DA:82,0
DA:83,0
DA:84,0
DA:86,0
DA:92,0
DA:93,0
DA:94,0
DA:96,0
DA:102,0
DA:109,0
DA:110,0
DA:111,0
DA:114,0
DA:121,0
DA:122,0
DA:124,0
DA:125,0
DA:128,0
DA:129,0
DA:130,0
DA:133,0
DA:135,0
DA:137,0
DA:138,0
DA:139,0
DA:143,0
DA:144,0
DA:145,0
DA:146,0
DA:148,0
DA:150,0
DA:153,0
DA:155,0
DA:164,0
DA:165,0
DA:166,0
DA:168,0
DA:169,0
DA:171,0
DA:172,0
LF:67
LH:0
BRDA:31,0,0,0
BRDA:31,0,1,0
BRDA:35,1,0,0
BRDA:35,1,1,0
BRDA:46,2,0,0
BRDA:46,2,1,0
BRDA:57,3,0,0
BRDA:57,3,1,0
BRDA:71,4,0,0
BRDA:71,4,1,0
BRDA:73,5,0,0
BRDA:73,5,1,0
BRDA:84,6,0,0
BRDA:84,6,1,0
BRDA:94,7,0,0
BRDA:94,7,1,0
BRDA:110,8,0,0
BRDA:110,8,1,0
BRDA:124,9,0,0
BRDA:124,9,1,0
BRDA:129,10,0,0
BRDA:129,10,1,0
BRDA:133,11,0,0
BRDA:133,11,1,0
BRDA:138,12,0,0
BRDA:138,12,1,0
BRDA:145,13,0,0
BRDA:145,13,1,0
BRDA:166,14,0,0
BRDA:166,14,1,0
BRF:30
BRH:0
end_of_record
TN:
SF:src/utils/logger.ts
FN:15,createLogger
FN:72,getLogger
FN:82,resetLogger
FN:92,logInfo
FN:103,logError
FN:114,logWarn
FN:125,logDebug
FN:136,getLogsDir
FNF:8
FNH:0
FNDA:0,createLogger
FNDA:0,getLogger
FNDA:0,resetLogger
FNDA:0,logInfo
FNDA:0,logError
FNDA:0,logWarn
FNDA:0,logDebug
FNDA:0,getLogsDir
DA:1,0
DA:2,0
DA:3,0
DA:10,0
DA:15,0
DA:16,0
DA:18,0
DA:21,0
DA:22,0
DA:34,0
DA:46,0
DA:47,0
DA:57,0
DA:72,0
DA:73,0
DA:74,0
DA:76,0
DA:82,0
DA:83,0
DA:84,0
DA:85,0
DA:92,0
DA:93,0
DA:94,0
DA:96,0
DA:97,0
DA:103,0
DA:104,0
DA:105,0
DA:107,0
DA:108,0
DA:114,0
DA:115,0
DA:116,0
DA:118,0
DA:119,0
DA:125,0
DA:126,0
DA:127,0
DA:129,0
DA:130,0
DA:136,0
DA:137,0
LF:43
LH:0
BRDA:21,0,0,0
BRDA:21,0,1,0
BRDA:46,1,0,0
BRDA:46,1,1,0
BRDA:46,2,0,0
BRDA:46,2,1,0
BRDA:73,3,0,0
BRDA:73,3,1,0
BRDA:83,4,0,0
BRDA:83,4,1,0
BRDA:94,5,0,0
BRDA:94,5,1,0
BRDA:105,6,0,0
BRDA:105,6,1,0
BRDA:108,7,0,0
BRDA:108,7,1,0
BRDA:116,8,0,0
BRDA:116,8,1,0
BRDA:127,9,0,0
BRDA:127,9,1,0
BRDA:137,10,0,0
BRDA:137,10,1,0
BRF:22
BRH:0
end_of_record
TN:
SF:src/utils/passwordPolicy.ts
FN:14,validatePassword
FN:70,calculatePasswordStrength
FN:96,isPasswordReused
FN:128,savePasswordToHistory
FN:164,isPasswordExpired
FN:190,createPasswordSchema
FN:224,getPasswordRequirements
FNF:7
FNH:7
FNDA:3,validatePassword
FNDA:5,calculatePasswordStrength
FNDA:3,isPasswordReused
FNDA:2,savePasswordToHistory
FNDA:4,isPasswordExpired
FNDA:1,createPasswordSchema
FNDA:1,getPasswordRequirements
DA:1,1
DA:2,1
DA:3,1
DA:4,1
DA:14,1
DA:19,3
DA:20,3
DA:23,3
DA:24,1
DA:28,2
DA:29,1
DA:33,2
DA:34,1
DA:38,2
DA:39,0
DA:43,2
DA:44,1
DA:48,2
DA:49,1
DA:53,2
DA:54,0
DA:58,2
DA:60,2
DA:70,1
DA:71,5
DA:74,5
DA:75,3
DA:78,5
DA:79,5
DA:80,5
DA:81,5
DA:84,5
DA:87,5
DA:88,3
DA:89,2
DA:90,2
DA:96,1
DA:100,3
DA:103,3
DA:104,1
DA:108,2
DA:115,2
DA:116,3
DA:117,3
DA:118,1
DA:122,1
DA:128,1
DA:132,2
DA:135,2
DA:136,1
DA:140,1
DA:148,1
DA:154,1
DA:155,2
DA:164,1
DA:168,4
DA:171,4
DA:172,2
DA:176,2
DA:177,0
DA:180,2
DA:181,2
DA:182,2
DA:184,2
DA:190,1
DA:191,1
DA:193,1
DA:195,1
DA:196,1
DA:201,1
DA:202,1
DA:205,1
DA:206,1
DA:209,1
DA:210,1
DA:213,1
DA:214,1
DA:218,1
DA:224,1
DA:225,1
DA:227,1
DA:228,0
DA:231,1
DA:235,1
DA:236,1
DA:239,1
DA:240,1
DA:243,1
DA:244,1
DA:247,1
DA:248,1
DA:251,1
DA:252,1
DA:255,1
DA:256,1
DA:259,1
LF:96
LH:92
BRDA:23,0,0,1
BRDA:23,0,1,2
BRDA:28,1,0,1
BRDA:28,1,1,1
BRDA:33,2,0,1
BRDA:33,2,1,1
BRDA:33,3,0,2
BRDA:33,3,1,2
BRDA:38,4,0,0
BRDA:38,4,1,2
BRDA:38,5,0,2
BRDA:38,5,1,2
BRDA:43,6,0,1
BRDA:43,6,1,1
BRDA:43,7,0,2
BRDA:43,7,1,2
BRDA:48,8,0,1
BRDA:48,8,1,1
BRDA:48,9,0,2
BRDA:48,9,1,2
BRDA:53,10,0,0
BRDA:53,10,1,2
BRDA:74,11,0,2
BRDA:74,11,1,3
BRDA:75,12,0,1
BRDA:75,12,1,2
BRDA:78,13,0,3
BRDA:78,13,1,2
BRDA:79,14,0,5
BRDA:79,14,1,0
BRDA:80,15,0,3
BRDA:80,15,1,2
BRDA:81,16,0,2
BRDA:81,16,1,3
BRDA:84,17,0,2
BRDA:84,17,1,3
BRDA:87,18,0,2
BRDA:87,18,1,3
BRDA:88,19,0,1
BRDA:88,19,1,2
BRDA:89,20,0,0
BRDA:89,20,1,2
BRDA:103,21,0,1
BRDA:103,21,1,2
BRDA:117,22,0,1
BRDA:117,22,1,2
BRDA:135,23,0,1
BRDA:135,23,1,1
BRDA:171,24,0,2
BRDA:171,24,1,2
BRDA:176,25,0,0
BRDA:176,25,1,2
BRDA:195,26,0,1
BRDA:195,26,1,0
BRDA:201,27,0,1
BRDA:201,27,1,0
BRDA:205,28,0,1
BRDA:205,28,1,0
BRDA:209,29,0,1
BRDA:209,29,1,0
BRDA:213,30,0,1
BRDA:213,30,1,0
BRDA:227,31,0,0
BRDA:227,31,1,1
BRDA:235,32,0,1
BRDA:235,32,1,0
BRDA:239,33,0,1
BRDA:239,33,1,0
BRDA:243,34,0,1
BRDA:243,34,1,0
BRDA:247,35,0,1
BRDA:247,35,1,0
BRDA:251,36,0,1
BRDA:251,36,1,0
BRDA:255,37,0,1
BRDA:255,37,1,0
BRF:76
BRH:59
end_of_record
TN:
SF:src/utils/prisma.ts
FNF:0
FNH:0
DA:2,1
DA:4,1
DA:6,1
LF:3
LH:3
BRF:0
BRH:0
end_of_record
TN:
SF:src/utils/settings.ts
FN:18,getSettings
FN:48,updateSettings
FN:72,getSetting
FN:82,clearSettingsCache
FN:87,validateSettings
FN:115,getRateLimitSettings
FN:128,getLoggingSettings
FN:141,getBackupSettings
FN:155,getPasswordPolicySettings
FN:172,getCachingSettings
FN:184,getEmailSettings
FN:199,isFeatureEnabled
FNF:12
FNH:1
FNDA:0,getSettings
FNDA:0,updateSettings
FNDA:0,getSetting
FNDA:0,clearSettingsCache
FNDA:5,validateSettings
FNDA:0,getRateLimitSettings
FNDA:0,getLoggingSettings
FNDA:0,getBackupSettings
FNDA:0,getPasswordPolicySettings
FNDA:0,getCachingSettings
FNDA:0,getEmailSettings
FNDA:0,isFeatureEnabled
DA:1,1
DA:10,1
DA:11,1
DA:12,1
DA:18,1
DA:19,0
DA:22,0
DA:23,0
DA:27,0
DA:30,0
DA:31,0
DA:37,0
DA:38,0
DA:40,0
DA:48,1
DA:52,0
DA:54,0
DA:63,0
DA:64,0
DA:66,0
DA:72,1
DA:75,0
DA:76,0
DA:82,1
DA:83,0
DA:84,0
DA:87,1
DA:90,5
DA:92,5
DA:93,1
DA:96,5
DA:97,1
DA:100,5
DA:101,1
DA:104,5
DA:115,1
DA:116,0
DA:117,0
DA:128,1
DA:129,0
DA:130,0
DA:141,1
DA:142,0
DA:143,0
DA:155,1
DA:156,0
DA:157,0
DA:172,1
DA:173,0
DA:174,0
DA:184,1
DA:185,0
DA:186,0
DA:199,1
DA:202,0
DA:204,0
DA:206,0
DA:208,0
DA:210,0
DA:212,0
DA:214,0
DA:216,0
DA:218,0
LF:63
LH:24
BRDA:22,0,0,0
BRDA:22,0,1,0
BRDA:22,1,0,0
BRDA:22,1,1,0
BRDA:30,2,0,0
BRDA:30,2,1,0
BRDA:92,3,0,1
BRDA:92,3,1,4
BRDA:92,4,0,5
BRDA:92,4,1,3
BRDA:96,5,0,1
BRDA:96,5,1,4
BRDA:96,6,0,5
BRDA:96,6,1,3
BRDA:100,7,0,1
BRDA:100,7,1,4
BRDA:100,8,0,5
BRDA:100,8,1,2
BRDA:204,9,0,0
BRDA:204,9,1,0
BRDA:204,9,2,0
BRDA:204,9,3,0
BRDA:204,9,4,0
BRDA:204,9,5,0
BRDA:204,9,6,0
BRF:25
BRH:12
end_of_record
TN:
SF:src/utils/swagger.ts
FN:110,setupSwagger
FN:119,(anonymous_2)
FNF:2
FNH:0
FNDA:0,setupSwagger
FNDA:0,(anonymous_2)
DA:1,0
DA:2,0
DA:5,0
DA:108,0
DA:110,0
DA:112,0
DA:119,0
DA:120,0
DA:121,0
DA:124,0
DA:127,0
LF:11
LH:0
BRF:0
BRH:0
end_of_record
